000 (565504.000.000) 2024-05-06 00:12:28 Job submitted from host: <155.230.23.72:9618?addrs=155.230.23.72-9618&alias=cms02.knu.ac.kr&noUDP&sock=schedd_1702_0247>
...
000 (565504.001.000) 2024-05-06 00:12:28 Job submitted from host: <155.230.23.72:9618?addrs=155.230.23.72-9618&alias=cms02.knu.ac.kr&noUDP&sock=schedd_1702_0247>
...
000 (565504.002.000) 2024-05-06 00:12:28 Job submitted from host: <155.230.23.72:9618?addrs=155.230.23.72-9618&alias=cms02.knu.ac.kr&noUDP&sock=schedd_1702_0247>
...
000 (565504.003.000) 2024-05-06 00:12:28 Job submitted from host: <155.230.23.72:9618?addrs=155.230.23.72-9618&alias=cms02.knu.ac.kr&noUDP&sock=schedd_1702_0247>
...
000 (565504.004.000) 2024-05-06 00:12:28 Job submitted from host: <155.230.23.72:9618?addrs=155.230.23.72-9618&alias=cms02.knu.ac.kr&noUDP&sock=schedd_1702_0247>
...
000 (565504.005.000) 2024-05-06 00:12:28 Job submitted from host: <155.230.23.72:9618?addrs=155.230.23.72-9618&alias=cms02.knu.ac.kr&noUDP&sock=schedd_1702_0247>
...
000 (565504.006.000) 2024-05-06 00:12:28 Job submitted from host: <155.230.23.72:9618?addrs=155.230.23.72-9618&alias=cms02.knu.ac.kr&noUDP&sock=schedd_1702_0247>
...
000 (565504.007.000) 2024-05-06 00:12:28 Job submitted from host: <155.230.23.72:9618?addrs=155.230.23.72-9618&alias=cms02.knu.ac.kr&noUDP&sock=schedd_1702_0247>
...
000 (565504.008.000) 2024-05-06 00:12:28 Job submitted from host: <155.230.23.72:9618?addrs=155.230.23.72-9618&alias=cms02.knu.ac.kr&noUDP&sock=schedd_1702_0247>
...
000 (565504.009.000) 2024-05-06 00:12:28 Job submitted from host: <155.230.23.72:9618?addrs=155.230.23.72-9618&alias=cms02.knu.ac.kr&noUDP&sock=schedd_1702_0247>
...
000 (565504.010.000) 2024-05-06 00:12:28 Job submitted from host: <155.230.23.72:9618?addrs=155.230.23.72-9618&alias=cms02.knu.ac.kr&noUDP&sock=schedd_1702_0247>
...
000 (565504.011.000) 2024-05-06 00:12:28 Job submitted from host: <155.230.23.72:9618?addrs=155.230.23.72-9618&alias=cms02.knu.ac.kr&noUDP&sock=schedd_1702_0247>
...
000 (565504.012.000) 2024-05-06 00:12:28 Job submitted from host: <155.230.23.72:9618?addrs=155.230.23.72-9618&alias=cms02.knu.ac.kr&noUDP&sock=schedd_1702_0247>
...
000 (565504.013.000) 2024-05-06 00:12:28 Job submitted from host: <155.230.23.72:9618?addrs=155.230.23.72-9618&alias=cms02.knu.ac.kr&noUDP&sock=schedd_1702_0247>
...
000 (565504.014.000) 2024-05-06 00:12:28 Job submitted from host: <155.230.23.72:9618?addrs=155.230.23.72-9618&alias=cms02.knu.ac.kr&noUDP&sock=schedd_1702_0247>
...
000 (565504.015.000) 2024-05-06 00:12:28 Job submitted from host: <155.230.23.72:9618?addrs=155.230.23.72-9618&alias=cms02.knu.ac.kr&noUDP&sock=schedd_1702_0247>
...
000 (565504.016.000) 2024-05-06 00:12:28 Job submitted from host: <155.230.23.72:9618?addrs=155.230.23.72-9618&alias=cms02.knu.ac.kr&noUDP&sock=schedd_1702_0247>
...
000 (565504.017.000) 2024-05-06 00:12:28 Job submitted from host: <155.230.23.72:9618?addrs=155.230.23.72-9618&alias=cms02.knu.ac.kr&noUDP&sock=schedd_1702_0247>
...
000 (565504.018.000) 2024-05-06 00:12:28 Job submitted from host: <155.230.23.72:9618?addrs=155.230.23.72-9618&alias=cms02.knu.ac.kr&noUDP&sock=schedd_1702_0247>
...
000 (565504.019.000) 2024-05-06 00:12:28 Job submitted from host: <155.230.23.72:9618?addrs=155.230.23.72-9618&alias=cms02.knu.ac.kr&noUDP&sock=schedd_1702_0247>
...
040 (565504.002.000) 2024-05-06 00:12:38 Started transferring input files
	Transferring to host: <155.230.21.96:9618?addrs=155.230.21.96-9618+[2407-c000-c024-0-e2cb-4eff-fe53-cf19]-9618&alias=cluster296.knu.ac.kr&noUDP&sock=slot1_3_1676_a4bd_3184>
...
040 (565504.002.000) 2024-05-06 00:12:38 Finished transferring input files
...
040 (565504.000.000) 2024-05-06 00:12:38 Started transferring input files
	Transferring to host: <155.230.21.43:9618?addrs=155.230.21.43-9618+[2407-c000-c024-0-226-18ff-fe94-3c21]-9618&alias=cluster243.knu.ac.kr&noUDP&sock=slot1_3_7076_6e99_5594>
...
040 (565504.000.000) 2024-05-06 00:12:38 Finished transferring input files
...
001 (565504.002.000) 2024-05-06 00:12:39 Job executing on host: <155.230.21.96:9618?addrs=155.230.21.96-9618+[2407-c000-c024-0-e2cb-4eff-fe53-cf19]-9618&alias=cluster296.knu.ac.kr&noUDP&sock=startd_1640_7b68>
	SlotName: slot1_3@cluster296.knu.ac.kr
...
001 (565504.000.000) 2024-05-06 00:12:39 Job executing on host: <155.230.21.43:9618?addrs=155.230.21.43-9618+[2407-c000-c024-0-226-18ff-fe94-3c21]-9618&alias=cluster243.knu.ac.kr&noUDP&sock=startd_6305_48b7>
	SlotName: slot1_3@cluster243.knu.ac.kr
...
040 (565504.003.000) 2024-05-06 00:12:39 Started transferring input files
	Transferring to host: <155.230.21.142:9618?addrs=155.230.21.142-9618+[2407-c000-c024-0-2e0-81ff-fee2-dcee]-9618&alias=cluster342.knu.ac.kr&noUDP&sock=slot1_4_5552_a2db_3391>
...
040 (565504.004.000) 2024-05-06 00:12:39 Started transferring input files
	Transferring to host: <155.230.21.90:9618?addrs=155.230.21.90-9618&alias=cluster290.knu.ac.kr&noUDP&sock=slot1_4_1813_2c23_1014>
...
040 (565504.003.000) 2024-05-06 00:12:39 Finished transferring input files
...
040 (565504.004.000) 2024-05-06 00:12:39 Finished transferring input files
...
040 (565504.001.000) 2024-05-06 00:12:40 Started transferring input files
	Transferring to host: <155.230.21.149:9618?addrs=155.230.21.149-9618+[2407-c000-c024-0-230-48ff-feca-cdba]-9618&alias=cluster349.knu.ac.kr&noUDP&sock=slot1_3_6409_785e_1742>
...
040 (565504.001.000) 2024-05-06 00:12:40 Finished transferring input files
...
040 (565504.005.000) 2024-05-06 00:12:40 Started transferring input files
	Transferring to host: <155.230.21.86:9618?addrs=155.230.21.86-9618&alias=cluster286.knu.ac.kr&noUDP&sock=slot1_2_4760_99bb_2748>
...
040 (565504.008.000) 2024-05-06 00:12:40 Started transferring input files
	Transferring to host: <155.230.21.152:9618?addrs=155.230.21.152-9618+[2407-c000-c024-0-225-90ff-fe78-6e24]-9618&alias=cluster352.knu.ac.kr&noUDP&sock=slot1_2_1904_4a47_11007>
...
040 (565504.005.000) 2024-05-06 00:12:40 Finished transferring input files
...
040 (565504.008.000) 2024-05-06 00:12:40 Finished transferring input files
...
040 (565504.006.000) 2024-05-06 00:12:40 Started transferring input files
	Transferring to host: <155.230.21.79:9618?addrs=155.230.21.79-9618+[2407-c000-c024-0-beae-c5ff-fe1a-4ba6]-9618&alias=cluster279.knu.ac.kr&noUDP&sock=slot1_3_1853_5b24_904>
...
040 (565504.006.000) 2024-05-06 00:12:40 Finished transferring input files
...
001 (565504.003.000) 2024-05-06 00:12:40 Job executing on host: <155.230.21.142:9618?addrs=155.230.21.142-9618+[2407-c000-c024-0-2e0-81ff-fee2-dcee]-9618&alias=cluster342.knu.ac.kr&noUDP&sock=startd_4930_25fe>
	SlotName: slot1_4@cluster342.knu.ac.kr
	CondorScratchDir = "/home/condor/dir_2319"
	Cpus = 1
	Disk = 1906420
	Memory = 2100
...
001 (565504.004.000) 2024-05-06 00:12:41 Job executing on host: <155.230.21.90:9618?addrs=155.230.21.90-9618&alias=cluster290.knu.ac.kr&noUDP&sock=startd_1776_c44a>
	SlotName: slot1_4@cluster290.knu.ac.kr
	CondorScratchDir = "/home/condor/dir_6303"
	Cpus = 1
	Disk = 1899838
	Memory = 2100
...
001 (565504.001.000) 2024-05-06 00:12:41 Job executing on host: <155.230.21.149:9618?addrs=155.230.21.149-9618+[2407-c000-c024-0-230-48ff-feca-cdba]-9618&alias=cluster349.knu.ac.kr&noUDP&sock=startd_5735_4fbb>
	SlotName: slot1_3@cluster349.knu.ac.kr
	CondorScratchDir = "/home/condor/dir_24415"
	Cpus = 1
	Disk = 1904352
	Memory = 2100
...
040 (565504.007.000) 2024-05-06 00:12:41 Started transferring input files
	Transferring to host: <155.230.21.88:9618?addrs=155.230.21.88-9618+[2407-c000-c024-0-f66d-4ff-fe2e-8359]-9618&alias=cluster288.knu.ac.kr&noUDP&sock=slot1_3_1811_c363_2120>
...
040 (565504.007.000) 2024-05-06 00:12:41 Finished transferring input files
...
040 (565504.010.000) 2024-05-06 00:12:41 Started transferring input files
	Transferring to host: <155.230.21.110:9618?addrs=155.230.21.110-9618&alias=cluster310.knu.ac.kr&noUDP&sock=slot1_2_1738_5400_1134>
...
040 (565504.010.000) 2024-05-06 00:12:41 Finished transferring input files
...
001 (565504.005.000) 2024-05-06 00:12:41 Job executing on host: <155.230.21.86:9618?addrs=155.230.21.86-9618&alias=cluster286.knu.ac.kr&noUDP&sock=startd_4251_6930>
	SlotName: slot1_2@cluster286.knu.ac.kr
	CondorScratchDir = "/home/condor/dir_5322"
	Cpus = 1
	Disk = 1903760
	Memory = 2100
...
001 (565504.008.000) 2024-05-06 00:12:41 Job executing on host: <155.230.21.152:9618?addrs=155.230.21.152-9618+[2407-c000-c024-0-225-90ff-fe78-6e24]-9618&alias=cluster352.knu.ac.kr&noUDP&sock=startd_1866_7fd0>
	SlotName: slot1_2@cluster352.knu.ac.kr
	CondorScratchDir = "/home/condor/dir_29331"
	Cpus = 1
	Disk = 1948177
	Memory = 2100
...
001 (565504.006.000) 2024-05-06 00:12:41 Job executing on host: <155.230.21.79:9618?addrs=155.230.21.79-9618+[2407-c000-c024-0-beae-c5ff-fe1a-4ba6]-9618&alias=cluster279.knu.ac.kr&noUDP&sock=startd_1817_e3ac>
	SlotName: slot1_3@cluster279.knu.ac.kr
	CondorScratchDir = "/home/condor/dir_15001"
	Cpus = 1
	Disk = 1912020
	Memory = 2100
...
040 (565504.009.000) 2024-05-06 00:12:41 Started transferring input files
	Transferring to host: <155.230.21.113:9618?addrs=155.230.21.113-9618+[2407-c000-c024-0-a60-6eff-fe17-c80e]-9618&alias=cluster313.knu.ac.kr&noUDP&sock=slot1_3_2127_69f0_1269>
...
040 (565504.009.000) 2024-05-06 00:12:41 Finished transferring input files
...
001 (565504.007.000) 2024-05-06 00:12:42 Job executing on host: <155.230.21.88:9618?addrs=155.230.21.88-9618+[2407-c000-c024-0-f66d-4ff-fe2e-8359]-9618&alias=cluster288.knu.ac.kr&noUDP&sock=startd_1776_c44a>
	SlotName: slot1_3@cluster288.knu.ac.kr
...
001 (565504.010.000) 2024-05-06 00:12:42 Job executing on host: <155.230.21.110:9618?addrs=155.230.21.110-9618&alias=cluster310.knu.ac.kr&noUDP&sock=startd_1690_c724>
	SlotName: slot1_2@cluster310.knu.ac.kr
	CondorScratchDir = "/home/condor/dir_32543"
	Cpus = 1
	Disk = 1921359
	Memory = 2100
...
001 (565504.009.000) 2024-05-06 00:12:42 Job executing on host: <155.230.21.113:9618?addrs=155.230.21.113-9618+[2407-c000-c024-0-a60-6eff-fe17-c80e]-9618&alias=cluster313.knu.ac.kr&noUDP&sock=startd_2091_d49f>
	SlotName: slot1_3@cluster313.knu.ac.kr
	CondorScratchDir = "/home/condor/dir_4232"
	Cpus = 1
	Disk = 1892077
	Memory = 2100
...
040 (565504.011.000) 2024-05-06 00:12:42 Started transferring input files
	Transferring to host: <155.230.21.109:9618?addrs=155.230.21.109-9618&alias=cluster309.knu.ac.kr&noUDP&sock=slot1_2_1766_0e81_1174>
...
040 (565504.013.000) 2024-05-06 00:12:42 Started transferring input files
	Transferring to host: <155.230.21.111:9618?addrs=155.230.21.111-9618&alias=cluster311.knu.ac.kr&noUDP&sock=slot1_2_1739_0860_1162>
...
040 (565504.011.000) 2024-05-06 00:12:42 Finished transferring input files
...
040 (565504.012.000) 2024-05-06 00:12:42 Started transferring input files
	Transferring to host: <155.230.21.108:9618?addrs=155.230.21.108-9618&alias=cluster308.knu.ac.kr&noUDP&sock=slot1_2_1923_ad67_1055>
...
040 (565504.013.000) 2024-05-06 00:12:42 Finished transferring input files
...
040 (565504.012.000) 2024-05-06 00:12:42 Finished transferring input files
...
001 (565504.011.000) 2024-05-06 00:12:43 Job executing on host: <155.230.21.109:9618?addrs=155.230.21.109-9618&alias=cluster309.knu.ac.kr&noUDP&sock=startd_1730_36ee>
	SlotName: slot1_2@cluster309.knu.ac.kr
	CondorScratchDir = "/home/condor/dir_2083"
	Cpus = 1
	Disk = 1921459
	Memory = 2100
...
001 (565504.013.000) 2024-05-06 00:12:43 Job executing on host: <155.230.21.111:9618?addrs=155.230.21.111-9618&alias=cluster311.knu.ac.kr&noUDP&sock=startd_1703_b1e0>
	SlotName: slot1_2@cluster311.knu.ac.kr
	CondorScratchDir = "/home/condor/dir_28600"
	Cpus = 1
	Disk = 1915823
	Memory = 2100
...
001 (565504.012.000) 2024-05-06 00:12:43 Job executing on host: <155.230.21.108:9618?addrs=155.230.21.108-9618&alias=cluster308.knu.ac.kr&noUDP&sock=startd_1879_6a8b>
	SlotName: slot1_2@cluster308.knu.ac.kr
	CondorScratchDir = "/home/condor/dir_20691"
	Cpus = 1
	Disk = 1900742
	Memory = 2100
...
040 (565504.015.000) 2024-05-06 00:12:44 Started transferring input files
	Transferring to host: <155.230.21.112:9618?addrs=155.230.21.112-9618&alias=cluster312.knu.ac.kr&noUDP&sock=slot1_2_1899_c466_962>
...
040 (565504.014.000) 2024-05-06 00:12:44 Started transferring input files
	Transferring to host: <155.230.21.96:9618?addrs=155.230.21.96-9618+[2407-c000-c024-0-e2cb-4eff-fe53-cf19]-9618&alias=cluster296.knu.ac.kr&noUDP&sock=slot1_4_1676_a4bd_3185>
...
040 (565504.015.000) 2024-05-06 00:12:44 Finished transferring input files
...
040 (565504.014.000) 2024-05-06 00:12:44 Finished transferring input files
...
040 (565504.017.000) 2024-05-06 00:12:44 Started transferring input files
	Transferring to host: <155.230.21.149:9618?addrs=155.230.21.149-9618+[2407-c000-c024-0-230-48ff-feca-cdba]-9618&alias=cluster349.knu.ac.kr&noUDP&sock=slot1_4_6409_785e_1743>
...
040 (565504.017.000) 2024-05-06 00:12:44 Finished transferring input files
...
040 (565504.018.000) 2024-05-06 00:12:44 Started transferring input files
	Transferring to host: <155.230.21.142:9618?addrs=155.230.21.142-9618+[2407-c000-c024-0-2e0-81ff-fee2-dcee]-9618&alias=cluster342.knu.ac.kr&noUDP&sock=slot1_5_5552_a2db_3392>
...
040 (565504.019.000) 2024-05-06 00:12:44 Started transferring input files
	Transferring to host: <155.230.21.90:9618?addrs=155.230.21.90-9618&alias=cluster290.knu.ac.kr&noUDP&sock=slot1_5_1813_2c23_1015>
...
040 (565504.018.000) 2024-05-06 00:12:44 Finished transferring input files
...
040 (565504.019.000) 2024-05-06 00:12:44 Finished transferring input files
...
040 (565504.016.000) 2024-05-06 00:12:44 Started transferring input files
	Transferring to host: <155.230.21.43:9618?addrs=155.230.21.43-9618+[2407-c000-c024-0-226-18ff-fe94-3c21]-9618&alias=cluster243.knu.ac.kr&noUDP&sock=slot1_4_7076_6e99_5595>
...
040 (565504.016.000) 2024-05-06 00:12:44 Finished transferring input files
...
001 (565504.015.000) 2024-05-06 00:12:45 Job executing on host: <155.230.21.112:9618?addrs=155.230.21.112-9618&alias=cluster312.knu.ac.kr&noUDP&sock=startd_1863_7107>
	SlotName: slot1_2@cluster312.knu.ac.kr
	CondorScratchDir = "/home/condor/dir_18993"
	Cpus = 1
	Disk = 1904180
	Memory = 2100
...
001 (565504.014.000) 2024-05-06 00:12:45 Job executing on host: <155.230.21.96:9618?addrs=155.230.21.96-9618+[2407-c000-c024-0-e2cb-4eff-fe53-cf19]-9618&alias=cluster296.knu.ac.kr&noUDP&sock=startd_1640_7b68>
	SlotName: slot1_4@cluster296.knu.ac.kr
...
001 (565504.017.000) 2024-05-06 00:12:45 Job executing on host: <155.230.21.149:9618?addrs=155.230.21.149-9618+[2407-c000-c024-0-230-48ff-feca-cdba]-9618&alias=cluster349.knu.ac.kr&noUDP&sock=startd_5735_4fbb>
	SlotName: slot1_4@cluster349.knu.ac.kr
	CondorScratchDir = "/home/condor/dir_24673"
	Cpus = 1
	Disk = 1904352
	Memory = 2100
...
001 (565504.018.000) 2024-05-06 00:12:45 Job executing on host: <155.230.21.142:9618?addrs=155.230.21.142-9618+[2407-c000-c024-0-2e0-81ff-fee2-dcee]-9618&alias=cluster342.knu.ac.kr&noUDP&sock=startd_4930_25fe>
	SlotName: slot1_5@cluster342.knu.ac.kr
	CondorScratchDir = "/home/condor/dir_2668"
	Cpus = 1
	Disk = 1906420
	Memory = 2100
...
001 (565504.019.000) 2024-05-06 00:12:45 Job executing on host: <155.230.21.90:9618?addrs=155.230.21.90-9618&alias=cluster290.knu.ac.kr&noUDP&sock=startd_1776_c44a>
	SlotName: slot1_5@cluster290.knu.ac.kr
	CondorScratchDir = "/home/condor/dir_6486"
	Cpus = 1
	Disk = 1899838
	Memory = 2100
...
001 (565504.016.000) 2024-05-06 00:12:45 Job executing on host: <155.230.21.43:9618?addrs=155.230.21.43-9618+[2407-c000-c024-0-226-18ff-fe94-3c21]-9618&alias=cluster243.knu.ac.kr&noUDP&sock=startd_6305_48b7>
	SlotName: slot1_4@cluster243.knu.ac.kr
...
006 (565504.002.000) 2024-05-06 00:12:48 Image size of job updated: 876180
	204  -  MemoryUsage of job (MB)
	208240  -  ResidentSetSize of job (KB)
...
006 (565504.000.000) 2024-05-06 00:12:48 Image size of job updated: 872916
	168  -  MemoryUsage of job (MB)
	171596  -  ResidentSetSize of job (KB)
...
006 (565504.003.000) 2024-05-06 00:12:49 Image size of job updated: 205396
	201  -  MemoryUsage of job (MB)
	205336  -  ResidentSetSize of job (KB)
...
006 (565504.004.000) 2024-05-06 00:12:49 Image size of job updated: 207428
	203  -  MemoryUsage of job (MB)
	207240  -  ResidentSetSize of job (KB)
...
006 (565504.001.000) 2024-05-06 00:12:49 Image size of job updated: 40852
	35  -  MemoryUsage of job (MB)
	34956  -  ResidentSetSize of job (KB)
...
006 (565504.005.000) 2024-05-06 00:12:49 Image size of job updated: 204824
	200  -  MemoryUsage of job (MB)
	204756  -  ResidentSetSize of job (KB)
...
006 (565504.008.000) 2024-05-06 00:12:50 Image size of job updated: 205404
	201  -  MemoryUsage of job (MB)
	205260  -  ResidentSetSize of job (KB)
...
006 (565504.006.000) 2024-05-06 00:12:50 Image size of job updated: 205240
	201  -  MemoryUsage of job (MB)
	205084  -  ResidentSetSize of job (KB)
...
006 (565504.007.000) 2024-05-06 00:12:51 Image size of job updated: 974788
	205  -  MemoryUsage of job (MB)
	209904  -  ResidentSetSize of job (KB)
...
006 (565504.010.000) 2024-05-06 00:12:51 Image size of job updated: 209204
	204  -  MemoryUsage of job (MB)
	208848  -  ResidentSetSize of job (KB)
...
006 (565504.009.000) 2024-05-06 00:12:51 Image size of job updated: 198604
	194  -  MemoryUsage of job (MB)
	198604  -  ResidentSetSize of job (KB)
...
006 (565504.011.000) 2024-05-06 00:12:52 Image size of job updated: 203928
	200  -  MemoryUsage of job (MB)
	203872  -  ResidentSetSize of job (KB)
...
006 (565504.012.000) 2024-05-06 00:12:52 Image size of job updated: 209632
	205  -  MemoryUsage of job (MB)
	209588  -  ResidentSetSize of job (KB)
...
006 (565504.013.000) 2024-05-06 00:12:52 Image size of job updated: 207580
	203  -  MemoryUsage of job (MB)
	207392  -  ResidentSetSize of job (KB)
...
006 (565504.015.000) 2024-05-06 00:12:53 Image size of job updated: 208172
	204  -  MemoryUsage of job (MB)
	208032  -  ResidentSetSize of job (KB)
...
006 (565504.014.000) 2024-05-06 00:12:53 Image size of job updated: 799460
	199  -  MemoryUsage of job (MB)
	202928  -  ResidentSetSize of job (KB)
...
006 (565504.017.000) 2024-05-06 00:12:53 Image size of job updated: 42252
	39  -  MemoryUsage of job (MB)
	39544  -  ResidentSetSize of job (KB)
...
006 (565504.018.000) 2024-05-06 00:12:54 Image size of job updated: 211636
	207  -  MemoryUsage of job (MB)
	211632  -  ResidentSetSize of job (KB)
...
006 (565504.019.000) 2024-05-06 00:12:54 Image size of job updated: 209520
	205  -  MemoryUsage of job (MB)
	209396  -  ResidentSetSize of job (KB)
...
006 (565504.016.000) 2024-05-06 00:12:54 Image size of job updated: 172852
	169  -  MemoryUsage of job (MB)
	172852  -  ResidentSetSize of job (KB)
...
006 (565504.012.000) 2024-05-06 00:15:00 Image size of job updated: 726928
	205  -  MemoryUsage of job (MB)
	209588  -  ResidentSetSize of job (KB)
...
040 (565504.012.000) 2024-05-06 00:15:00 Started transferring output files
...
040 (565504.012.000) 2024-05-06 00:15:00 Finished transferring output files
...
005 (565504.012.000) 2024-05-06 00:15:00 Job terminated.
	(1) Normal termination (return value 0)
		Usr 0 00:00:48, Sys 0 00:00:02  -  Run Remote Usage
		Usr 0 00:00:00, Sys 0 00:00:00  -  Run Local Usage
		Usr 0 00:00:48, Sys 0 00:00:02  -  Total Remote Usage
		Usr 0 00:00:00, Sys 0 00:00:00  -  Total Local Usage
	347507  -  Run Bytes Sent By Job
	964536  -  Run Bytes Received By Job
	347507  -  Total Bytes Sent By Job
	964536  -  Total Bytes Received By Job
	Partitionable Resources :    Usage  Request Allocated 
	   Cpus                 :     0.41        1         1 
	   Disk (KB)            :  1298        1000   1900742 
	   Memory (MB)          :   205        2048      2100 

	Job terminated of its own accord at 2024-05-05T15:15:00Z with exit-code 0.
...
006 (565504.001.000) 2024-05-06 00:17:49 Image size of job updated: 734008
	702  -  MemoryUsage of job (MB)
	718300  -  ResidentSetSize of job (KB)
...
006 (565504.004.000) 2024-05-06 00:17:49 Image size of job updated: 706004
	690  -  MemoryUsage of job (MB)
	705948  -  ResidentSetSize of job (KB)
...
006 (565504.003.000) 2024-05-06 00:17:49 Image size of job updated: 786688
	768  -  MemoryUsage of job (MB)
	785484  -  ResidentSetSize of job (KB)
...
006 (565504.005.000) 2024-05-06 00:17:49 Image size of job updated: 791328
	765  -  MemoryUsage of job (MB)
	782372  -  ResidentSetSize of job (KB)
...
006 (565504.002.000) 2024-05-06 00:17:49 Image size of job updated: 2136092
	763  -  MemoryUsage of job (MB)
	780500  -  ResidentSetSize of job (KB)
...
006 (565504.000.000) 2024-05-06 00:17:49 Image size of job updated: 2099228
	693  -  MemoryUsage of job (MB)
	709568  -  ResidentSetSize of job (KB)
...
006 (565504.006.000) 2024-05-06 00:17:51 Image size of job updated: 790080
	772  -  MemoryUsage of job (MB)
	789628  -  ResidentSetSize of job (KB)
...
006 (565504.008.000) 2024-05-06 00:17:51 Image size of job updated: 773512
	754  -  MemoryUsage of job (MB)
	771212  -  ResidentSetSize of job (KB)
...
006 (565504.007.000) 2024-05-06 00:17:52 Image size of job updated: 2185500
	803  -  MemoryUsage of job (MB)
	821704  -  ResidentSetSize of job (KB)
...
006 (565504.010.000) 2024-05-06 00:17:52 Image size of job updated: 817984
	798  -  MemoryUsage of job (MB)
	816396  -  ResidentSetSize of job (KB)
...
006 (565504.009.000) 2024-05-06 00:17:52 Image size of job updated: 763576
	730  -  MemoryUsage of job (MB)
	746612  -  ResidentSetSize of job (KB)
...
006 (565504.013.000) 2024-05-06 00:17:53 Image size of job updated: 777988
	747  -  MemoryUsage of job (MB)
	764788  -  ResidentSetSize of job (KB)
...
006 (565504.011.000) 2024-05-06 00:17:53 Image size of job updated: 796048
	776  -  MemoryUsage of job (MB)
	793620  -  ResidentSetSize of job (KB)
...
006 (565504.015.000) 2024-05-06 00:17:53 Image size of job updated: 770864
	751  -  MemoryUsage of job (MB)
	768092  -  ResidentSetSize of job (KB)
...
006 (565504.014.000) 2024-05-06 00:17:53 Image size of job updated: 2156568
	787  -  MemoryUsage of job (MB)
	805148  -  ResidentSetSize of job (KB)
...
006 (565504.017.000) 2024-05-06 00:17:53 Image size of job updated: 843272
	813  -  MemoryUsage of job (MB)
	832368  -  ResidentSetSize of job (KB)
...
006 (565504.016.000) 2024-05-06 00:17:55 Image size of job updated: 2131992
	771  -  MemoryUsage of job (MB)
	789004  -  ResidentSetSize of job (KB)
...
006 (565504.019.000) 2024-05-06 00:17:55 Image size of job updated: 763276
	743  -  MemoryUsage of job (MB)
	760052  -  ResidentSetSize of job (KB)
...
006 (565504.018.000) 2024-05-06 00:17:56 Image size of job updated: 804720
	785  -  MemoryUsage of job (MB)
	803060  -  ResidentSetSize of job (KB)
...
006 (565504.001.000) 2024-05-06 00:22:49 Image size of job updated: 831052
	812  -  MemoryUsage of job (MB)
	830584  -  ResidentSetSize of job (KB)
...
006 (565504.004.000) 2024-05-06 00:22:49 Image size of job updated: 781904
	763  -  MemoryUsage of job (MB)
	781088  -  ResidentSetSize of job (KB)
...
006 (565504.003.000) 2024-05-06 00:22:49 Image size of job updated: 807244
	786  -  MemoryUsage of job (MB)
	804612  -  ResidentSetSize of job (KB)
...
006 (565504.005.000) 2024-05-06 00:22:50 Image size of job updated: 798816
	778  -  MemoryUsage of job (MB)
	796608  -  ResidentSetSize of job (KB)
...
006 (565504.000.000) 2024-05-06 00:22:50 Image size of job updated: 2107420
	723  -  MemoryUsage of job (MB)
	740280  -  ResidentSetSize of job (KB)
...
006 (565504.002.000) 2024-05-06 00:22:50 Image size of job updated: 2136092
	782  -  MemoryUsage of job (MB)
	800536  -  ResidentSetSize of job (KB)
...
006 (565504.008.000) 2024-05-06 00:22:52 Image size of job updated: 805132
	783  -  MemoryUsage of job (MB)
	801088  -  ResidentSetSize of job (KB)
...
006 (565504.006.000) 2024-05-06 00:22:52 Image size of job updated: 793552
	773  -  MemoryUsage of job (MB)
	791508  -  ResidentSetSize of job (KB)
...
006 (565504.010.000) 2024-05-06 00:22:53 Image size of job updated: 824568
	803  -  MemoryUsage of job (MB)
	822172  -  ResidentSetSize of job (KB)
...
006 (565504.013.000) 2024-05-06 00:22:53 Image size of job updated: 788784
	765  -  MemoryUsage of job (MB)
	782480  -  ResidentSetSize of job (KB)
...
006 (565504.011.000) 2024-05-06 00:22:53 Image size of job updated: 816276
	794  -  MemoryUsage of job (MB)
	812824  -  ResidentSetSize of job (KB)
...
006 (565504.007.000) 2024-05-06 00:22:53 Image size of job updated: 2189596
	803  -  MemoryUsage of job (MB)
	821704  -  ResidentSetSize of job (KB)
...
006 (565504.014.000) 2024-05-06 00:22:54 Image size of job updated: 2156568
	789  -  MemoryUsage of job (MB)
	807232  -  ResidentSetSize of job (KB)
...
006 (565504.015.000) 2024-05-06 00:22:54 Image size of job updated: 781324
	762  -  MemoryUsage of job (MB)
	780208  -  ResidentSetSize of job (KB)
...
006 (565504.017.000) 2024-05-06 00:22:54 Image size of job updated: 843272
	820  -  MemoryUsage of job (MB)
	838924  -  ResidentSetSize of job (KB)
...
006 (565504.016.000) 2024-05-06 00:22:55 Image size of job updated: 2131992
	774  -  MemoryUsage of job (MB)
	791628  -  ResidentSetSize of job (KB)
...
006 (565504.019.000) 2024-05-06 00:22:56 Image size of job updated: 763276
	743  -  MemoryUsage of job (MB)
	760312  -  ResidentSetSize of job (KB)
...
040 (565504.013.000) 2024-05-06 00:27:34 Started transferring output files
...
040 (565504.013.000) 2024-05-06 00:27:34 Finished transferring output files
...
005 (565504.013.000) 2024-05-06 00:27:35 Job terminated.
	(1) Normal termination (return value 0)
		Usr 0 00:04:34, Sys 0 00:00:09  -  Run Remote Usage
		Usr 0 00:00:00, Sys 0 00:00:00  -  Run Local Usage
		Usr 0 00:04:34, Sys 0 00:00:09  -  Total Remote Usage
		Usr 0 00:00:00, Sys 0 00:00:00  -  Total Local Usage
	3266478  -  Run Bytes Sent By Job
	964536  -  Run Bytes Received By Job
	3266478  -  Total Bytes Sent By Job
	964536  -  Total Bytes Received By Job
	Partitionable Resources :    Usage  Request Allocated 
	   Cpus                 :     0.32        1         1 
	   Disk (KB)            :  4149        1000   1915823 
	   Memory (MB)          :   765        2048      2100 

	Job terminated of its own accord at 2024-05-05T15:27:34Z with exit-code 0.
...
006 (565504.001.000) 2024-05-06 00:27:49 Image size of job updated: 832476
	812  -  MemoryUsage of job (MB)
	830584  -  ResidentSetSize of job (KB)
...
006 (565504.005.000) 2024-05-06 00:27:50 Image size of job updated: 805412
	785  -  MemoryUsage of job (MB)
	802924  -  ResidentSetSize of job (KB)
...
006 (565504.000.000) 2024-05-06 00:27:50 Image size of job updated: 2107420
	730  -  MemoryUsage of job (MB)
	747144  -  ResidentSetSize of job (KB)
...
006 (565504.004.000) 2024-05-06 00:27:50 Image size of job updated: 782604
	763  -  MemoryUsage of job (MB)
	781160  -  ResidentSetSize of job (KB)
...
006 (565504.002.000) 2024-05-06 00:27:51 Image size of job updated: 2136092
	783  -  MemoryUsage of job (MB)
	800780  -  ResidentSetSize of job (KB)
...
006 (565504.008.000) 2024-05-06 00:27:52 Image size of job updated: 805176
	784  -  MemoryUsage of job (MB)
	802628  -  ResidentSetSize of job (KB)
...
006 (565504.006.000) 2024-05-06 00:27:53 Image size of job updated: 800612
	781  -  MemoryUsage of job (MB)
	799504  -  ResidentSetSize of job (KB)
...
006 (565504.010.000) 2024-05-06 00:27:53 Image size of job updated: 836748
	815  -  MemoryUsage of job (MB)
	833872  -  ResidentSetSize of job (KB)
...
006 (565504.007.000) 2024-05-06 00:27:54 Image size of job updated: 2189596
	818  -  MemoryUsage of job (MB)
	837616  -  ResidentSetSize of job (KB)
...
006 (565504.011.000) 2024-05-06 00:27:54 Image size of job updated: 817592
	794  -  MemoryUsage of job (MB)
	812856  -  ResidentSetSize of job (KB)
...
006 (565504.017.000) 2024-05-06 00:27:55 Image size of job updated: 843272
	820  -  MemoryUsage of job (MB)
	839436  -  ResidentSetSize of job (KB)
...
006 (565504.016.000) 2024-05-06 00:27:55 Image size of job updated: 2131992
	775  -  MemoryUsage of job (MB)
	792604  -  ResidentSetSize of job (KB)
...
006 (565504.015.000) 2024-05-06 00:27:55 Image size of job updated: 795704
	772  -  MemoryUsage of job (MB)
	790376  -  ResidentSetSize of job (KB)
...
006 (565504.014.000) 2024-05-06 00:27:55 Image size of job updated: 2156568
	790  -  MemoryUsage of job (MB)
	808108  -  ResidentSetSize of job (KB)
...
006 (565504.018.000) 2024-05-06 00:27:56 Image size of job updated: 808384
	788  -  MemoryUsage of job (MB)
	806340  -  ResidentSetSize of job (KB)
...
006 (565504.019.000) 2024-05-06 00:27:56 Image size of job updated: 764148
	745  -  MemoryUsage of job (MB)
	762460  -  ResidentSetSize of job (KB)
...
040 (565504.015.000) 2024-05-06 00:30:09 Started transferring output files
...
040 (565504.015.000) 2024-05-06 00:30:09 Finished transferring output files
...
005 (565504.015.000) 2024-05-06 00:30:09 Job terminated.
	(1) Normal termination (return value 0)
		Usr 0 00:04:38, Sys 0 00:00:09  -  Run Remote Usage
		Usr 0 00:00:00, Sys 0 00:00:00  -  Run Local Usage
		Usr 0 00:04:38, Sys 0 00:00:09  -  Total Remote Usage
		Usr 0 00:00:00, Sys 0 00:00:00  -  Total Local Usage
	3598024  -  Run Bytes Sent By Job
	964536  -  Run Bytes Received By Job
	3598024  -  Total Bytes Sent By Job
	964536  -  Total Bytes Received By Job
	Partitionable Resources :    Usage  Request Allocated 
	   Cpus                 :     0.21        1         1 
	   Disk (KB)            :  4472        1000   1904180 
	   Memory (MB)          :   772        2048      2100 

	Job terminated of its own accord at 2024-05-05T15:30:08Z with exit-code 0.
...
040 (565504.002.000) 2024-05-06 00:31:47 Started transferring output files
...
040 (565504.002.000) 2024-05-06 00:31:47 Finished transferring output files
...
005 (565504.002.000) 2024-05-06 00:31:47 Job terminated.
	(1) Normal termination (return value 0)
		Usr 0 00:06:19, Sys 0 00:00:10  -  Run Remote Usage
		Usr 0 00:00:00, Sys 0 00:00:00  -  Run Local Usage
		Usr 0 00:06:19, Sys 0 00:00:10  -  Total Remote Usage
		Usr 0 00:00:00, Sys 0 00:00:00  -  Total Local Usage
	3154462  -  Run Bytes Sent By Job
	964536  -  Run Bytes Received By Job
	3154462  -  Total Bytes Sent By Job
	964536  -  Total Bytes Received By Job
	Partitionable Resources :    Usage  Request Allocated 
	   Cpus                 :     0.33        1         1 
	   Disk (KB)            :  4039        1000   1925988 
	   Memory (MB)          :   783        2048      2100 

	Job terminated of its own accord at 2024-05-05T15:31:47Z with exit-code 0.
...
040 (565504.011.000) 2024-05-06 00:31:55 Started transferring output files
...
040 (565504.011.000) 2024-05-06 00:31:55 Finished transferring output files
...
005 (565504.011.000) 2024-05-06 00:31:55 Job terminated.
	(1) Normal termination (return value 0)
		Usr 0 00:05:37, Sys 0 00:00:11  -  Run Remote Usage
		Usr 0 00:00:00, Sys 0 00:00:00  -  Run Local Usage
		Usr 0 00:05:37, Sys 0 00:00:11  -  Total Remote Usage
		Usr 0 00:00:00, Sys 0 00:00:00  -  Total Local Usage
	3025480  -  Run Bytes Sent By Job
	964536  -  Run Bytes Received By Job
	3025480  -  Total Bytes Sent By Job
	964536  -  Total Bytes Received By Job
	Partitionable Resources :    Usage  Request Allocated 
	   Cpus                 :     0.25        1         1 
	   Disk (KB)            :  3913        1000   1921459 
	   Memory (MB)          :   794        2048      2100 

	Job terminated of its own accord at 2024-05-05T15:31:55Z with exit-code 0.
...
006 (565504.000.000) 2024-05-06 00:32:50 Image size of job updated: 2222108
	815  -  MemoryUsage of job (MB)
	833740  -  ResidentSetSize of job (KB)
...
006 (565504.005.000) 2024-05-06 00:32:50 Image size of job updated: 805612
	785  -  MemoryUsage of job (MB)
	803784  -  ResidentSetSize of job (KB)
...
006 (565504.001.000) 2024-05-06 00:32:50 Image size of job updated: 833676
	812  -  MemoryUsage of job (MB)
	831064  -  ResidentSetSize of job (KB)
...
006 (565504.003.000) 2024-05-06 00:32:51 Image size of job updated: 810712
	791  -  MemoryUsage of job (MB)
	809744  -  ResidentSetSize of job (KB)
...
006 (565504.004.000) 2024-05-06 00:32:52 Image size of job updated: 783444
	763  -  MemoryUsage of job (MB)
	781160  -  ResidentSetSize of job (KB)
...
006 (565504.008.000) 2024-05-06 00:32:52 Image size of job updated: 806396
	786  -  MemoryUsage of job (MB)
	803924  -  ResidentSetSize of job (KB)
...
006 (565504.006.000) 2024-05-06 00:32:53 Image size of job updated: 812992
	790  -  MemoryUsage of job (MB)
	808148  -  ResidentSetSize of job (KB)
...
006 (565504.010.000) 2024-05-06 00:32:53 Image size of job updated: 836748
	815  -  MemoryUsage of job (MB)
	834516  -  ResidentSetSize of job (KB)
...
006 (565504.014.000) 2024-05-06 00:32:56 Image size of job updated: 2156568
	812  -  MemoryUsage of job (MB)
	830644  -  ResidentSetSize of job (KB)
...
006 (565504.018.000) 2024-05-06 00:32:56 Image size of job updated: 830760
	808  -  MemoryUsage of job (MB)
	826852  -  ResidentSetSize of job (KB)
...
006 (565504.019.000) 2024-05-06 00:32:56 Image size of job updated: 764920
	746  -  MemoryUsage of job (MB)
	763184  -  ResidentSetSize of job (KB)
...
006 (565504.016.000) 2024-05-06 00:32:56 Image size of job updated: 2131992
	795  -  MemoryUsage of job (MB)
	813272  -  ResidentSetSize of job (KB)
...
040 (565504.006.000) 2024-05-06 00:33:37 Started transferring output files
...
040 (565504.006.000) 2024-05-06 00:33:38 Finished transferring output files
...
005 (565504.006.000) 2024-05-06 00:33:38 Job terminated.
	(1) Normal termination (return value 0)
		Usr 0 00:04:22, Sys 0 00:00:08  -  Run Remote Usage
		Usr 0 00:00:00, Sys 0 00:00:00  -  Run Local Usage
		Usr 0 00:04:22, Sys 0 00:00:08  -  Total Remote Usage
		Usr 0 00:00:00, Sys 0 00:00:00  -  Total Local Usage
	2819247  -  Run Bytes Sent By Job
	964536  -  Run Bytes Received By Job
	2819247  -  Total Bytes Sent By Job
	964536  -  Total Bytes Received By Job
	Partitionable Resources :    Usage  Request Allocated 
	   Cpus                 :     0.21        1         1 
	   Disk (KB)            :  3712        1000   1912020 
	   Memory (MB)          :   790        2048      2100 

	Job terminated of its own accord at 2024-05-05T15:33:37Z with exit-code 0.
...
040 (565504.014.000) 2024-05-06 00:34:07 Started transferring output files
...
040 (565504.014.000) 2024-05-06 00:34:07 Finished transferring output files
...
005 (565504.014.000) 2024-05-06 00:34:07 Job terminated.
	(1) Normal termination (return value 0)
		Usr 0 00:06:55, Sys 0 00:00:10  -  Run Remote Usage
		Usr 0 00:00:00, Sys 0 00:00:00  -  Run Local Usage
		Usr 0 00:06:55, Sys 0 00:00:10  -  Total Remote Usage
		Usr 0 00:00:00, Sys 0 00:00:00  -  Total Local Usage
	2905432  -  Run Bytes Sent By Job
	964536  -  Run Bytes Received By Job
	2905432  -  Total Bytes Sent By Job
	964536  -  Total Bytes Received By Job
	Partitionable Resources :    Usage  Request Allocated 
	   Cpus                 :     0.26        1         1 
	   Disk (KB)            :  3796        1000   1925988 
	   Memory (MB)          :   812        2048      2100 

	Job terminated of its own accord at 2024-05-05T15:34:07Z with exit-code 0.
...
006 (565504.008.000) 2024-05-06 00:35:02 Image size of job updated: 812760
	786  -  MemoryUsage of job (MB)
	803924  -  ResidentSetSize of job (KB)
...
040 (565504.008.000) 2024-05-06 00:35:02 Started transferring output files
...
040 (565504.008.000) 2024-05-06 00:35:02 Finished transferring output files
...
005 (565504.008.000) 2024-05-06 00:35:02 Job terminated.
	(1) Normal termination (return value 0)
		Usr 0 00:04:35, Sys 0 00:00:09  -  Run Remote Usage
		Usr 0 00:00:00, Sys 0 00:00:00  -  Run Local Usage
		Usr 0 00:04:35, Sys 0 00:00:09  -  Total Remote Usage
		Usr 0 00:00:00, Sys 0 00:00:00  -  Total Local Usage
	3164506  -  Run Bytes Sent By Job
	964536  -  Run Bytes Received By Job
	3164506  -  Total Bytes Sent By Job
	964536  -  Total Bytes Received By Job
	Partitionable Resources :    Usage  Request Allocated 
	   Cpus                 :     0.15        1         1 
	   Disk (KB)            :  4049        1000   1948177 
	   Memory (MB)          :   786        2048      2100 

	Job terminated of its own accord at 2024-05-05T15:35:02Z with exit-code 0.
...
006 (565504.001.000) 2024-05-06 00:37:51 Image size of job updated: 833864
	813  -  MemoryUsage of job (MB)
	832484  -  ResidentSetSize of job (KB)
...
006 (565504.010.000) 2024-05-06 00:37:54 Image size of job updated: 837592
	817  -  MemoryUsage of job (MB)
	836188  -  ResidentSetSize of job (KB)
...
006 (565504.019.000) 2024-05-06 00:37:57 Image size of job updated: 764920
	746  -  MemoryUsage of job (MB)
	763652  -  ResidentSetSize of job (KB)
...
040 (565504.003.000) 2024-05-06 00:38:04 Started transferring output files
...
040 (565504.003.000) 2024-05-06 00:38:04 Finished transferring output files
...
005 (565504.003.000) 2024-05-06 00:38:04 Job terminated.
	(1) Normal termination (return value 0)
		Usr 0 00:04:57, Sys 0 00:00:11  -  Run Remote Usage
		Usr 0 00:00:00, Sys 0 00:00:00  -  Run Local Usage
		Usr 0 00:04:57, Sys 0 00:00:11  -  Total Remote Usage
		Usr 0 00:00:00, Sys 0 00:00:00  -  Total Local Usage
	2957077  -  Run Bytes Sent By Job
	964536  -  Run Bytes Received By Job
	2957077  -  Total Bytes Sent By Job
	964536  -  Total Bytes Received By Job
	Partitionable Resources :    Usage  Request Allocated 
	   Cpus                 :     0.22        1         1 
	   Disk (KB)            :  3847        1000   1906420 
	   Memory (MB)          :   791        2048      2100 

	Job terminated of its own accord at 2024-05-05T15:38:04Z with exit-code 0.
...
040 (565504.018.000) 2024-05-06 00:42:49 Started transferring output files
...
040 (565504.018.000) 2024-05-06 00:42:49 Finished transferring output files
...
005 (565504.018.000) 2024-05-06 00:42:49 Job terminated.
	(1) Normal termination (return value 0)
		Usr 0 00:05:35, Sys 0 00:00:11  -  Run Remote Usage
		Usr 0 00:00:00, Sys 0 00:00:00  -  Run Local Usage
		Usr 0 00:05:35, Sys 0 00:00:11  -  Total Remote Usage
		Usr 0 00:00:00, Sys 0 00:00:00  -  Total Local Usage
	3610748  -  Run Bytes Sent By Job
	964536  -  Run Bytes Received By Job
	3610748  -  Total Bytes Sent By Job
	964536  -  Total Bytes Received By Job
	Partitionable Resources :    Usage  Request Allocated 
	   Cpus                 :     0.22        1         1 
	   Disk (KB)            :  4485        1000   1906420 
	   Memory (MB)          :   808        2048      2100 

	Job terminated of its own accord at 2024-05-05T15:42:49Z with exit-code 0.
...
006 (565504.001.000) 2024-05-06 00:42:52 Image size of job updated: 834248
	813  -  MemoryUsage of job (MB)
	832484  -  ResidentSetSize of job (KB)
...
006 (565504.010.000) 2024-05-06 00:42:54 Image size of job updated: 840868
	818  -  MemoryUsage of job (MB)
	837160  -  ResidentSetSize of job (KB)
...
040 (565504.017.000) 2024-05-06 00:44:02 Started transferring output files
...
040 (565504.017.000) 2024-05-06 00:44:02 Finished transferring output files
...
005 (565504.017.000) 2024-05-06 00:44:02 Job terminated.
	(1) Normal termination (return value 0)
		Usr 0 00:06:01, Sys 0 00:00:10  -  Run Remote Usage
		Usr 0 00:00:00, Sys 0 00:00:00  -  Run Local Usage
		Usr 0 00:06:01, Sys 0 00:00:10  -  Total Remote Usage
		Usr 0 00:00:00, Sys 0 00:00:00  -  Total Local Usage
	3032144  -  Run Bytes Sent By Job
	964536  -  Run Bytes Received By Job
	3032144  -  Total Bytes Sent By Job
	964536  -  Total Bytes Received By Job
	Partitionable Resources :    Usage  Request Allocated 
	   Cpus                 :     0.20        1         1 
	   Disk (KB)            :  3920        1000   1904352 
	   Memory (MB)          :   820        2048      2100 

	Job terminated of its own accord at 2024-05-05T15:44:02Z with exit-code 0.
...
040 (565504.009.000) 2024-05-06 00:46:58 Started transferring output files
...
040 (565504.009.000) 2024-05-06 00:46:58 Finished transferring output files
...
005 (565504.009.000) 2024-05-06 00:46:58 Job terminated.
	(1) Normal termination (return value 85)
		Usr 0 00:02:25, Sys 0 00:00:12  -  Run Remote Usage
		Usr 0 00:00:00, Sys 0 00:00:00  -  Run Local Usage
		Usr 0 00:02:25, Sys 0 00:00:12  -  Total Remote Usage
		Usr 0 00:00:00, Sys 0 00:00:00  -  Total Local Usage
	984661  -  Run Bytes Sent By Job
	964536  -  Run Bytes Received By Job
	984661  -  Total Bytes Sent By Job
	964536  -  Total Bytes Received By Job
	Partitionable Resources :    Usage  Request Allocated 
	   Cpus                 :     0.09        1         1 
	   Disk (KB)            :  1921        1000   1892077 
	   Memory (MB)          :   730        2048      2100 

	Job terminated of its own accord at 2024-05-05T15:46:58Z with exit-code 85.
...
006 (565504.000.000) 2024-05-06 00:47:52 Image size of job updated: 2222108
	820  -  MemoryUsage of job (MB)
	839144  -  ResidentSetSize of job (KB)
...
006 (565504.001.000) 2024-05-06 00:47:52 Image size of job updated: 834248
	814  -  MemoryUsage of job (MB)
	832960  -  ResidentSetSize of job (KB)
...
006 (565504.010.000) 2024-05-06 00:47:54 Image size of job updated: 841392
	820  -  MemoryUsage of job (MB)
	838984  -  ResidentSetSize of job (KB)
...
040 (565504.010.000) 2024-05-06 00:47:57 Started transferring output files
...
040 (565504.010.000) 2024-05-06 00:47:57 Finished transferring output files
...
005 (565504.010.000) 2024-05-06 00:47:57 Job terminated.
	(1) Normal termination (return value 85)
		Usr 0 00:04:44, Sys 0 00:00:09  -  Run Remote Usage
		Usr 0 00:00:00, Sys 0 00:00:00  -  Run Local Usage
		Usr 0 00:04:44, Sys 0 00:00:09  -  Total Remote Usage
		Usr 0 00:00:00, Sys 0 00:00:00  -  Total Local Usage
	2723589  -  Run Bytes Sent By Job
	964536  -  Run Bytes Received By Job
	2723589  -  Total Bytes Sent By Job
	964536  -  Total Bytes Received By Job
	Partitionable Resources :    Usage  Request Allocated 
	   Cpus                 :        0        1         1 
	   Disk (KB)            :     3618     1000   1921359 
	   Memory (MB)          :      820     2048      2100 

	Job terminated of its own accord at 2024-05-05T15:47:57Z with exit-code 85.
...
006 (565504.019.000) 2024-05-06 00:47:58 Image size of job updated: 766264
	746  -  MemoryUsage of job (MB)
	763652  -  ResidentSetSize of job (KB)
...
040 (565504.019.000) 2024-05-06 00:48:04 Started transferring output files
...
040 (565504.019.000) 2024-05-06 00:48:04 Finished transferring output files
...
005 (565504.019.000) 2024-05-06 00:48:04 Job terminated.
	(1) Normal termination (return value 85)
		Usr 0 00:02:59, Sys 0 00:00:09  -  Run Remote Usage
		Usr 0 00:00:00, Sys 0 00:00:00  -  Run Local Usage
		Usr 0 00:02:59, Sys 0 00:00:09  -  Total Remote Usage
		Usr 0 00:00:00, Sys 0 00:00:00  -  Total Local Usage
	1960992  -  Run Bytes Sent By Job
	964536  -  Run Bytes Received By Job
	1960992  -  Total Bytes Sent By Job
	964536  -  Total Bytes Received By Job
	Partitionable Resources :    Usage  Request Allocated 
	   Cpus                 :     0.01        1         1 
	   Disk (KB)            :  2873        1000   1899838 
	   Memory (MB)          :   746        2048      2100 

	Job terminated of its own accord at 2024-05-05T15:48:04Z with exit-code 85.
...
040 (565504.005.000) 2024-05-06 00:48:07 Started transferring output files
...
040 (565504.005.000) 2024-05-06 00:48:07 Finished transferring output files
...
005 (565504.005.000) 2024-05-06 00:48:07 Job terminated.
	(1) Normal termination (return value 85)
		Usr 0 00:03:20, Sys 0 00:00:09  -  Run Remote Usage
		Usr 0 00:00:00, Sys 0 00:00:00  -  Run Local Usage
		Usr 0 00:03:20, Sys 0 00:00:09  -  Total Remote Usage
		Usr 0 00:00:00, Sys 0 00:00:00  -  Total Local Usage
	2129966  -  Run Bytes Sent By Job
	964536  -  Run Bytes Received By Job
	2129966  -  Total Bytes Sent By Job
	964536  -  Total Bytes Received By Job
	Partitionable Resources :    Usage  Request Allocated 
	   Cpus                 :     0.09        1         1 
	   Disk (KB)            :  3039        1000   1903760 
	   Memory (MB)          :   785        2048      2100 

	Job terminated of its own accord at 2024-05-05T15:48:07Z with exit-code 85.
...
040 (565504.007.000) 2024-05-06 00:48:23 Started transferring output files
...
040 (565504.007.000) 2024-05-06 00:48:23 Finished transferring output files
...
005 (565504.007.000) 2024-05-06 00:48:23 Job terminated.
	(1) Normal termination (return value 85)
		Usr 0 00:03:49, Sys 0 00:00:06  -  Run Remote Usage
		Usr 0 00:00:00, Sys 0 00:00:00  -  Run Local Usage
		Usr 0 00:03:49, Sys 0 00:00:06  -  Total Remote Usage
		Usr 0 00:00:00, Sys 0 00:00:00  -  Total Local Usage
	2419941  -  Run Bytes Sent By Job
	964536  -  Run Bytes Received By Job
	2419941  -  Total Bytes Sent By Job
	964536  -  Total Bytes Received By Job
	Partitionable Resources :    Usage  Request Allocated 
	   Cpus                 :     0.26        1         1 
	   Disk (KB)            :  3322        1000   1881963 
	   Memory (MB)          :   818        2048      2100 

	Job terminated of its own accord at 2024-05-05T15:48:23Z with exit-code 85.
...
040 (565504.000.000) 2024-05-06 00:48:24 Started transferring output files
...
040 (565504.000.000) 2024-05-06 00:48:24 Finished transferring output files
...
005 (565504.000.000) 2024-05-06 00:48:24 Job terminated.
	(1) Normal termination (return value 85)
		Usr 0 00:02:38, Sys 0 00:00:06  -  Run Remote Usage
		Usr 0 00:00:00, Sys 0 00:00:00  -  Run Local Usage
		Usr 0 00:02:38, Sys 0 00:00:06  -  Total Remote Usage
		Usr 0 00:00:00, Sys 0 00:00:00  -  Total Local Usage
	634237  -  Run Bytes Sent By Job
	964536  -  Run Bytes Received By Job
	634237  -  Total Bytes Sent By Job
	964536  -  Total Bytes Received By Job
	Partitionable Resources :    Usage  Request Allocated 
	   Cpus                 :        0        1         1 
	   Disk (KB)            :     1578     1000   1904196 
	   Memory (MB)          :      820     2048      2100 

	Job terminated of its own accord at 2024-05-05T15:48:24Z with exit-code 85.
...
040 (565504.001.000) 2024-05-06 00:48:55 Started transferring output files
...
040 (565504.001.000) 2024-05-06 00:48:55 Finished transferring output files
...
005 (565504.001.000) 2024-05-06 00:48:55 Job terminated.
	(1) Normal termination (return value 85)
		Usr 0 00:06:09, Sys 0 00:00:10  -  Run Remote Usage
		Usr 0 00:00:00, Sys 0 00:00:00  -  Run Local Usage
		Usr 0 00:06:09, Sys 0 00:00:10  -  Total Remote Usage
		Usr 0 00:00:00, Sys 0 00:00:00  -  Total Local Usage
	2061170  -  Run Bytes Sent By Job
	964536  -  Run Bytes Received By Job
	2061170  -  Total Bytes Sent By Job
	964536  -  Total Bytes Received By Job
	Partitionable Resources :    Usage  Request Allocated 
	   Cpus                 :     0.11        1         1 
	   Disk (KB)            :  2972        1000   1904352 
	   Memory (MB)          :   814        2048      2100 

	Job terminated of its own accord at 2024-05-05T15:48:55Z with exit-code 85.
...
006 (565504.004.000) 2024-05-06 00:52:54 Image size of job updated: 819212
	795  -  MemoryUsage of job (MB)
	813564  -  ResidentSetSize of job (KB)
...
006 (565504.016.000) 2024-05-06 00:57:59 Image size of job updated: 2131992
	797  -  MemoryUsage of job (MB)
	815280  -  ResidentSetSize of job (KB)
...
040 (565504.016.000) 2024-05-06 00:58:40 Started transferring output files
...
040 (565504.016.000) 2024-05-06 00:58:40 Finished transferring output files
...
005 (565504.016.000) 2024-05-06 00:58:40 Job terminated.
	(1) Normal termination (return value 0)
		Usr 0 00:07:45, Sys 0 00:00:15  -  Run Remote Usage
		Usr 0 00:00:00, Sys 0 00:00:00  -  Run Local Usage
		Usr 0 00:07:45, Sys 0 00:00:15  -  Total Remote Usage
		Usr 0 00:00:00, Sys 0 00:00:00  -  Total Local Usage
	2786520  -  Run Bytes Sent By Job
	964536  -  Run Bytes Received By Job
	2786520  -  Total Bytes Sent By Job
	964536  -  Total Bytes Received By Job
	Partitionable Resources :    Usage  Request Allocated 
	   Cpus                 :     0.38        1         1 
	   Disk (KB)            :  3679        1000   1904196 
	   Memory (MB)          :   797        2048      2100 

	Job terminated of its own accord at 2024-05-05T15:58:39Z with exit-code 0.
...
006 (565504.004.000) 2024-05-06 01:55:24 Image size of job updated: 850600
	795  -  MemoryUsage of job (MB)
	813564  -  ResidentSetSize of job (KB)
...
040 (565504.004.000) 2024-05-06 01:55:25 Started transferring output files
...
040 (565504.004.000) 2024-05-06 01:55:25 Finished transferring output files
...
005 (565504.004.000) 2024-05-06 01:55:25 Job terminated.
	(1) Normal termination (return value 0)
		Usr 0 00:05:27, Sys 0 00:00:18  -  Run Remote Usage
		Usr 0 00:00:00, Sys 0 00:00:00  -  Run Local Usage
		Usr 0 00:05:27, Sys 0 00:00:18  -  Total Remote Usage
		Usr 0 00:00:00, Sys 0 00:00:00  -  Total Local Usage
	3160894  -  Run Bytes Sent By Job
	964536  -  Run Bytes Received By Job
	3160894  -  Total Bytes Sent By Job
	964536  -  Total Bytes Received By Job
	Partitionable Resources :    Usage  Request Allocated 
	   Cpus                 :     0.09        1         1 
	   Disk (KB)            :  4045        1000   1899838 
	   Memory (MB)          :   795        2048      2100 

	Job terminated of its own accord at 2024-05-05T16:55:24Z with exit-code 0.
...
