000 (565503.000.000) 2024-05-06 00:12:16 Job submitted from host: <155.230.23.72:9618?addrs=155.230.23.72-9618&alias=cms02.knu.ac.kr&noUDP&sock=schedd_1702_0247>
...
000 (565503.001.000) 2024-05-06 00:12:16 Job submitted from host: <155.230.23.72:9618?addrs=155.230.23.72-9618&alias=cms02.knu.ac.kr&noUDP&sock=schedd_1702_0247>
...
000 (565503.002.000) 2024-05-06 00:12:16 Job submitted from host: <155.230.23.72:9618?addrs=155.230.23.72-9618&alias=cms02.knu.ac.kr&noUDP&sock=schedd_1702_0247>
...
000 (565503.003.000) 2024-05-06 00:12:16 Job submitted from host: <155.230.23.72:9618?addrs=155.230.23.72-9618&alias=cms02.knu.ac.kr&noUDP&sock=schedd_1702_0247>
...
000 (565503.004.000) 2024-05-06 00:12:16 Job submitted from host: <155.230.23.72:9618?addrs=155.230.23.72-9618&alias=cms02.knu.ac.kr&noUDP&sock=schedd_1702_0247>
...
000 (565503.005.000) 2024-05-06 00:12:16 Job submitted from host: <155.230.23.72:9618?addrs=155.230.23.72-9618&alias=cms02.knu.ac.kr&noUDP&sock=schedd_1702_0247>
...
000 (565503.006.000) 2024-05-06 00:12:16 Job submitted from host: <155.230.23.72:9618?addrs=155.230.23.72-9618&alias=cms02.knu.ac.kr&noUDP&sock=schedd_1702_0247>
...
000 (565503.007.000) 2024-05-06 00:12:16 Job submitted from host: <155.230.23.72:9618?addrs=155.230.23.72-9618&alias=cms02.knu.ac.kr&noUDP&sock=schedd_1702_0247>
...
000 (565503.008.000) 2024-05-06 00:12:16 Job submitted from host: <155.230.23.72:9618?addrs=155.230.23.72-9618&alias=cms02.knu.ac.kr&noUDP&sock=schedd_1702_0247>
...
000 (565503.009.000) 2024-05-06 00:12:16 Job submitted from host: <155.230.23.72:9618?addrs=155.230.23.72-9618&alias=cms02.knu.ac.kr&noUDP&sock=schedd_1702_0247>
...
000 (565503.010.000) 2024-05-06 00:12:16 Job submitted from host: <155.230.23.72:9618?addrs=155.230.23.72-9618&alias=cms02.knu.ac.kr&noUDP&sock=schedd_1702_0247>
...
000 (565503.011.000) 2024-05-06 00:12:16 Job submitted from host: <155.230.23.72:9618?addrs=155.230.23.72-9618&alias=cms02.knu.ac.kr&noUDP&sock=schedd_1702_0247>
...
000 (565503.012.000) 2024-05-06 00:12:16 Job submitted from host: <155.230.23.72:9618?addrs=155.230.23.72-9618&alias=cms02.knu.ac.kr&noUDP&sock=schedd_1702_0247>
...
000 (565503.013.000) 2024-05-06 00:12:16 Job submitted from host: <155.230.23.72:9618?addrs=155.230.23.72-9618&alias=cms02.knu.ac.kr&noUDP&sock=schedd_1702_0247>
...
000 (565503.014.000) 2024-05-06 00:12:16 Job submitted from host: <155.230.23.72:9618?addrs=155.230.23.72-9618&alias=cms02.knu.ac.kr&noUDP&sock=schedd_1702_0247>
...
000 (565503.015.000) 2024-05-06 00:12:16 Job submitted from host: <155.230.23.72:9618?addrs=155.230.23.72-9618&alias=cms02.knu.ac.kr&noUDP&sock=schedd_1702_0247>
...
000 (565503.016.000) 2024-05-06 00:12:16 Job submitted from host: <155.230.23.72:9618?addrs=155.230.23.72-9618&alias=cms02.knu.ac.kr&noUDP&sock=schedd_1702_0247>
...
000 (565503.017.000) 2024-05-06 00:12:16 Job submitted from host: <155.230.23.72:9618?addrs=155.230.23.72-9618&alias=cms02.knu.ac.kr&noUDP&sock=schedd_1702_0247>
...
000 (565503.018.000) 2024-05-06 00:12:16 Job submitted from host: <155.230.23.72:9618?addrs=155.230.23.72-9618&alias=cms02.knu.ac.kr&noUDP&sock=schedd_1702_0247>
...
000 (565503.019.000) 2024-05-06 00:12:16 Job submitted from host: <155.230.23.72:9618?addrs=155.230.23.72-9618&alias=cms02.knu.ac.kr&noUDP&sock=schedd_1702_0247>
...
040 (565503.000.000) 2024-05-06 00:12:17 Started transferring input files
	Transferring to host: <155.230.21.43:9618?addrs=155.230.21.43-9618+[2407-c000-c024-0-226-18ff-fe94-3c21]-9618&alias=cluster243.knu.ac.kr&noUDP&sock=slot1_1_7076_6e99_5592>
...
040 (565503.000.000) 2024-05-06 00:12:17 Finished transferring input files
...
001 (565503.000.000) 2024-05-06 00:12:18 Job executing on host: <155.230.21.43:9618?addrs=155.230.21.43-9618+[2407-c000-c024-0-226-18ff-fe94-3c21]-9618&alias=cluster243.knu.ac.kr&noUDP&sock=startd_6305_48b7>
	SlotName: slot1_1@cluster243.knu.ac.kr
...
040 (565503.003.000) 2024-05-06 00:12:19 Started transferring input files
	Transferring to host: <155.230.21.142:9618?addrs=155.230.21.142-9618+[2407-c000-c024-0-2e0-81ff-fee2-dcee]-9618&alias=cluster342.knu.ac.kr&noUDP&sock=slot1_2_5552_a2db_3389>
...
040 (565503.002.000) 2024-05-06 00:12:19 Started transferring input files
	Transferring to host: <155.230.21.96:9618?addrs=155.230.21.96-9618+[2407-c000-c024-0-e2cb-4eff-fe53-cf19]-9618&alias=cluster296.knu.ac.kr&noUDP&sock=slot1_1_1676_a4bd_3182>
...
040 (565503.003.000) 2024-05-06 00:12:19 Finished transferring input files
...
040 (565503.002.000) 2024-05-06 00:12:19 Finished transferring input files
...
040 (565503.001.000) 2024-05-06 00:12:19 Started transferring input files
	Transferring to host: <155.230.21.149:9618?addrs=155.230.21.149-9618+[2407-c000-c024-0-230-48ff-feca-cdba]-9618&alias=cluster349.knu.ac.kr&noUDP&sock=slot1_1_6409_785e_1740>
...
040 (565503.001.000) 2024-05-06 00:12:19 Finished transferring input files
...
040 (565503.004.000) 2024-05-06 00:12:19 Started transferring input files
	Transferring to host: <155.230.21.90:9618?addrs=155.230.21.90-9618&alias=cluster290.knu.ac.kr&noUDP&sock=slot1_2_1813_2c23_1012>
...
040 (565503.004.000) 2024-05-06 00:12:19 Finished transferring input files
...
040 (565503.005.000) 2024-05-06 00:12:19 Started transferring input files
	Transferring to host: <155.230.21.79:9618?addrs=155.230.21.79-9618+[2407-c000-c024-0-beae-c5ff-fe1a-4ba6]-9618&alias=cluster279.knu.ac.kr&noUDP&sock=slot1_2_1853_5b24_903>
...
040 (565503.007.000) 2024-05-06 00:12:19 Started transferring input files
	Transferring to host: <155.230.21.88:9618?addrs=155.230.21.88-9618+[2407-c000-c024-0-f66d-4ff-fe2e-8359]-9618&alias=cluster288.knu.ac.kr&noUDP&sock=slot1_1_1811_c363_2118>
...
040 (565503.005.000) 2024-05-06 00:12:19 Finished transferring input files
...
040 (565503.007.000) 2024-05-06 00:12:19 Finished transferring input files
...
001 (565503.003.000) 2024-05-06 00:12:20 Job executing on host: <155.230.21.142:9618?addrs=155.230.21.142-9618+[2407-c000-c024-0-2e0-81ff-fee2-dcee]-9618&alias=cluster342.knu.ac.kr&noUDP&sock=startd_4930_25fe>
	SlotName: slot1_2@cluster342.knu.ac.kr
	CondorScratchDir = "/home/condor/dir_1925"
	Cpus = 1
	Disk = 1906420
	Memory = 2100
...
001 (565503.002.000) 2024-05-06 00:12:20 Job executing on host: <155.230.21.96:9618?addrs=155.230.21.96-9618+[2407-c000-c024-0-e2cb-4eff-fe53-cf19]-9618&alias=cluster296.knu.ac.kr&noUDP&sock=startd_1640_7b68>
	SlotName: slot1_1@cluster296.knu.ac.kr
...
001 (565503.001.000) 2024-05-06 00:12:20 Job executing on host: <155.230.21.149:9618?addrs=155.230.21.149-9618+[2407-c000-c024-0-230-48ff-feca-cdba]-9618&alias=cluster349.knu.ac.kr&noUDP&sock=startd_5735_4fbb>
	SlotName: slot1_1@cluster349.knu.ac.kr
	CondorScratchDir = "/home/condor/dir_24078"
	Cpus = 1
	Disk = 1904352
	Memory = 2100
...
001 (565503.004.000) 2024-05-06 00:12:20 Job executing on host: <155.230.21.90:9618?addrs=155.230.21.90-9618&alias=cluster290.knu.ac.kr&noUDP&sock=startd_1776_c44a>
	SlotName: slot1_2@cluster290.knu.ac.kr
	CondorScratchDir = "/home/condor/dir_5733"
	Cpus = 1
	Disk = 1899838
	Memory = 2100
...
001 (565503.005.000) 2024-05-06 00:12:20 Job executing on host: <155.230.21.79:9618?addrs=155.230.21.79-9618+[2407-c000-c024-0-beae-c5ff-fe1a-4ba6]-9618&alias=cluster279.knu.ac.kr&noUDP&sock=startd_1817_e3ac>
	SlotName: slot1_2@cluster279.knu.ac.kr
	CondorScratchDir = "/home/condor/dir_14803"
	Cpus = 1
	Disk = 1912020
	Memory = 2100
...
001 (565503.007.000) 2024-05-06 00:12:20 Job executing on host: <155.230.21.88:9618?addrs=155.230.21.88-9618+[2407-c000-c024-0-f66d-4ff-fe2e-8359]-9618&alias=cluster288.knu.ac.kr&noUDP&sock=startd_1776_c44a>
	SlotName: slot1_1@cluster288.knu.ac.kr
...
040 (565503.006.000) 2024-05-06 00:12:20 Started transferring input files
	Transferring to host: <155.230.21.152:9618?addrs=155.230.21.152-9618+[2407-c000-c024-0-225-90ff-fe78-6e24]-9618&alias=cluster352.knu.ac.kr&noUDP&sock=slot1_1_1904_4a47_11006>
...
040 (565503.009.000) 2024-05-06 00:12:20 Started transferring input files
	Transferring to host: <155.230.21.110:9618?addrs=155.230.21.110-9618&alias=cluster310.knu.ac.kr&noUDP&sock=slot1_1_1738_5400_1133>
...
040 (565503.006.000) 2024-05-06 00:12:20 Finished transferring input files
...
040 (565503.009.000) 2024-05-06 00:12:20 Finished transferring input files
...
040 (565503.008.000) 2024-05-06 00:12:20 Started transferring input files
	Transferring to host: <155.230.21.113:9618?addrs=155.230.21.113-9618+[2407-c000-c024-0-a60-6eff-fe17-c80e]-9618&alias=cluster313.knu.ac.kr&noUDP&sock=slot1_1_2127_69f0_1268>
...
040 (565503.008.000) 2024-05-06 00:12:20 Finished transferring input files
...
001 (565503.009.000) 2024-05-06 00:12:21 Job executing on host: <155.230.21.110:9618?addrs=155.230.21.110-9618&alias=cluster310.knu.ac.kr&noUDP&sock=startd_1690_c724>
	SlotName: slot1_1@cluster310.knu.ac.kr
	CondorScratchDir = "/home/condor/dir_32345"
	Cpus = 1
	Disk = 1921359
	Memory = 2100
...
001 (565503.006.000) 2024-05-06 00:12:21 Job executing on host: <155.230.21.152:9618?addrs=155.230.21.152-9618+[2407-c000-c024-0-225-90ff-fe78-6e24]-9618&alias=cluster352.knu.ac.kr&noUDP&sock=startd_1866_7fd0>
	SlotName: slot1_1@cluster352.knu.ac.kr
	CondorScratchDir = "/home/condor/dir_29129"
	Cpus = 1
	Disk = 1948177
	Memory = 2100
...
001 (565503.008.000) 2024-05-06 00:12:21 Job executing on host: <155.230.21.113:9618?addrs=155.230.21.113-9618+[2407-c000-c024-0-a60-6eff-fe17-c80e]-9618&alias=cluster313.knu.ac.kr&noUDP&sock=startd_2091_d49f>
	SlotName: slot1_1@cluster313.knu.ac.kr
	CondorScratchDir = "/home/condor/dir_3727"
	Cpus = 1
	Disk = 1892077
	Memory = 2100
...
040 (565503.012.000) 2024-05-06 00:12:22 Started transferring input files
	Transferring to host: <155.230.21.111:9618?addrs=155.230.21.111-9618&alias=cluster311.knu.ac.kr&noUDP&sock=slot1_1_1739_0860_1161>
...
040 (565503.011.000) 2024-05-06 00:12:22 Started transferring input files
	Transferring to host: <155.230.21.108:9618?addrs=155.230.21.108-9618&alias=cluster308.knu.ac.kr&noUDP&sock=slot1_1_1923_ad67_1054>
...
040 (565503.010.000) 2024-05-06 00:12:22 Started transferring input files
	Transferring to host: <155.230.21.109:9618?addrs=155.230.21.109-9618&alias=cluster309.knu.ac.kr&noUDP&sock=slot1_1_1766_0e81_1173>
...
040 (565503.010.000) 2024-05-06 00:12:22 Finished transferring input files
...
040 (565503.011.000) 2024-05-06 00:12:22 Finished transferring input files
...
040 (565503.012.000) 2024-05-06 00:12:22 Finished transferring input files
...
040 (565503.014.000) 2024-05-06 00:12:22 Started transferring input files
	Transferring to host: <155.230.21.149:9618?addrs=155.230.21.149-9618+[2407-c000-c024-0-230-48ff-feca-cdba]-9618&alias=cluster349.knu.ac.kr&noUDP&sock=slot1_2_6409_785e_1741>
...
040 (565503.015.000) 2024-05-06 00:12:22 Started transferring input files
	Transferring to host: <155.230.21.96:9618?addrs=155.230.21.96-9618+[2407-c000-c024-0-e2cb-4eff-fe53-cf19]-9618&alias=cluster296.knu.ac.kr&noUDP&sock=slot1_2_1676_a4bd_3183>
...
040 (565503.014.000) 2024-05-06 00:12:22 Finished transferring input files
...
040 (565503.015.000) 2024-05-06 00:12:22 Finished transferring input files
...
040 (565503.013.000) 2024-05-06 00:12:22 Started transferring input files
	Transferring to host: <155.230.21.43:9618?addrs=155.230.21.43-9618+[2407-c000-c024-0-226-18ff-fe94-3c21]-9618&alias=cluster243.knu.ac.kr&noUDP&sock=slot1_2_7076_6e99_5593>
...
040 (565503.013.000) 2024-05-06 00:12:22 Finished transferring input files
...
001 (565503.010.000) 2024-05-06 00:12:23 Job executing on host: <155.230.21.109:9618?addrs=155.230.21.109-9618&alias=cluster309.knu.ac.kr&noUDP&sock=startd_1730_36ee>
	SlotName: slot1_1@cluster309.knu.ac.kr
	CondorScratchDir = "/home/condor/dir_1884"
	Cpus = 1
	Disk = 1921459
	Memory = 2100
...
001 (565503.011.000) 2024-05-06 00:12:23 Job executing on host: <155.230.21.108:9618?addrs=155.230.21.108-9618&alias=cluster308.knu.ac.kr&noUDP&sock=startd_1879_6a8b>
	SlotName: slot1_1@cluster308.knu.ac.kr
	CondorScratchDir = "/home/condor/dir_20491"
	Cpus = 1
	Disk = 1900742
	Memory = 2100
...
001 (565503.012.000) 2024-05-06 00:12:23 Job executing on host: <155.230.21.111:9618?addrs=155.230.21.111-9618&alias=cluster311.knu.ac.kr&noUDP&sock=startd_1703_b1e0>
	SlotName: slot1_1@cluster311.knu.ac.kr
	CondorScratchDir = "/home/condor/dir_28390"
	Cpus = 1
	Disk = 1915823
	Memory = 2100
...
040 (565503.016.000) 2024-05-06 00:12:23 Started transferring input files
	Transferring to host: <155.230.21.142:9618?addrs=155.230.21.142-9618+[2407-c000-c024-0-2e0-81ff-fee2-dcee]-9618&alias=cluster342.knu.ac.kr&noUDP&sock=slot1_3_5552_a2db_3390>
...
001 (565503.014.000) 2024-05-06 00:12:23 Job executing on host: <155.230.21.149:9618?addrs=155.230.21.149-9618+[2407-c000-c024-0-230-48ff-feca-cdba]-9618&alias=cluster349.knu.ac.kr&noUDP&sock=startd_5735_4fbb>
	SlotName: slot1_2@cluster349.knu.ac.kr
	CondorScratchDir = "/home/condor/dir_24244"
	Cpus = 1
	Disk = 1904352
	Memory = 2100
...
001 (565503.015.000) 2024-05-06 00:12:23 Job executing on host: <155.230.21.96:9618?addrs=155.230.21.96-9618+[2407-c000-c024-0-e2cb-4eff-fe53-cf19]-9618&alias=cluster296.knu.ac.kr&noUDP&sock=startd_1640_7b68>
	SlotName: slot1_2@cluster296.knu.ac.kr
...
040 (565503.017.000) 2024-05-06 00:12:23 Started transferring input files
	Transferring to host: <155.230.21.90:9618?addrs=155.230.21.90-9618&alias=cluster290.knu.ac.kr&noUDP&sock=slot1_3_1813_2c23_1013>
...
040 (565503.016.000) 2024-05-06 00:12:23 Finished transferring input files
...
040 (565503.017.000) 2024-05-06 00:12:23 Finished transferring input files
...
040 (565503.018.000) 2024-05-06 00:12:23 Started transferring input files
	Transferring to host: <155.230.21.88:9618?addrs=155.230.21.88-9618+[2407-c000-c024-0-f66d-4ff-fe2e-8359]-9618&alias=cluster288.knu.ac.kr&noUDP&sock=slot1_2_1811_c363_2119>
...
040 (565503.018.000) 2024-05-06 00:12:23 Finished transferring input files
...
001 (565503.013.000) 2024-05-06 00:12:23 Job executing on host: <155.230.21.43:9618?addrs=155.230.21.43-9618+[2407-c000-c024-0-226-18ff-fe94-3c21]-9618&alias=cluster243.knu.ac.kr&noUDP&sock=startd_6305_48b7>
	SlotName: slot1_2@cluster243.knu.ac.kr
...
001 (565503.016.000) 2024-05-06 00:12:24 Job executing on host: <155.230.21.142:9618?addrs=155.230.21.142-9618+[2407-c000-c024-0-2e0-81ff-fee2-dcee]-9618&alias=cluster342.knu.ac.kr&noUDP&sock=startd_4930_25fe>
	SlotName: slot1_3@cluster342.knu.ac.kr
	CondorScratchDir = "/home/condor/dir_2108"
	Cpus = 1
	Disk = 1906420
	Memory = 2100
...
001 (565503.017.000) 2024-05-06 00:12:24 Job executing on host: <155.230.21.90:9618?addrs=155.230.21.90-9618&alias=cluster290.knu.ac.kr&noUDP&sock=startd_1776_c44a>
	SlotName: slot1_3@cluster290.knu.ac.kr
	CondorScratchDir = "/home/condor/dir_5917"
	Cpus = 1
	Disk = 1899838
	Memory = 2100
...
001 (565503.018.000) 2024-05-06 00:12:24 Job executing on host: <155.230.21.88:9618?addrs=155.230.21.88-9618+[2407-c000-c024-0-f66d-4ff-fe2e-8359]-9618&alias=cluster288.knu.ac.kr&noUDP&sock=startd_1776_c44a>
	SlotName: slot1_2@cluster288.knu.ac.kr
...
040 (565503.019.000) 2024-05-06 00:12:24 Started transferring input files
	Transferring to host: <155.230.21.112:9618?addrs=155.230.21.112-9618&alias=cluster312.knu.ac.kr&noUDP&sock=slot1_1_1899_c466_961>
...
040 (565503.019.000) 2024-05-06 00:12:24 Finished transferring input files
...
001 (565503.019.000) 2024-05-06 00:12:25 Job executing on host: <155.230.21.112:9618?addrs=155.230.21.112-9618&alias=cluster312.knu.ac.kr&noUDP&sock=startd_1863_7107>
	SlotName: slot1_1@cluster312.knu.ac.kr
	CondorScratchDir = "/home/condor/dir_18794"
	Cpus = 1
	Disk = 1904180
	Memory = 2100
...
006 (565503.000.000) 2024-05-06 00:12:27 Image size of job updated: 671276
	163  -  MemoryUsage of job (MB)
	166456  -  ResidentSetSize of job (KB)
...
006 (565503.003.000) 2024-05-06 00:12:28 Image size of job updated: 183524
	180  -  MemoryUsage of job (MB)
	183364  -  ResidentSetSize of job (KB)
...
006 (565503.002.000) 2024-05-06 00:12:28 Image size of job updated: 669204
	179  -  MemoryUsage of job (MB)
	182488  -  ResidentSetSize of job (KB)
...
006 (565503.001.000) 2024-05-06 00:12:28 Image size of job updated: 47716
	46  -  MemoryUsage of job (MB)
	47080  -  ResidentSetSize of job (KB)
...
006 (565503.004.000) 2024-05-06 00:12:28 Image size of job updated: 176516
	173  -  MemoryUsage of job (MB)
	176464  -  ResidentSetSize of job (KB)
...
006 (565503.005.000) 2024-05-06 00:12:29 Image size of job updated: 193620
	189  -  MemoryUsage of job (MB)
	193504  -  ResidentSetSize of job (KB)
...
006 (565503.007.000) 2024-05-06 00:12:29 Image size of job updated: 842256
	198  -  MemoryUsage of job (MB)
	202572  -  ResidentSetSize of job (KB)
...
006 (565503.006.000) 2024-05-06 00:12:30 Image size of job updated: 219208
	215  -  MemoryUsage of job (MB)
	219140  -  ResidentSetSize of job (KB)
...
006 (565503.009.000) 2024-05-06 00:12:30 Image size of job updated: 205936
	201  -  MemoryUsage of job (MB)
	205708  -  ResidentSetSize of job (KB)
...
006 (565503.008.000) 2024-05-06 00:12:30 Image size of job updated: 101844
	100  -  MemoryUsage of job (MB)
	101844  -  ResidentSetSize of job (KB)
...
006 (565503.011.000) 2024-05-06 00:12:31 Image size of job updated: 206460
	202  -  MemoryUsage of job (MB)
	206296  -  ResidentSetSize of job (KB)
...
006 (565503.010.000) 2024-05-06 00:12:31 Image size of job updated: 203452
	199  -  MemoryUsage of job (MB)
	203452  -  ResidentSetSize of job (KB)
...
006 (565503.012.000) 2024-05-06 00:12:31 Image size of job updated: 206484
	202  -  MemoryUsage of job (MB)
	206396  -  ResidentSetSize of job (KB)
...
006 (565503.014.000) 2024-05-06 00:12:32 Image size of job updated: 40692
	40  -  MemoryUsage of job (MB)
	40692  -  ResidentSetSize of job (KB)
...
006 (565503.015.000) 2024-05-06 00:12:32 Image size of job updated: 210332
	206  -  MemoryUsage of job (MB)
	210332  -  ResidentSetSize of job (KB)
...
006 (565503.013.000) 2024-05-06 00:12:32 Image size of job updated: 180904
	177  -  MemoryUsage of job (MB)
	180904  -  ResidentSetSize of job (KB)
...
006 (565503.017.000) 2024-05-06 00:12:33 Image size of job updated: 210780
	206  -  MemoryUsage of job (MB)
	210688  -  ResidentSetSize of job (KB)
...
006 (565503.016.000) 2024-05-06 00:12:33 Image size of job updated: 213164
	209  -  MemoryUsage of job (MB)
	213040  -  ResidentSetSize of job (KB)
...
006 (565503.018.000) 2024-05-06 00:12:33 Image size of job updated: 208084
	204  -  MemoryUsage of job (MB)
	208084  -  ResidentSetSize of job (KB)
...
006 (565503.019.000) 2024-05-06 00:12:34 Image size of job updated: 205788
	201  -  MemoryUsage of job (MB)
	205760  -  ResidentSetSize of job (KB)
...
006 (565503.004.000) 2024-05-06 00:12:56 Image size of job updated: 618464
	173  -  MemoryUsage of job (MB)
	176464  -  ResidentSetSize of job (KB)
...
040 (565503.004.000) 2024-05-06 00:12:56 Started transferring output files
...
040 (565503.004.000) 2024-05-06 00:12:56 Finished transferring output files
...
005 (565503.004.000) 2024-05-06 00:12:56 Job terminated.
	(1) Normal termination (return value 86)
		Usr 0 00:00:16, Sys 0 00:00:00  -  Run Remote Usage
		Usr 0 00:00:00, Sys 0 00:00:00  -  Run Local Usage
		Usr 0 00:00:16, Sys 0 00:00:00  -  Total Remote Usage
		Usr 0 00:00:00, Sys 0 00:00:00  -  Total Local Usage
	2835  -  Run Bytes Sent By Job
	964536  -  Run Bytes Received By Job
	2835  -  Total Bytes Sent By Job
	964536  -  Total Bytes Received By Job
	Partitionable Resources :    Usage  Request Allocated 
	   Cpus                 :                 1         1 
	   Disk (KB)            :      956     1000   1899838 
	   Memory (MB)          :      173     2048      2100 

	Job terminated of its own accord at 2024-05-05T15:12:56Z with exit-code 86.
...
006 (565503.011.000) 2024-05-06 00:12:59 Image size of job updated: 606244
	202  -  MemoryUsage of job (MB)
	206296  -  ResidentSetSize of job (KB)
...
040 (565503.011.000) 2024-05-06 00:12:59 Started transferring output files
...
040 (565503.011.000) 2024-05-06 00:12:59 Finished transferring output files
...
005 (565503.011.000) 2024-05-06 00:12:59 Job terminated.
	(1) Normal termination (return value 86)
		Usr 0 00:00:18, Sys 0 00:00:01  -  Run Remote Usage
		Usr 0 00:00:00, Sys 0 00:00:00  -  Run Local Usage
		Usr 0 00:00:18, Sys 0 00:00:01  -  Total Remote Usage
		Usr 0 00:00:00, Sys 0 00:00:00  -  Total Local Usage
	2581  -  Run Bytes Sent By Job
	964536  -  Run Bytes Received By Job
	2581  -  Total Bytes Sent By Job
	964536  -  Total Bytes Received By Job
	Partitionable Resources :    Usage  Request Allocated 
	   Cpus                 :                 1         1 
	   Disk (KB)            :      955     1000   1900742 
	   Memory (MB)          :      202     2048      2100 

	Job terminated of its own accord at 2024-05-05T15:12:59Z with exit-code 86.
...
006 (565503.019.000) 2024-05-06 00:13:01 Image size of job updated: 589296
	201  -  MemoryUsage of job (MB)
	205760  -  ResidentSetSize of job (KB)
...
040 (565503.019.000) 2024-05-06 00:13:01 Started transferring output files
...
040 (565503.019.000) 2024-05-06 00:13:01 Finished transferring output files
...
005 (565503.019.000) 2024-05-06 00:13:01 Job terminated.
	(1) Normal termination (return value 86)
		Usr 0 00:00:18, Sys 0 00:00:01  -  Run Remote Usage
		Usr 0 00:00:00, Sys 0 00:00:00  -  Run Local Usage
		Usr 0 00:00:18, Sys 0 00:00:01  -  Total Remote Usage
		Usr 0 00:00:00, Sys 0 00:00:00  -  Total Local Usage
	2581  -  Run Bytes Sent By Job
	964536  -  Run Bytes Received By Job
	2581  -  Total Bytes Sent By Job
	964536  -  Total Bytes Received By Job
	Partitionable Resources :    Usage  Request Allocated 
	   Cpus                 :                 1         1 
	   Disk (KB)            :      955     1000   1904180 
	   Memory (MB)          :      201     2048      2100 

	Job terminated of its own accord at 2024-05-05T15:13:01Z with exit-code 86.
...
006 (565503.002.000) 2024-05-06 00:13:02 Image size of job updated: 1243264
	179  -  MemoryUsage of job (MB)
	182488  -  ResidentSetSize of job (KB)
...
040 (565503.002.000) 2024-05-06 00:13:02 Started transferring output files
...
040 (565503.002.000) 2024-05-06 00:13:02 Finished transferring output files
...
005 (565503.002.000) 2024-05-06 00:13:02 Job terminated.
	(1) Normal termination (return value 86)
		Usr 0 00:00:23, Sys 0 00:00:01  -  Run Remote Usage
		Usr 0 00:00:00, Sys 0 00:00:00  -  Run Local Usage
		Usr 0 00:00:23, Sys 0 00:00:01  -  Total Remote Usage
		Usr 0 00:00:00, Sys 0 00:00:00  -  Total Local Usage
	3671  -  Run Bytes Sent By Job
	964536  -  Run Bytes Received By Job
	3671  -  Total Bytes Sent By Job
	964536  -  Total Bytes Received By Job
	Partitionable Resources :    Usage  Request Allocated 
	   Cpus                 :                 1         1 
	   Disk (KB)            :      956     1000   1925988 
	   Memory (MB)          :      179     2048      2100 

	Job terminated of its own accord at 2024-05-05T15:13:02Z with exit-code 86.
...
006 (565503.005.000) 2024-05-06 00:13:04 Image size of job updated: 590356
	189  -  MemoryUsage of job (MB)
	193504  -  ResidentSetSize of job (KB)
...
040 (565503.005.000) 2024-05-06 00:13:04 Started transferring output files
...
040 (565503.005.000) 2024-05-06 00:13:04 Finished transferring output files
...
005 (565503.005.000) 2024-05-06 00:13:04 Job terminated.
	(1) Normal termination (return value 86)
		Usr 0 00:00:16, Sys 0 00:00:00  -  Run Remote Usage
		Usr 0 00:00:00, Sys 0 00:00:00  -  Run Local Usage
		Usr 0 00:00:16, Sys 0 00:00:00  -  Total Remote Usage
		Usr 0 00:00:00, Sys 0 00:00:00  -  Total Local Usage
	2580  -  Run Bytes Sent By Job
	964536  -  Run Bytes Received By Job
	2580  -  Total Bytes Sent By Job
	964536  -  Total Bytes Received By Job
	Partitionable Resources :    Usage  Request Allocated 
	   Cpus                 :                 1         1 
	   Disk (KB)            :      956     1000   1912020 
	   Memory (MB)          :      189     2048      2100 

	Job terminated of its own accord at 2024-05-05T15:13:04Z with exit-code 86.
...
006 (565503.013.000) 2024-05-06 00:13:17 Image size of job updated: 1382616
	177  -  MemoryUsage of job (MB)
	180904  -  ResidentSetSize of job (KB)
...
040 (565503.013.000) 2024-05-06 00:13:17 Started transferring output files
...
040 (565503.013.000) 2024-05-06 00:13:17 Finished transferring output files
...
005 (565503.013.000) 2024-05-06 00:13:17 Job terminated.
	(1) Normal termination (return value 86)
		Usr 0 00:00:33, Sys 0 00:00:01  -  Run Remote Usage
		Usr 0 00:00:00, Sys 0 00:00:00  -  Run Local Usage
		Usr 0 00:00:33, Sys 0 00:00:01  -  Total Remote Usage
		Usr 0 00:00:00, Sys 0 00:00:00  -  Total Local Usage
	3673  -  Run Bytes Sent By Job
	964536  -  Run Bytes Received By Job
	3673  -  Total Bytes Sent By Job
	964536  -  Total Bytes Received By Job
	Partitionable Resources :    Usage  Request Allocated 
	   Cpus                 :                 1         1 
	   Disk (KB)            :      956     1000   1904196 
	   Memory (MB)          :      177     2048      2100 

	Job terminated of its own accord at 2024-05-05T15:13:17Z with exit-code 86.
...
006 (565503.008.000) 2024-05-06 00:13:44 Image size of job updated: 773192
	193  -  MemoryUsage of job (MB)
	197404  -  ResidentSetSize of job (KB)
...
040 (565503.008.000) 2024-05-06 00:13:44 Started transferring output files
...
040 (565503.008.000) 2024-05-06 00:13:44 Finished transferring output files
...
005 (565503.008.000) 2024-05-06 00:13:44 Job terminated.
	(1) Normal termination (return value 86)
		Usr 0 00:00:19, Sys 0 00:00:02  -  Run Remote Usage
		Usr 0 00:00:00, Sys 0 00:00:00  -  Run Local Usage
		Usr 0 00:00:19, Sys 0 00:00:02  -  Total Remote Usage
		Usr 0 00:00:00, Sys 0 00:00:00  -  Total Local Usage
	2833  -  Run Bytes Sent By Job
	964536  -  Run Bytes Received By Job
	2833  -  Total Bytes Sent By Job
	964536  -  Total Bytes Received By Job
	Partitionable Resources :    Usage  Request Allocated 
	   Cpus                 :     0.13        1         1 
	   Disk (KB)            :   962        1000   1892077 
	   Memory (MB)          :   193        2048      2100 

	Job terminated of its own accord at 2024-05-05T15:13:44Z with exit-code 86.
...
006 (565503.007.000) 2024-05-06 00:13:55 Image size of job updated: 1386712
	198  -  MemoryUsage of job (MB)
	202572  -  ResidentSetSize of job (KB)
...
040 (565503.007.000) 2024-05-06 00:13:55 Started transferring output files
...
040 (565503.007.000) 2024-05-06 00:13:55 Finished transferring output files
...
005 (565503.007.000) 2024-05-06 00:13:55 Job terminated.
	(1) Normal termination (return value 86)
		Usr 0 00:00:16, Sys 0 00:00:00  -  Run Remote Usage
		Usr 0 00:00:00, Sys 0 00:00:00  -  Run Local Usage
		Usr 0 00:00:16, Sys 0 00:00:00  -  Total Remote Usage
		Usr 0 00:00:00, Sys 0 00:00:00  -  Total Local Usage
	4324  -  Run Bytes Sent By Job
	964536  -  Run Bytes Received By Job
	4324  -  Total Bytes Sent By Job
	964536  -  Total Bytes Received By Job
	Partitionable Resources :    Usage  Request Allocated 
	   Cpus                 :                 1         1 
	   Disk (KB)            :      957     1000   1881963 
	   Memory (MB)          :      198     2048      2100 

	Job terminated of its own accord at 2024-05-05T15:13:55Z with exit-code 86.
...
006 (565503.003.000) 2024-05-06 00:13:56 Image size of job updated: 587448
	180  -  MemoryUsage of job (MB)
	183364  -  ResidentSetSize of job (KB)
...
040 (565503.003.000) 2024-05-06 00:13:56 Started transferring output files
...
040 (565503.003.000) 2024-05-06 00:13:56 Finished transferring output files
...
005 (565503.003.000) 2024-05-06 00:13:56 Job terminated.
	(1) Normal termination (return value 86)
		Usr 0 00:00:16, Sys 0 00:00:01  -  Run Remote Usage
		Usr 0 00:00:00, Sys 0 00:00:00  -  Run Local Usage
		Usr 0 00:00:16, Sys 0 00:00:01  -  Total Remote Usage
		Usr 0 00:00:00, Sys 0 00:00:00  -  Total Local Usage
	4067  -  Run Bytes Sent By Job
	964536  -  Run Bytes Received By Job
	4067  -  Total Bytes Sent By Job
	964536  -  Total Bytes Received By Job
	Partitionable Resources :    Usage  Request Allocated 
	   Cpus                 :                 1         1 
	   Disk (KB)            :      957     1000   1906420 
	   Memory (MB)          :      180     2048      2100 

	Job terminated of its own accord at 2024-05-05T15:13:56Z with exit-code 86.
...
006 (565503.012.000) 2024-05-06 00:13:59 Image size of job updated: 601732
	202  -  MemoryUsage of job (MB)
	206396  -  ResidentSetSize of job (KB)
...
040 (565503.012.000) 2024-05-06 00:13:59 Started transferring output files
...
040 (565503.012.000) 2024-05-06 00:13:59 Finished transferring output files
...
005 (565503.012.000) 2024-05-06 00:13:59 Job terminated.
	(1) Normal termination (return value 86)
		Usr 0 00:00:18, Sys 0 00:00:01  -  Run Remote Usage
		Usr 0 00:00:00, Sys 0 00:00:00  -  Run Local Usage
		Usr 0 00:00:18, Sys 0 00:00:01  -  Total Remote Usage
		Usr 0 00:00:00, Sys 0 00:00:00  -  Total Local Usage
	3044  -  Run Bytes Sent By Job
	964536  -  Run Bytes Received By Job
	3044  -  Total Bytes Sent By Job
	964536  -  Total Bytes Received By Job
	Partitionable Resources :    Usage  Request Allocated 
	   Cpus                 :                 1         1 
	   Disk (KB)            :      956     1000   1915823 
	   Memory (MB)          :      202     2048      2100 

	Job terminated of its own accord at 2024-05-05T15:13:59Z with exit-code 86.
...
006 (565503.010.000) 2024-05-06 00:14:00 Image size of job updated: 600540
	199  -  MemoryUsage of job (MB)
	203452  -  ResidentSetSize of job (KB)
...
040 (565503.010.000) 2024-05-06 00:14:00 Started transferring output files
...
040 (565503.010.000) 2024-05-06 00:14:00 Finished transferring output files
...
006 (565503.016.000) 2024-05-06 00:14:00 Image size of job updated: 569012
	209  -  MemoryUsage of job (MB)
	213040  -  ResidentSetSize of job (KB)
...
005 (565503.010.000) 2024-05-06 00:14:00 Job terminated.
	(1) Normal termination (return value 86)
		Usr 0 00:00:18, Sys 0 00:00:01  -  Run Remote Usage
		Usr 0 00:00:00, Sys 0 00:00:00  -  Run Local Usage
		Usr 0 00:00:18, Sys 0 00:00:01  -  Total Remote Usage
		Usr 0 00:00:00, Sys 0 00:00:00  -  Total Local Usage
	3046  -  Run Bytes Sent By Job
	964536  -  Run Bytes Received By Job
	3046  -  Total Bytes Sent By Job
	964536  -  Total Bytes Received By Job
	Partitionable Resources :    Usage  Request Allocated 
	   Cpus                 :                 1         1 
	   Disk (KB)            :      956     1000   1921459 
	   Memory (MB)          :      199     2048      2100 

	Job terminated of its own accord at 2024-05-05T15:14:00Z with exit-code 86.
...
040 (565503.016.000) 2024-05-06 00:14:00 Started transferring output files
...
040 (565503.016.000) 2024-05-06 00:14:00 Finished transferring output files
...
005 (565503.016.000) 2024-05-06 00:14:00 Job terminated.
	(1) Normal termination (return value 86)
		Usr 0 00:00:16, Sys 0 00:00:00  -  Run Remote Usage
		Usr 0 00:00:00, Sys 0 00:00:00  -  Run Local Usage
		Usr 0 00:00:16, Sys 0 00:00:00  -  Total Remote Usage
		Usr 0 00:00:00, Sys 0 00:00:00  -  Total Local Usage
	3883  -  Run Bytes Sent By Job
	964536  -  Run Bytes Received By Job
	3883  -  Total Bytes Sent By Job
	964536  -  Total Bytes Received By Job
	Partitionable Resources :    Usage  Request Allocated 
	   Cpus                 :                 1         1 
	   Disk (KB)            :      957     1000   1906420 
	   Memory (MB)          :      209     2048      2100 

	Job terminated of its own accord at 2024-05-05T15:14:00Z with exit-code 86.
...
006 (565503.015.000) 2024-05-06 00:14:03 Image size of job updated: 1845200
	206  -  MemoryUsage of job (MB)
	210332  -  ResidentSetSize of job (KB)
...
040 (565503.015.000) 2024-05-06 00:14:03 Started transferring output files
...
040 (565503.015.000) 2024-05-06 00:14:03 Finished transferring output files
...
005 (565503.015.000) 2024-05-06 00:14:03 Job terminated.
	(1) Normal termination (return value 86)
		Usr 0 00:00:23, Sys 0 00:00:01  -  Run Remote Usage
		Usr 0 00:00:00, Sys 0 00:00:00  -  Run Local Usage
		Usr 0 00:00:23, Sys 0 00:00:01  -  Total Remote Usage
		Usr 0 00:00:00, Sys 0 00:00:00  -  Total Local Usage
	4322  -  Run Bytes Sent By Job
	964536  -  Run Bytes Received By Job
	4322  -  Total Bytes Sent By Job
	964536  -  Total Bytes Received By Job
	Partitionable Resources :    Usage  Request Allocated 
	   Cpus                 :        0        1         1 
	   Disk (KB)            :      962     1000   1925988 
	   Memory (MB)          :      206     2048      2100 

	Job terminated of its own accord at 2024-05-05T15:14:03Z with exit-code 86.
...
006 (565503.006.000) 2024-05-06 00:14:05 Image size of job updated: 598512
	215  -  MemoryUsage of job (MB)
	219140  -  ResidentSetSize of job (KB)
...
040 (565503.006.000) 2024-05-06 00:14:05 Started transferring output files
...
040 (565503.006.000) 2024-05-06 00:14:05 Finished transferring output files
...
005 (565503.006.000) 2024-05-06 00:14:05 Job terminated.
	(1) Normal termination (return value 86)
		Usr 0 00:00:16, Sys 0 00:00:01  -  Run Remote Usage
		Usr 0 00:00:00, Sys 0 00:00:00  -  Run Local Usage
		Usr 0 00:00:16, Sys 0 00:00:01  -  Total Remote Usage
		Usr 0 00:00:00, Sys 0 00:00:00  -  Total Local Usage
	2789  -  Run Bytes Sent By Job
	964536  -  Run Bytes Received By Job
	2789  -  Total Bytes Sent By Job
	964536  -  Total Bytes Received By Job
	Partitionable Resources :    Usage  Request Allocated 
	   Cpus                 :        0        1         1 
	   Disk (KB)            :      962     1000   1948177 
	   Memory (MB)          :      215     2048      2100 

	Job terminated of its own accord at 2024-05-05T15:14:05Z with exit-code 86.
...
006 (565503.000.000) 2024-05-06 00:14:16 Image size of job updated: 1382596
	163  -  MemoryUsage of job (MB)
	166476  -  ResidentSetSize of job (KB)
...
040 (565503.000.000) 2024-05-06 00:14:16 Started transferring output files
...
040 (565503.000.000) 2024-05-06 00:14:16 Finished transferring output files
...
005 (565503.000.000) 2024-05-06 00:14:16 Job terminated.
	(1) Normal termination (return value 86)
		Usr 0 00:00:31, Sys 0 00:00:01  -  Run Remote Usage
		Usr 0 00:00:00, Sys 0 00:00:00  -  Run Local Usage
		Usr 0 00:00:31, Sys 0 00:00:01  -  Total Remote Usage
		Usr 0 00:00:00, Sys 0 00:00:00  -  Total Local Usage
	4144  -  Run Bytes Sent By Job
	964536  -  Run Bytes Received By Job
	4144  -  Total Bytes Sent By Job
	964536  -  Total Bytes Received By Job
	Partitionable Resources :    Usage  Request Allocated 
	   Cpus                 :        0        1         1 
	   Disk (KB)            :      962     1000   1904196 
	   Memory (MB)          :      163     2048      2100 

	Job terminated of its own accord at 2024-05-05T15:14:16Z with exit-code 86.
...
006 (565503.017.000) 2024-05-06 00:14:57 Image size of job updated: 610512
	206  -  MemoryUsage of job (MB)
	210688  -  ResidentSetSize of job (KB)
...
040 (565503.017.000) 2024-05-06 00:14:57 Started transferring output files
...
040 (565503.017.000) 2024-05-06 00:14:57 Finished transferring output files
...
005 (565503.017.000) 2024-05-06 00:14:57 Job terminated.
	(1) Normal termination (return value 86)
		Usr 0 00:00:16, Sys 0 00:00:00  -  Run Remote Usage
		Usr 0 00:00:00, Sys 0 00:00:00  -  Run Local Usage
		Usr 0 00:00:16, Sys 0 00:00:00  -  Total Remote Usage
		Usr 0 00:00:00, Sys 0 00:00:00  -  Total Local Usage
	3512  -  Run Bytes Sent By Job
	964536  -  Run Bytes Received By Job
	3512  -  Total Bytes Sent By Job
	964536  -  Total Bytes Received By Job
	Partitionable Resources :    Usage  Request Allocated 
	   Cpus                 :                 1         1 
	   Disk (KB)            :      956     1000   1899838 
	   Memory (MB)          :      206     2048      2100 

	Job terminated of its own accord at 2024-05-05T15:14:57Z with exit-code 86.
...
006 (565503.018.000) 2024-05-06 00:14:59 Image size of job updated: 1263740
	204  -  MemoryUsage of job (MB)
	208084  -  ResidentSetSize of job (KB)
...
040 (565503.018.000) 2024-05-06 00:14:59 Started transferring output files
...
040 (565503.018.000) 2024-05-06 00:14:59 Finished transferring output files
...
005 (565503.018.000) 2024-05-06 00:14:59 Job terminated.
	(1) Normal termination (return value 86)
		Usr 0 00:00:16, Sys 0 00:00:00  -  Run Remote Usage
		Usr 0 00:00:00, Sys 0 00:00:00  -  Run Local Usage
		Usr 0 00:00:16, Sys 0 00:00:00  -  Total Remote Usage
		Usr 0 00:00:00, Sys 0 00:00:00  -  Total Local Usage
	4111  -  Run Bytes Sent By Job
	964536  -  Run Bytes Received By Job
	4111  -  Total Bytes Sent By Job
	964536  -  Total Bytes Received By Job
	Partitionable Resources :    Usage  Request Allocated 
	   Cpus                 :        0        1         1 
	   Disk (KB)            :      962     1000   1881963 
	   Memory (MB)          :      204     2048      2100 

	Job terminated of its own accord at 2024-05-05T15:14:59Z with exit-code 86.
...
006 (565503.009.000) 2024-05-06 00:15:18 Image size of job updated: 607904
	201  -  MemoryUsage of job (MB)
	205708  -  ResidentSetSize of job (KB)
...
040 (565503.009.000) 2024-05-06 00:15:18 Started transferring output files
...
040 (565503.009.000) 2024-05-06 00:15:18 Finished transferring output files
...
005 (565503.009.000) 2024-05-06 00:15:18 Job terminated.
	(1) Normal termination (return value 86)
		Usr 0 00:00:18, Sys 0 00:00:01  -  Run Remote Usage
		Usr 0 00:00:00, Sys 0 00:00:00  -  Run Local Usage
		Usr 0 00:00:18, Sys 0 00:00:01  -  Total Remote Usage
		Usr 0 00:00:00, Sys 0 00:00:00  -  Total Local Usage
	2834  -  Run Bytes Sent By Job
	964536  -  Run Bytes Received By Job
	2834  -  Total Bytes Sent By Job
	964536  -  Total Bytes Received By Job
	Partitionable Resources :    Usage  Request Allocated 
	   Cpus                 :     0.14        1         1 
	   Disk (KB)            :   961        1000   1921359 
	   Memory (MB)          :   201        2048      2100 

	Job terminated of its own accord at 2024-05-05T15:15:18Z with exit-code 86.
...
006 (565503.001.000) 2024-05-06 00:15:48 Image size of job updated: 672768
	108  -  MemoryUsage of job (MB)
	109740  -  ResidentSetSize of job (KB)
...
006 (565503.014.000) 2024-05-06 00:15:48 Image size of job updated: 663392
	107  -  MemoryUsage of job (MB)
	109248  -  ResidentSetSize of job (KB)
...
040 (565503.001.000) 2024-05-06 00:15:48 Started transferring output files
...
040 (565503.014.000) 2024-05-06 00:15:48 Started transferring output files
...
040 (565503.014.000) 2024-05-06 00:15:48 Finished transferring output files
...
040 (565503.001.000) 2024-05-06 00:15:48 Finished transferring output files
...
005 (565503.014.000) 2024-05-06 00:15:48 Job terminated.
	(1) Normal termination (return value 86)
		Usr 0 00:00:26, Sys 0 00:00:02  -  Run Remote Usage
		Usr 0 00:00:00, Sys 0 00:00:00  -  Run Local Usage
		Usr 0 00:00:26, Sys 0 00:00:02  -  Total Remote Usage
		Usr 0 00:00:00, Sys 0 00:00:00  -  Total Local Usage
	2836  -  Run Bytes Sent By Job
	964536  -  Run Bytes Received By Job
	2836  -  Total Bytes Sent By Job
	964536  -  Total Bytes Received By Job
	Partitionable Resources :    Usage  Request Allocated 
	   Cpus                 :                 1         1 
	   Disk (KB)            :      956     1000   1904352 
	   Memory (MB)          :      107     2048      2100 

	Job terminated of its own accord at 2024-05-05T15:15:48Z with exit-code 86.
...
005 (565503.001.000) 2024-05-06 00:15:48 Job terminated.
	(1) Normal termination (return value 86)
		Usr 0 00:00:27, Sys 0 00:00:02  -  Run Remote Usage
		Usr 0 00:00:00, Sys 0 00:00:00  -  Run Local Usage
		Usr 0 00:00:27, Sys 0 00:00:02  -  Total Remote Usage
		Usr 0 00:00:00, Sys 0 00:00:00  -  Total Local Usage
	2833  -  Run Bytes Sent By Job
	964536  -  Run Bytes Received By Job
	2833  -  Total Bytes Sent By Job
	964536  -  Total Bytes Received By Job
	Partitionable Resources :    Usage  Request Allocated 
	   Cpus                 :        0        1         1 
	   Disk (KB)            :      962     1000   1904352 
	   Memory (MB)          :      108     2048      2100 

	Job terminated of its own accord at 2024-05-05T15:15:48Z with exit-code 86.
...
000 (565505.000.000) 2024-05-06 00:47:43 Job submitted from host: <155.230.23.72:9618?addrs=155.230.23.72-9618&alias=cms02.knu.ac.kr&noUDP&sock=schedd_1702_0247>
...
000 (565505.001.000) 2024-05-06 00:47:43 Job submitted from host: <155.230.23.72:9618?addrs=155.230.23.72-9618&alias=cms02.knu.ac.kr&noUDP&sock=schedd_1702_0247>
...
000 (565505.002.000) 2024-05-06 00:47:43 Job submitted from host: <155.230.23.72:9618?addrs=155.230.23.72-9618&alias=cms02.knu.ac.kr&noUDP&sock=schedd_1702_0247>
...
000 (565505.003.000) 2024-05-06 00:47:43 Job submitted from host: <155.230.23.72:9618?addrs=155.230.23.72-9618&alias=cms02.knu.ac.kr&noUDP&sock=schedd_1702_0247>
...
000 (565505.004.000) 2024-05-06 00:47:43 Job submitted from host: <155.230.23.72:9618?addrs=155.230.23.72-9618&alias=cms02.knu.ac.kr&noUDP&sock=schedd_1702_0247>
...
000 (565505.005.000) 2024-05-06 00:47:43 Job submitted from host: <155.230.23.72:9618?addrs=155.230.23.72-9618&alias=cms02.knu.ac.kr&noUDP&sock=schedd_1702_0247>
...
000 (565505.006.000) 2024-05-06 00:47:43 Job submitted from host: <155.230.23.72:9618?addrs=155.230.23.72-9618&alias=cms02.knu.ac.kr&noUDP&sock=schedd_1702_0247>
...
000 (565505.007.000) 2024-05-06 00:47:43 Job submitted from host: <155.230.23.72:9618?addrs=155.230.23.72-9618&alias=cms02.knu.ac.kr&noUDP&sock=schedd_1702_0247>
...
000 (565505.008.000) 2024-05-06 00:47:43 Job submitted from host: <155.230.23.72:9618?addrs=155.230.23.72-9618&alias=cms02.knu.ac.kr&noUDP&sock=schedd_1702_0247>
...
000 (565505.009.000) 2024-05-06 00:47:43 Job submitted from host: <155.230.23.72:9618?addrs=155.230.23.72-9618&alias=cms02.knu.ac.kr&noUDP&sock=schedd_1702_0247>
...
000 (565505.010.000) 2024-05-06 00:47:43 Job submitted from host: <155.230.23.72:9618?addrs=155.230.23.72-9618&alias=cms02.knu.ac.kr&noUDP&sock=schedd_1702_0247>
...
000 (565505.011.000) 2024-05-06 00:47:43 Job submitted from host: <155.230.23.72:9618?addrs=155.230.23.72-9618&alias=cms02.knu.ac.kr&noUDP&sock=schedd_1702_0247>
...
000 (565505.012.000) 2024-05-06 00:47:43 Job submitted from host: <155.230.23.72:9618?addrs=155.230.23.72-9618&alias=cms02.knu.ac.kr&noUDP&sock=schedd_1702_0247>
...
000 (565505.013.000) 2024-05-06 00:47:43 Job submitted from host: <155.230.23.72:9618?addrs=155.230.23.72-9618&alias=cms02.knu.ac.kr&noUDP&sock=schedd_1702_0247>
...
000 (565505.014.000) 2024-05-06 00:47:43 Job submitted from host: <155.230.23.72:9618?addrs=155.230.23.72-9618&alias=cms02.knu.ac.kr&noUDP&sock=schedd_1702_0247>
...
000 (565505.015.000) 2024-05-06 00:47:43 Job submitted from host: <155.230.23.72:9618?addrs=155.230.23.72-9618&alias=cms02.knu.ac.kr&noUDP&sock=schedd_1702_0247>
...
000 (565505.016.000) 2024-05-06 00:47:43 Job submitted from host: <155.230.23.72:9618?addrs=155.230.23.72-9618&alias=cms02.knu.ac.kr&noUDP&sock=schedd_1702_0247>
...
000 (565505.017.000) 2024-05-06 00:47:43 Job submitted from host: <155.230.23.72:9618?addrs=155.230.23.72-9618&alias=cms02.knu.ac.kr&noUDP&sock=schedd_1702_0247>
...
000 (565505.018.000) 2024-05-06 00:47:43 Job submitted from host: <155.230.23.72:9618?addrs=155.230.23.72-9618&alias=cms02.knu.ac.kr&noUDP&sock=schedd_1702_0247>
...
000 (565505.019.000) 2024-05-06 00:47:43 Job submitted from host: <155.230.23.72:9618?addrs=155.230.23.72-9618&alias=cms02.knu.ac.kr&noUDP&sock=schedd_1702_0247>
...
040 (565505.002.000) 2024-05-06 00:48:04 Started transferring input files
	Transferring to host: <155.230.21.88:9618?addrs=155.230.21.88-9618+[2407-c000-c024-0-f66d-4ff-fe2e-8359]-9618&alias=cluster288.knu.ac.kr&noUDP&sock=slot1_4_1811_c363_2123>
...
040 (565505.002.000) 2024-05-06 00:48:04 Finished transferring input files
...
040 (565505.001.000) 2024-05-06 00:48:05 Started transferring input files
	Transferring to host: <155.230.21.79:9618?addrs=155.230.21.79-9618+[2407-c000-c024-0-beae-c5ff-fe1a-4ba6]-9618&alias=cluster279.knu.ac.kr&noUDP&sock=slot1_3_1853_5b24_907>
...
040 (565505.001.000) 2024-05-06 00:48:05 Finished transferring input files
...
040 (565505.000.000) 2024-05-06 00:48:05 Started transferring input files
	Transferring to host: <155.230.21.43:9618?addrs=155.230.21.43-9618+[2407-c000-c024-0-226-18ff-fe94-3c21]-9618&alias=cluster243.knu.ac.kr&noUDP&sock=slot1_1_7076_6e99_5596>
...
040 (565505.000.000) 2024-05-06 00:48:05 Finished transferring input files
...
040 (565505.006.000) 2024-05-06 00:48:05 Started transferring input files
	Transferring to host: <155.230.21.96:9618?addrs=155.230.21.96-9618+[2407-c000-c024-0-e2cb-4eff-fe53-cf19]-9618&alias=cluster296.knu.ac.kr&noUDP&sock=slot1_1_1676_a4bd_3219>
...
040 (565505.006.000) 2024-05-06 00:48:05 Finished transferring input files
...
040 (565505.004.000) 2024-05-06 00:48:05 Started transferring input files
	Transferring to host: <155.230.21.90:9618?addrs=155.230.21.90-9618&alias=cluster290.knu.ac.kr&noUDP&sock=slot1_3_1813_2c23_1017>
...
040 (565505.004.000) 2024-05-06 00:48:05 Finished transferring input files
...
001 (565505.002.000) 2024-05-06 00:48:05 Job executing on host: <155.230.21.88:9618?addrs=155.230.21.88-9618+[2407-c000-c024-0-f66d-4ff-fe2e-8359]-9618&alias=cluster288.knu.ac.kr&noUDP&sock=startd_1776_c44a>
	SlotName: slot1_4@cluster288.knu.ac.kr
...
040 (565505.003.000) 2024-05-06 00:48:05 Started transferring input files
	Transferring to host: <155.230.21.149:9618?addrs=155.230.21.149-9618+[2407-c000-c024-0-230-48ff-feca-cdba]-9618&alias=cluster349.knu.ac.kr&noUDP&sock=slot1_1_6409_785e_1744>
...
040 (565505.003.000) 2024-05-06 00:48:05 Finished transferring input files
...
001 (565505.001.000) 2024-05-06 00:48:06 Job executing on host: <155.230.21.79:9618?addrs=155.230.21.79-9618+[2407-c000-c024-0-beae-c5ff-fe1a-4ba6]-9618&alias=cluster279.knu.ac.kr&noUDP&sock=startd_1817_e3ac>
	SlotName: slot1_3@cluster279.knu.ac.kr
	CondorScratchDir = "/home/condor/dir_16954"
	Cpus = 1
	Disk = 1912020
	Memory = 2100
...
001 (565505.000.000) 2024-05-06 00:48:06 Job executing on host: <155.230.21.43:9618?addrs=155.230.21.43-9618+[2407-c000-c024-0-226-18ff-fe94-3c21]-9618&alias=cluster243.knu.ac.kr&noUDP&sock=startd_6305_48b7>
	SlotName: slot1_1@cluster243.knu.ac.kr
...
001 (565505.006.000) 2024-05-06 00:48:06 Job executing on host: <155.230.21.96:9618?addrs=155.230.21.96-9618+[2407-c000-c024-0-e2cb-4eff-fe53-cf19]-9618&alias=cluster296.knu.ac.kr&noUDP&sock=startd_1640_7b68>
	SlotName: slot1_1@cluster296.knu.ac.kr
...
001 (565505.004.000) 2024-05-06 00:48:06 Job executing on host: <155.230.21.90:9618?addrs=155.230.21.90-9618&alias=cluster290.knu.ac.kr&noUDP&sock=startd_1776_c44a>
	SlotName: slot1_3@cluster290.knu.ac.kr
	CondorScratchDir = "/home/condor/dir_29150"
	Cpus = 1
	Disk = 1899838
	Memory = 2100
...
040 (565505.007.000) 2024-05-06 00:48:06 Started transferring input files
	Transferring to host: <155.230.21.142:9618?addrs=155.230.21.142-9618+[2407-c000-c024-0-2e0-81ff-fee2-dcee]-9618&alias=cluster342.knu.ac.kr&noUDP&sock=slot1_1_5552_a2db_3394>
...
040 (565505.007.000) 2024-05-06 00:48:06 Finished transferring input files
...
040 (565505.008.000) 2024-05-06 00:48:06 Started transferring input files
	Transferring to host: <155.230.21.113:9618?addrs=155.230.21.113-9618+[2407-c000-c024-0-a60-6eff-fe17-c80e]-9618&alias=cluster313.knu.ac.kr&noUDP&sock=slot1_1_2127_69f0_1270>
...
040 (565505.008.000) 2024-05-06 00:48:06 Finished transferring input files
...
001 (565505.003.000) 2024-05-06 00:48:06 Job executing on host: <155.230.21.149:9618?addrs=155.230.21.149-9618+[2407-c000-c024-0-230-48ff-feca-cdba]-9618&alias=cluster349.knu.ac.kr&noUDP&sock=startd_5735_4fbb>
	SlotName: slot1_1@cluster349.knu.ac.kr
	CondorScratchDir = "/home/condor/dir_27846"
	Cpus = 1
	Disk = 1904352
	Memory = 2100
...
040 (565505.005.000) 2024-05-06 00:48:06 Started transferring input files
	Transferring to host: <155.230.21.86:9618?addrs=155.230.21.86-9618&alias=cluster286.knu.ac.kr&noUDP&sock=slot1_4_4760_99bb_2750>
...
040 (565505.005.000) 2024-05-06 00:48:06 Finished transferring input files
...
001 (565505.007.000) 2024-05-06 00:48:07 Job executing on host: <155.230.21.142:9618?addrs=155.230.21.142-9618+[2407-c000-c024-0-2e0-81ff-fee2-dcee]-9618&alias=cluster342.knu.ac.kr&noUDP&sock=startd_4930_25fe>
	SlotName: slot1_1@cluster342.knu.ac.kr
	CondorScratchDir = "/home/condor/dir_22832"
	Cpus = 1
	Disk = 1906420
	Memory = 2100
...
001 (565505.008.000) 2024-05-06 00:48:07 Job executing on host: <155.230.21.113:9618?addrs=155.230.21.113-9618+[2407-c000-c024-0-a60-6eff-fe17-c80e]-9618&alias=cluster313.knu.ac.kr&noUDP&sock=startd_2091_d49f>
	SlotName: slot1_1@cluster313.knu.ac.kr
	CondorScratchDir = "/home/condor/dir_25506"
	Cpus = 1
	Disk = 1892077
	Memory = 2100
...
001 (565505.005.000) 2024-05-06 00:48:07 Job executing on host: <155.230.21.86:9618?addrs=155.230.21.86-9618&alias=cluster286.knu.ac.kr&noUDP&sock=startd_4251_6930>
	SlotName: slot1_4@cluster286.knu.ac.kr
	CondorScratchDir = "/home/condor/dir_32331"
	Cpus = 1
	Disk = 1903760
	Memory = 2100
...
040 (565505.009.000) 2024-05-06 00:48:08 Started transferring input files
	Transferring to host: <155.230.21.110:9618?addrs=155.230.21.110-9618&alias=cluster310.knu.ac.kr&noUDP&sock=slot1_1_1738_5400_1135>
...
040 (565505.009.000) 2024-05-06 00:48:08 Finished transferring input files
...
040 (565505.010.000) 2024-05-06 00:48:08 Started transferring input files
	Transferring to host: <155.230.21.109:9618?addrs=155.230.21.109-9618&alias=cluster309.knu.ac.kr&noUDP&sock=slot1_1_1766_0e81_1175>
...
040 (565505.010.000) 2024-05-06 00:48:08 Finished transferring input files
...
040 (565505.011.000) 2024-05-06 00:48:08 Started transferring input files
	Transferring to host: <155.230.21.108:9618?addrs=155.230.21.108-9618&alias=cluster308.knu.ac.kr&noUDP&sock=slot1_1_1923_ad67_1056>
...
040 (565505.011.000) 2024-05-06 00:48:08 Finished transferring input files
...
040 (565505.014.000) 2024-05-06 00:48:08 Started transferring input files
	Transferring to host: <155.230.21.87:9618?addrs=155.230.21.87-9618&alias=cluster287.knu.ac.kr&noUDP&sock=slot1_1_1828_bdc3_1478>
...
040 (565505.014.000) 2024-05-06 00:48:08 Finished transferring input files
...
040 (565505.012.000) 2024-05-06 00:48:08 Started transferring input files
	Transferring to host: <155.230.21.111:9618?addrs=155.230.21.111-9618&alias=cluster311.knu.ac.kr&noUDP&sock=slot1_1_1739_0860_1163>
...
040 (565505.012.000) 2024-05-06 00:48:08 Finished transferring input files
...
040 (565505.013.000) 2024-05-06 00:48:08 Started transferring input files
	Transferring to host: <155.230.21.112:9618?addrs=155.230.21.112-9618&alias=cluster312.knu.ac.kr&noUDP&sock=slot1_1_1899_c466_963>
...
040 (565505.013.000) 2024-05-06 00:48:08 Finished transferring input files
...
001 (565505.009.000) 2024-05-06 00:48:09 Job executing on host: <155.230.21.110:9618?addrs=155.230.21.110-9618&alias=cluster310.knu.ac.kr&noUDP&sock=startd_1690_c724>
	SlotName: slot1_1@cluster310.knu.ac.kr
	CondorScratchDir = "/home/condor/dir_1453"
	Cpus = 1
	Disk = 1921359
	Memory = 2100
...
001 (565505.010.000) 2024-05-06 00:48:09 Job executing on host: <155.230.21.109:9618?addrs=155.230.21.109-9618&alias=cluster309.knu.ac.kr&noUDP&sock=startd_1730_36ee>
	SlotName: slot1_1@cluster309.knu.ac.kr
	CondorScratchDir = "/home/condor/dir_3386"
	Cpus = 1
	Disk = 1921459
	Memory = 2100
...
001 (565505.011.000) 2024-05-06 00:48:09 Job executing on host: <155.230.21.108:9618?addrs=155.230.21.108-9618&alias=cluster308.knu.ac.kr&noUDP&sock=startd_1879_6a8b>
	SlotName: slot1_1@cluster308.knu.ac.kr
	CondorScratchDir = "/home/condor/dir_22278"
	Cpus = 1
	Disk = 1900742
	Memory = 2100
...
001 (565505.014.000) 2024-05-06 00:48:09 Job executing on host: <155.230.21.87:9618?addrs=155.230.21.87-9618&alias=cluster287.knu.ac.kr&noUDP&sock=startd_1791_0e35>
	SlotName: slot1_1@cluster287.knu.ac.kr
	CondorScratchDir = "/home/condor/dir_8698"
	Cpus = 1
	Disk = 1921379
	Memory = 2100
...
001 (565505.012.000) 2024-05-06 00:48:09 Job executing on host: <155.230.21.111:9618?addrs=155.230.21.111-9618&alias=cluster311.knu.ac.kr&noUDP&sock=startd_1703_b1e0>
	SlotName: slot1_1@cluster311.knu.ac.kr
	CondorScratchDir = "/home/condor/dir_30186"
	Cpus = 1
	Disk = 1915823
	Memory = 2100
...
001 (565505.013.000) 2024-05-06 00:48:09 Job executing on host: <155.230.21.112:9618?addrs=155.230.21.112-9618&alias=cluster312.knu.ac.kr&noUDP&sock=startd_1863_7107>
	SlotName: slot1_1@cluster312.knu.ac.kr
	CondorScratchDir = "/home/condor/dir_20411"
	Cpus = 1
	Disk = 1904180
	Memory = 2100
...
040 (565505.016.000) 2024-05-06 00:48:09 Started transferring input files
	Transferring to host: <155.230.21.88:9618?addrs=155.230.21.88-9618+[2407-c000-c024-0-f66d-4ff-fe2e-8359]-9618&alias=cluster288.knu.ac.kr&noUDP&sock=slot1_5_1811_c363_2124>
...
040 (565505.016.000) 2024-05-06 00:48:09 Finished transferring input files
...
040 (565505.017.000) 2024-05-06 00:48:09 Started transferring input files
	Transferring to host: <155.230.21.79:9618?addrs=155.230.21.79-9618+[2407-c000-c024-0-beae-c5ff-fe1a-4ba6]-9618&alias=cluster279.knu.ac.kr&noUDP&sock=slot1_5_1853_5b24_908>
...
040 (565505.017.000) 2024-05-06 00:48:09 Finished transferring input files
...
040 (565505.015.000) 2024-05-06 00:48:09 Started transferring input files
	Transferring to host: <155.230.21.43:9618?addrs=155.230.21.43-9618+[2407-c000-c024-0-226-18ff-fe94-3c21]-9618&alias=cluster243.knu.ac.kr&noUDP&sock=slot1_2_7076_6e99_5597>
...
040 (565505.015.000) 2024-05-06 00:48:09 Finished transferring input files
...
001 (565505.016.000) 2024-05-06 00:48:10 Job executing on host: <155.230.21.88:9618?addrs=155.230.21.88-9618+[2407-c000-c024-0-f66d-4ff-fe2e-8359]-9618&alias=cluster288.knu.ac.kr&noUDP&sock=startd_1776_c44a>
	SlotName: slot1_5@cluster288.knu.ac.kr
...
001 (565505.017.000) 2024-05-06 00:48:10 Job executing on host: <155.230.21.79:9618?addrs=155.230.21.79-9618+[2407-c000-c024-0-beae-c5ff-fe1a-4ba6]-9618&alias=cluster279.knu.ac.kr&noUDP&sock=startd_1817_e3ac>
	SlotName: slot1_5@cluster279.knu.ac.kr
	CondorScratchDir = "/home/condor/dir_17048"
	Cpus = 1
	Disk = 1912020
	Memory = 2100
...
001 (565505.015.000) 2024-05-06 00:48:10 Job executing on host: <155.230.21.43:9618?addrs=155.230.21.43-9618+[2407-c000-c024-0-226-18ff-fe94-3c21]-9618&alias=cluster243.knu.ac.kr&noUDP&sock=startd_6305_48b7>
	SlotName: slot1_2@cluster243.knu.ac.kr
...
040 (565505.018.000) 2024-05-06 00:48:10 Started transferring input files
	Transferring to host: <155.230.21.96:9618?addrs=155.230.21.96-9618+[2407-c000-c024-0-e2cb-4eff-fe53-cf19]-9618&alias=cluster296.knu.ac.kr&noUDP&sock=slot1_2_1676_a4bd_3220>
...
040 (565505.018.000) 2024-05-06 00:48:10 Finished transferring input files
...
040 (565505.019.000) 2024-05-06 00:48:11 Started transferring input files
	Transferring to host: <155.230.21.84:9618?addrs=155.230.21.84-9618&alias=cluster284.knu.ac.kr&noUDP&sock=slot1_1_1807_f1e3_1471>
...
040 (565505.019.000) 2024-05-06 00:48:11 Finished transferring input files
...
001 (565505.018.000) 2024-05-06 00:48:11 Job executing on host: <155.230.21.96:9618?addrs=155.230.21.96-9618+[2407-c000-c024-0-e2cb-4eff-fe53-cf19]-9618&alias=cluster296.knu.ac.kr&noUDP&sock=startd_1640_7b68>
	SlotName: slot1_2@cluster296.knu.ac.kr
...
001 (565505.019.000) 2024-05-06 00:48:12 Job executing on host: <155.230.21.84:9618?addrs=155.230.21.84-9618&alias=cluster284.knu.ac.kr&noUDP&sock=startd_1771_5650>
	SlotName: slot1_1@cluster284.knu.ac.kr
	CondorScratchDir = "/home/condor/dir_1304"
	Cpus = 1
	Disk = 1896702
	Memory = 2100
...
006 (565505.001.000) 2024-05-06 00:48:14 Image size of job updated: 27992
	28  -  MemoryUsage of job (MB)
	27904  -  ResidentSetSize of job (KB)
...
006 (565505.000.000) 2024-05-06 00:48:14 Image size of job updated: 654896
	163  -  MemoryUsage of job (MB)
	166708  -  ResidentSetSize of job (KB)
...
006 (565505.002.000) 2024-05-06 00:48:14 Image size of job updated: 910596
	167  -  MemoryUsage of job (MB)
	170360  -  ResidentSetSize of job (KB)
...
006 (565505.006.000) 2024-05-06 00:48:15 Image size of job updated: 754048
	169  -  MemoryUsage of job (MB)
	172048  -  ResidentSetSize of job (KB)
...
006 (565505.004.000) 2024-05-06 00:48:15 Image size of job updated: 43976
	43  -  MemoryUsage of job (MB)
	43744  -  ResidentSetSize of job (KB)
...
006 (565505.003.000) 2024-05-06 00:48:15 Image size of job updated: 55128
	54  -  MemoryUsage of job (MB)
	55128  -  ResidentSetSize of job (KB)
...
006 (565505.007.000) 2024-05-06 00:48:16 Image size of job updated: 172632
	169  -  MemoryUsage of job (MB)
	172592  -  ResidentSetSize of job (KB)
...
006 (565505.008.000) 2024-05-06 00:48:16 Image size of job updated: 57900
	57  -  MemoryUsage of job (MB)
	57900  -  ResidentSetSize of job (KB)
...
006 (565505.005.000) 2024-05-06 00:48:16 Image size of job updated: 35696
	35  -  MemoryUsage of job (MB)
	35620  -  ResidentSetSize of job (KB)
...
006 (565505.009.000) 2024-05-06 00:48:17 Image size of job updated: 172820
	169  -  MemoryUsage of job (MB)
	172716  -  ResidentSetSize of job (KB)
...
006 (565505.010.000) 2024-05-06 00:48:17 Image size of job updated: 742324
	725  -  MemoryUsage of job (MB)
	742324  -  ResidentSetSize of job (KB)
...
006 (565505.011.000) 2024-05-06 00:48:17 Image size of job updated: 746668
	730  -  MemoryUsage of job (MB)
	746620  -  ResidentSetSize of job (KB)
...
006 (565505.014.000) 2024-05-06 00:48:17 Image size of job updated: 113540
	111  -  MemoryUsage of job (MB)
	113540  -  ResidentSetSize of job (KB)
...
006 (565505.012.000) 2024-05-06 00:48:17 Image size of job updated: 745212
	728  -  MemoryUsage of job (MB)
	745092  -  ResidentSetSize of job (KB)
...
006 (565505.013.000) 2024-05-06 00:48:18 Image size of job updated: 741584
	725  -  MemoryUsage of job (MB)
	741512  -  ResidentSetSize of job (KB)
...
006 (565505.016.000) 2024-05-06 00:48:19 Image size of job updated: 170152
	167  -  MemoryUsage of job (MB)
	170152  -  ResidentSetSize of job (KB)
...
006 (565505.017.000) 2024-05-06 00:48:19 Image size of job updated: 32912
	33  -  MemoryUsage of job (MB)
	32856  -  ResidentSetSize of job (KB)
...
006 (565505.015.000) 2024-05-06 00:48:19 Image size of job updated: 174432
	171  -  MemoryUsage of job (MB)
	174432  -  ResidentSetSize of job (KB)
...
006 (565505.018.000) 2024-05-06 00:48:20 Image size of job updated: 171600
	168  -  MemoryUsage of job (MB)
	171600  -  ResidentSetSize of job (KB)
...
006 (565505.019.000) 2024-05-06 00:48:20 Image size of job updated: 83024
	78  -  MemoryUsage of job (MB)
	79796  -  ResidentSetSize of job (KB)
...
006 (565505.001.000) 2024-05-06 00:53:14 Image size of job updated: 791060
	667  -  MemoryUsage of job (MB)
	682356  -  ResidentSetSize of job (KB)
...
006 (565505.000.000) 2024-05-06 00:53:14 Image size of job updated: 2131996
	763  -  MemoryUsage of job (MB)
	781068  -  ResidentSetSize of job (KB)
...
006 (565505.002.000) 2024-05-06 00:53:15 Image size of job updated: 2136348
	751  -  MemoryUsage of job (MB)
	768968  -  ResidentSetSize of job (KB)
...
006 (565505.003.000) 2024-05-06 00:53:16 Image size of job updated: 810152
	638  -  MemoryUsage of job (MB)
	652496  -  ResidentSetSize of job (KB)
...
006 (565505.006.000) 2024-05-06 00:53:16 Image size of job updated: 2132248
	761  -  MemoryUsage of job (MB)
	779012  -  ResidentSetSize of job (KB)
...
006 (565505.004.000) 2024-05-06 00:53:16 Image size of job updated: 714180
	681  -  MemoryUsage of job (MB)
	697036  -  ResidentSetSize of job (KB)
...
006 (565505.008.000) 2024-05-06 00:53:17 Image size of job updated: 856692
	687  -  MemoryUsage of job (MB)
	703456  -  ResidentSetSize of job (KB)
...
006 (565505.005.000) 2024-05-06 00:53:17 Image size of job updated: 718384
	701  -  MemoryUsage of job (MB)
	717256  -  ResidentSetSize of job (KB)
...
006 (565505.009.000) 2024-05-06 00:53:17 Image size of job updated: 984896
	941  -  MemoryUsage of job (MB)
	963572  -  ResidentSetSize of job (KB)
...
006 (565505.011.000) 2024-05-06 00:53:17 Image size of job updated: 1583664
	800  -  MemoryUsage of job (MB)
	818892  -  ResidentSetSize of job (KB)
...
006 (565505.010.000) 2024-05-06 00:53:17 Image size of job updated: 1571480
	1532  -  MemoryUsage of job (MB)
	1568392  -  ResidentSetSize of job (KB)
...
006 (565505.014.000) 2024-05-06 00:53:17 Image size of job updated: 1547244
	777  -  MemoryUsage of job (MB)
	794652  -  ResidentSetSize of job (KB)
...
006 (565505.007.000) 2024-05-06 00:53:17 Image size of job updated: 862416
	835  -  MemoryUsage of job (MB)
	854692  -  ResidentSetSize of job (KB)
...
006 (565505.012.000) 2024-05-06 00:53:18 Image size of job updated: 1590592
	1552  -  MemoryUsage of job (MB)
	1588740  -  ResidentSetSize of job (KB)
...
006 (565505.013.000) 2024-05-06 00:53:19 Image size of job updated: 1549692
	765  -  MemoryUsage of job (MB)
	783136  -  ResidentSetSize of job (KB)
...
006 (565505.018.000) 2024-05-06 00:53:20 Image size of job updated: 2189340
	783  -  MemoryUsage of job (MB)
	801180  -  ResidentSetSize of job (KB)
...
006 (565505.019.000) 2024-05-06 00:53:20 Image size of job updated: 1568596
	826  -  MemoryUsage of job (MB)
	845668  -  ResidentSetSize of job (KB)
...
006 (565505.016.000) 2024-05-06 00:53:20 Image size of job updated: 2013208
	660  -  MemoryUsage of job (MB)
	675480  -  ResidentSetSize of job (KB)
...
006 (565505.017.000) 2024-05-06 00:53:20 Image size of job updated: 850984
	740  -  MemoryUsage of job (MB)
	756764  -  ResidentSetSize of job (KB)
...
006 (565505.015.000) 2024-05-06 00:53:21 Image size of job updated: 2041884
	702  -  MemoryUsage of job (MB)
	717920  -  ResidentSetSize of job (KB)
...
006 (565505.001.000) 2024-05-06 00:58:14 Image size of job updated: 791060
	743  -  MemoryUsage of job (MB)
	759812  -  ResidentSetSize of job (KB)
...
006 (565505.000.000) 2024-05-06 00:58:15 Image size of job updated: 2131996
	768  -  MemoryUsage of job (MB)
	785940  -  ResidentSetSize of job (KB)
...
006 (565505.002.000) 2024-05-06 00:58:16 Image size of job updated: 2136348
	759  -  MemoryUsage of job (MB)
	776600  -  ResidentSetSize of job (KB)
...
006 (565505.003.000) 2024-05-06 00:58:16 Image size of job updated: 810152
	722  -  MemoryUsage of job (MB)
	738832  -  ResidentSetSize of job (KB)
...
006 (565505.004.000) 2024-05-06 00:58:17 Image size of job updated: 810488
	765  -  MemoryUsage of job (MB)
	782396  -  ResidentSetSize of job (KB)
...
006 (565505.008.000) 2024-05-06 00:58:17 Image size of job updated: 856692
	797  -  MemoryUsage of job (MB)
	815772  -  ResidentSetSize of job (KB)
...
006 (565505.005.000) 2024-05-06 00:58:17 Image size of job updated: 800256
	736  -  MemoryUsage of job (MB)
	752764  -  ResidentSetSize of job (KB)
...
006 (565505.009.000) 2024-05-06 00:58:17 Image size of job updated: 1072532
	1044  -  MemoryUsage of job (MB)
	1068412  -  ResidentSetSize of job (KB)
...
006 (565505.011.000) 2024-05-06 00:58:17 Image size of job updated: 1583664
	810  -  MemoryUsage of job (MB)
	828620  -  ResidentSetSize of job (KB)
...
006 (565505.006.000) 2024-05-06 00:58:17 Image size of job updated: 2132248
	780  -  MemoryUsage of job (MB)
	798312  -  ResidentSetSize of job (KB)
...
006 (565505.007.000) 2024-05-06 00:58:18 Image size of job updated: 871152
	848  -  MemoryUsage of job (MB)
	867932  -  ResidentSetSize of job (KB)
...
006 (565505.014.000) 2024-05-06 00:58:18 Image size of job updated: 1547244
	792  -  MemoryUsage of job (MB)
	810652  -  ResidentSetSize of job (KB)
...
006 (565505.012.000) 2024-05-06 00:58:19 Image size of job updated: 1592108
	1552  -  MemoryUsage of job (MB)
	1588740  -  ResidentSetSize of job (KB)
...
006 (565505.018.000) 2024-05-06 00:58:20 Image size of job updated: 2189340
	784  -  MemoryUsage of job (MB)
	801992  -  ResidentSetSize of job (KB)
...
006 (565505.019.000) 2024-05-06 00:58:20 Image size of job updated: 1568596
	834  -  MemoryUsage of job (MB)
	853004  -  ResidentSetSize of job (KB)
...
006 (565505.013.000) 2024-05-06 00:58:21 Image size of job updated: 1549692
	774  -  MemoryUsage of job (MB)
	792204  -  ResidentSetSize of job (KB)
...
006 (565505.017.000) 2024-05-06 00:58:21 Image size of job updated: 850984
	780  -  MemoryUsage of job (MB)
	798640  -  ResidentSetSize of job (KB)
...
006 (565505.015.000) 2024-05-06 00:58:21 Image size of job updated: 2156572
	787  -  MemoryUsage of job (MB)
	805872  -  ResidentSetSize of job (KB)
...
006 (565505.016.000) 2024-05-06 00:58:21 Image size of job updated: 2017304
	682  -  MemoryUsage of job (MB)
	698044  -  ResidentSetSize of job (KB)
...
006 (565505.002.000) 2024-05-06 01:03:16 Image size of job updated: 2136348
	765  -  MemoryUsage of job (MB)
	783112  -  ResidentSetSize of job (KB)
...
006 (565505.000.000) 2024-05-06 01:03:16 Image size of job updated: 2131996
	771  -  MemoryUsage of job (MB)
	788992  -  ResidentSetSize of job (KB)
...
006 (565505.009.000) 2024-05-06 01:03:18 Image size of job updated: 1087112
	1054  -  MemoryUsage of job (MB)
	1079192  -  ResidentSetSize of job (KB)
...
006 (565505.011.000) 2024-05-06 01:03:18 Image size of job updated: 1583664
	825  -  MemoryUsage of job (MB)
	844072  -  ResidentSetSize of job (KB)
...
006 (565505.007.000) 2024-05-06 01:03:18 Image size of job updated: 891044
	867  -  MemoryUsage of job (MB)
	887524  -  ResidentSetSize of job (KB)
...
006 (565505.005.000) 2024-05-06 01:03:18 Image size of job updated: 800256
	739  -  MemoryUsage of job (MB)
	756112  -  ResidentSetSize of job (KB)
...
006 (565505.014.000) 2024-05-06 01:03:19 Image size of job updated: 1547244
	801  -  MemoryUsage of job (MB)
	819500  -  ResidentSetSize of job (KB)
...
006 (565505.018.000) 2024-05-06 01:03:20 Image size of job updated: 2189340
	785  -  MemoryUsage of job (MB)
	803140  -  ResidentSetSize of job (KB)
...
006 (565505.013.000) 2024-05-06 01:03:21 Image size of job updated: 1549692
	791  -  MemoryUsage of job (MB)
	809108  -  ResidentSetSize of job (KB)
...
006 (565505.017.000) 2024-05-06 01:03:21 Image size of job updated: 850984
	783  -  MemoryUsage of job (MB)
	801572  -  ResidentSetSize of job (KB)
...
006 (565505.015.000) 2024-05-06 01:03:21 Image size of job updated: 2156572
	788  -  MemoryUsage of job (MB)
	806480  -  ResidentSetSize of job (KB)
...
006 (565505.019.000) 2024-05-06 01:03:21 Image size of job updated: 1568596
	842  -  MemoryUsage of job (MB)
	861956  -  ResidentSetSize of job (KB)
...
006 (565505.016.000) 2024-05-06 01:03:22 Image size of job updated: 2017304
	682  -  MemoryUsage of job (MB)
	698072  -  ResidentSetSize of job (KB)
...
040 (565505.019.000) 2024-05-06 01:05:02 Started transferring output files
...
040 (565505.019.000) 2024-05-06 01:05:02 Finished transferring output files
...
005 (565505.019.000) 2024-05-06 01:05:02 Job terminated.
	(1) Normal termination (return value 0)
		Usr 0 00:03:51, Sys 0 00:00:09  -  Run Remote Usage
		Usr 0 00:00:00, Sys 0 00:00:00  -  Run Local Usage
		Usr 0 00:03:51, Sys 0 00:00:09  -  Total Remote Usage
		Usr 0 00:00:00, Sys 0 00:00:00  -  Total Local Usage
	3374574  -  Run Bytes Sent By Job
	964536  -  Run Bytes Received By Job
	3374574  -  Total Bytes Sent By Job
	964536  -  Total Bytes Received By Job
	Partitionable Resources :    Usage  Request Allocated 
	   Cpus                 :     0.31        1         1 
	   Disk (KB)            :  4254        1000   1896702 
	   Memory (MB)          :   842        2048      2100 

	Job terminated of its own accord at 2024-05-05T16:05:02Z with exit-code 0.
...
040 (565505.002.000) 2024-05-06 01:05:16 Started transferring output files
...
040 (565505.002.000) 2024-05-06 01:05:16 Finished transferring output files
...
005 (565505.002.000) 2024-05-06 01:05:16 Job terminated.
	(1) Normal termination (return value 0)
		Usr 0 00:04:04, Sys 0 00:00:08  -  Run Remote Usage
		Usr 0 00:00:00, Sys 0 00:00:00  -  Run Local Usage
		Usr 0 00:04:04, Sys 0 00:00:08  -  Total Remote Usage
		Usr 0 00:00:00, Sys 0 00:00:00  -  Total Local Usage
	3150427  -  Run Bytes Sent By Job
	964536  -  Run Bytes Received By Job
	3150427  -  Total Bytes Sent By Job
	964536  -  Total Bytes Received By Job
	Partitionable Resources :    Usage  Request Allocated 
	   Cpus                 :     0.15        1         1 
	   Disk (KB)            :  4035        1000   1881963 
	   Memory (MB)          :   765        2048      2100 

	Job terminated of its own accord at 2024-05-05T16:05:16Z with exit-code 0.
...
040 (565505.014.000) 2024-05-06 01:05:23 Started transferring output files
...
040 (565505.014.000) 2024-05-06 01:05:23 Finished transferring output files
...
005 (565505.014.000) 2024-05-06 01:05:23 Job terminated.
	(1) Normal termination (return value 0)
		Usr 0 00:04:05, Sys 0 00:00:08  -  Run Remote Usage
		Usr 0 00:00:00, Sys 0 00:00:00  -  Run Local Usage
		Usr 0 00:04:05, Sys 0 00:00:08  -  Total Remote Usage
		Usr 0 00:00:00, Sys 0 00:00:00  -  Total Local Usage
	2749396  -  Run Bytes Sent By Job
	964536  -  Run Bytes Received By Job
	2749396  -  Total Bytes Sent By Job
	964536  -  Total Bytes Received By Job
	Partitionable Resources :    Usage  Request Allocated 
	   Cpus                 :     0.25        1         1 
	   Disk (KB)            :  3643        1000   1921379 
	   Memory (MB)          :   801        2048      2100 

	Job terminated of its own accord at 2024-05-05T16:05:23Z with exit-code 0.
...
040 (565505.013.000) 2024-05-06 01:06:55 Started transferring output files
...
040 (565505.013.000) 2024-05-06 01:06:55 Finished transferring output files
...
005 (565505.013.000) 2024-05-06 01:06:55 Job terminated.
	(1) Normal termination (return value 0)
		Usr 0 00:04:59, Sys 0 00:00:10  -  Run Remote Usage
		Usr 0 00:00:00, Sys 0 00:00:00  -  Run Local Usage
		Usr 0 00:04:59, Sys 0 00:00:10  -  Total Remote Usage
		Usr 0 00:00:00, Sys 0 00:00:00  -  Total Local Usage
	3123756  -  Run Bytes Sent By Job
	964536  -  Run Bytes Received By Job
	3123756  -  Total Bytes Sent By Job
	964536  -  Total Bytes Received By Job
	Partitionable Resources :    Usage  Request Allocated 
	   Cpus                 :     0.34        1         1 
	   Disk (KB)            :  4009        1000   1904180 
	   Memory (MB)          :   791        2048      2100 

	Job terminated of its own accord at 2024-05-05T16:06:55Z with exit-code 0.
...
006 (565505.000.000) 2024-05-06 01:08:17 Image size of job updated: 2131996
	784  -  MemoryUsage of job (MB)
	802632  -  ResidentSetSize of job (KB)
...
006 (565505.011.000) 2024-05-06 01:08:18 Image size of job updated: 1583664
	828  -  MemoryUsage of job (MB)
	847492  -  ResidentSetSize of job (KB)
...
006 (565505.009.000) 2024-05-06 01:08:18 Image size of job updated: 1087112
	1059  -  MemoryUsage of job (MB)
	1083580  -  ResidentSetSize of job (KB)
...
006 (565505.008.000) 2024-05-06 01:08:18 Image size of job updated: 856692
	798  -  MemoryUsage of job (MB)
	816316  -  ResidentSetSize of job (KB)
...
006 (565505.018.000) 2024-05-06 01:08:21 Image size of job updated: 2189340
	813  -  MemoryUsage of job (MB)
	831560  -  ResidentSetSize of job (KB)
...
006 (565505.016.000) 2024-05-06 01:08:23 Image size of job updated: 2017304
	689  -  MemoryUsage of job (MB)
	704596  -  ResidentSetSize of job (KB)
...
006 (565505.007.000) 2024-05-06 01:09:14 Image size of job updated: 918080
	867  -  MemoryUsage of job (MB)
	887524  -  ResidentSetSize of job (KB)
...
040 (565505.007.000) 2024-05-06 01:09:14 Started transferring output files
...
040 (565505.007.000) 2024-05-06 01:09:14 Finished transferring output files
...
005 (565505.007.000) 2024-05-06 01:09:14 Job terminated.
	(1) Normal termination (return value 0)
		Usr 0 00:04:01, Sys 0 00:00:08  -  Run Remote Usage
		Usr 0 00:00:00, Sys 0 00:00:00  -  Run Local Usage
		Usr 0 00:04:01, Sys 0 00:00:08  -  Total Remote Usage
		Usr 0 00:00:00, Sys 0 00:00:00  -  Total Local Usage
	2924311  -  Run Bytes Sent By Job
	964536  -  Run Bytes Received By Job
	2924311  -  Total Bytes Sent By Job
	964536  -  Total Bytes Received By Job
	Partitionable Resources :    Usage  Request Allocated 
	   Cpus                 :     0.13        1         1 
	   Disk (KB)            :  3815        1000   1906420 
	   Memory (MB)          :   867        2048      2100 

	Job terminated of its own accord at 2024-05-05T16:09:14Z with exit-code 0.
...
040 (565505.011.000) 2024-05-06 01:10:09 Started transferring output files
...
040 (565505.011.000) 2024-05-06 01:10:09 Finished transferring output files
...
005 (565505.011.000) 2024-05-06 01:10:10 Job terminated.
	(1) Normal termination (return value 0)
		Usr 0 00:05:54, Sys 0 00:00:10  -  Run Remote Usage
		Usr 0 00:00:00, Sys 0 00:00:00  -  Run Local Usage
		Usr 0 00:05:54, Sys 0 00:00:10  -  Total Remote Usage
		Usr 0 00:00:00, Sys 0 00:00:00  -  Total Local Usage
	2982325  -  Run Bytes Sent By Job
	964536  -  Run Bytes Received By Job
	2982325  -  Total Bytes Sent By Job
	964536  -  Total Bytes Received By Job
	Partitionable Resources :    Usage  Request Allocated 
	   Cpus                 :     0.34        1         1 
	   Disk (KB)            :  3871        1000   1900742 
	   Memory (MB)          :   828        2048      2100 

	Job terminated of its own accord at 2024-05-05T16:10:09Z with exit-code 0.
...
040 (565505.006.000) 2024-05-06 01:11:25 Started transferring output files
...
040 (565505.006.000) 2024-05-06 01:11:25 Finished transferring output files
...
005 (565505.006.000) 2024-05-06 01:11:25 Job terminated.
	(1) Normal termination (return value 0)
		Usr 0 00:06:03, Sys 0 00:00:09  -  Run Remote Usage
		Usr 0 00:00:00, Sys 0 00:00:00  -  Run Local Usage
		Usr 0 00:06:03, Sys 0 00:00:09  -  Total Remote Usage
		Usr 0 00:00:00, Sys 0 00:00:00  -  Total Local Usage
	3379204  -  Run Bytes Sent By Job
	964536  -  Run Bytes Received By Job
	3379204  -  Total Bytes Sent By Job
	964536  -  Total Bytes Received By Job
	Partitionable Resources :    Usage  Request Allocated 
	   Cpus                 :     0.31        1         1 
	   Disk (KB)            :  4258        1000   1925988 
	   Memory (MB)          :   780        2048      2100 

	Job terminated of its own accord at 2024-05-05T16:11:25Z with exit-code 0.
...
006 (565505.009.000) 2024-05-06 01:12:17 Image size of job updated: 1087280
	1059  -  MemoryUsage of job (MB)
	1083580  -  ResidentSetSize of job (KB)
...
040 (565505.009.000) 2024-05-06 01:12:17 Started transferring output files
...
040 (565505.009.000) 2024-05-06 01:12:17 Finished transferring output files
...
005 (565505.009.000) 2024-05-06 01:12:17 Job terminated.
	(1) Normal termination (return value 0)
		Usr 0 00:05:52, Sys 0 00:00:12  -  Run Remote Usage
		Usr 0 00:00:00, Sys 0 00:00:00  -  Run Local Usage
		Usr 0 00:05:52, Sys 0 00:00:12  -  Total Remote Usage
		Usr 0 00:00:00, Sys 0 00:00:00  -  Total Local Usage
	3365966  -  Run Bytes Sent By Job
	964536  -  Run Bytes Received By Job
	3365966  -  Total Bytes Sent By Job
	964536  -  Total Bytes Received By Job
	Partitionable Resources :    Usage  Request Allocated 
	   Cpus                 :     0.21        1         1 
	   Disk (KB)            :  4246        1000   1921359 
	   Memory (MB)          :  1059        2048      2100 

	Job terminated of its own accord at 2024-05-05T16:12:17Z with exit-code 0.
...
006 (565505.001.000) 2024-05-06 01:13:16 Image size of job updated: 791060
	743  -  MemoryUsage of job (MB)
	760184  -  ResidentSetSize of job (KB)
...
006 (565505.017.000) 2024-05-06 01:13:22 Image size of job updated: 872876
	851  -  MemoryUsage of job (MB)
	871124  -  ResidentSetSize of job (KB)
...
006 (565505.015.000) 2024-05-06 01:13:22 Image size of job updated: 2156572
	797  -  MemoryUsage of job (MB)
	815288  -  ResidentSetSize of job (KB)
...
006 (565505.016.000) 2024-05-06 01:13:23 Image size of job updated: 2131992
	774  -  MemoryUsage of job (MB)
	792256  -  ResidentSetSize of job (KB)
...
040 (565505.012.000) 2024-05-06 01:15:08 Started transferring output files
...
040 (565505.012.000) 2024-05-06 01:15:08 Finished transferring output files
...
005 (565505.012.000) 2024-05-06 01:15:08 Job terminated.
	(1) Normal termination (return value 0)
		Usr 0 00:06:16, Sys 0 00:00:12  -  Run Remote Usage
		Usr 0 00:00:00, Sys 0 00:00:00  -  Run Local Usage
		Usr 0 00:06:16, Sys 0 00:00:12  -  Total Remote Usage
		Usr 0 00:00:00, Sys 0 00:00:00  -  Total Local Usage
	3158199  -  Run Bytes Sent By Job
	964536  -  Run Bytes Received By Job
	3158199  -  Total Bytes Sent By Job
	964536  -  Total Bytes Received By Job
	Partitionable Resources :    Usage  Request Allocated 
	   Cpus                 :     0.33        1         1 
	   Disk (KB)            :  4043        1000   1915823 
	   Memory (MB)          :  1552        2048      2100 

	Job terminated of its own accord at 2024-05-05T16:15:08Z with exit-code 0.
...
006 (565505.003.000) 2024-05-06 01:18:17 Image size of job updated: 810152
	726  -  MemoryUsage of job (MB)
	743376  -  ResidentSetSize of job (KB)
...
006 (565505.001.000) 2024-05-06 01:18:17 Image size of job updated: 791060
	743  -  MemoryUsage of job (MB)
	760616  -  ResidentSetSize of job (KB)
...
006 (565505.017.000) 2024-05-06 01:18:23 Image size of job updated: 872876
	852  -  MemoryUsage of job (MB)
	872320  -  ResidentSetSize of job (KB)
...
006 (565505.015.000) 2024-05-06 01:18:23 Image size of job updated: 2156572
	809  -  MemoryUsage of job (MB)
	828304  -  ResidentSetSize of job (KB)
...
006 (565505.016.000) 2024-05-06 01:18:23 Image size of job updated: 2131992
	775  -  MemoryUsage of job (MB)
	793348  -  ResidentSetSize of job (KB)
...
040 (565505.018.000) 2024-05-06 01:18:35 Started transferring output files
...
040 (565505.018.000) 2024-05-06 01:18:35 Finished transferring output files
...
005 (565505.018.000) 2024-05-06 01:18:35 Job terminated.
	(1) Normal termination (return value 0)
		Usr 0 00:07:40, Sys 0 00:00:12  -  Run Remote Usage
		Usr 0 00:00:00, Sys 0 00:00:00  -  Run Local Usage
		Usr 0 00:07:40, Sys 0 00:00:12  -  Total Remote Usage
		Usr 0 00:00:00, Sys 0 00:00:00  -  Total Local Usage
	3095358  -  Run Bytes Sent By Job
	964536  -  Run Bytes Received By Job
	3095358  -  Total Bytes Sent By Job
	964536  -  Total Bytes Received By Job
	Partitionable Resources :    Usage  Request Allocated 
	   Cpus                 :     0.31        1         1 
	   Disk (KB)            :  3981        1000   1925988 
	   Memory (MB)          :   813        2048      2100 

	Job terminated of its own accord at 2024-05-05T16:18:35Z with exit-code 0.
...
006 (565505.000.000) 2024-05-06 01:23:17 Image size of job updated: 2131996
	785  -  MemoryUsage of job (MB)
	803604  -  ResidentSetSize of job (KB)
...
006 (565505.003.000) 2024-05-06 01:23:18 Image size of job updated: 810152
	727  -  MemoryUsage of job (MB)
	743472  -  ResidentSetSize of job (KB)
...
006 (565505.008.000) 2024-05-06 01:23:19 Image size of job updated: 856692
	799  -  MemoryUsage of job (MB)
	817756  -  ResidentSetSize of job (KB)
...
006 (565505.005.000) 2024-05-06 01:23:20 Image size of job updated: 800256
	739  -  MemoryUsage of job (MB)
	756612  -  ResidentSetSize of job (KB)
...
006 (565505.017.000) 2024-05-06 01:23:23 Image size of job updated: 873972
	853  -  MemoryUsage of job (MB)
	872996  -  ResidentSetSize of job (KB)
...
006 (565505.016.000) 2024-05-06 01:23:24 Image size of job updated: 2131992
	786  -  MemoryUsage of job (MB)
	804440  -  ResidentSetSize of job (KB)
...
040 (565505.003.000) 2024-05-06 01:23:58 Started transferring output files
...
040 (565505.003.000) 2024-05-06 01:23:58 Finished transferring output files
...
005 (565505.003.000) 2024-05-06 01:23:58 Job terminated.
	(1) Normal termination (return value 0)
		Usr 0 00:06:29, Sys 0 00:00:10  -  Run Remote Usage
		Usr 0 00:00:00, Sys 0 00:00:00  -  Run Local Usage
		Usr 0 00:06:29, Sys 0 00:00:10  -  Total Remote Usage
		Usr 0 00:00:00, Sys 0 00:00:00  -  Total Local Usage
	3174609  -  Run Bytes Sent By Job
	964536  -  Run Bytes Received By Job
	3174609  -  Total Bytes Sent By Job
	964536  -  Total Bytes Received By Job
	Partitionable Resources :    Usage  Request Allocated 
	   Cpus                 :     0.23        1         1 
	   Disk (KB)            :  4059        1000   1904352 
	   Memory (MB)          :   727        2048      2100 

	Job terminated of its own accord at 2024-05-05T16:23:58Z with exit-code 0.
...
040 (565505.016.000) 2024-05-06 01:26:19 Started transferring output files
...
040 (565505.016.000) 2024-05-06 01:26:19 Finished transferring output files
...
005 (565505.016.000) 2024-05-06 01:26:19 Job terminated.
	(1) Normal termination (return value 0)
		Usr 0 00:03:54, Sys 0 00:00:06  -  Run Remote Usage
		Usr 0 00:00:00, Sys 0 00:00:00  -  Run Local Usage
		Usr 0 00:03:54, Sys 0 00:00:06  -  Total Remote Usage
		Usr 0 00:00:00, Sys 0 00:00:00  -  Total Local Usage
	3250784  -  Run Bytes Sent By Job
	964536  -  Run Bytes Received By Job
	3250784  -  Total Bytes Sent By Job
	964536  -  Total Bytes Received By Job
	Partitionable Resources :    Usage  Request Allocated 
	   Cpus                 :     0.23        1         1 
	   Disk (KB)            :  4133        1000   1881963 
	   Memory (MB)          :   786        2048      2100 

	Job terminated of its own accord at 2024-05-05T16:26:19Z with exit-code 0.
...
006 (565505.000.000) 2024-05-06 01:28:18 Image size of job updated: 2131996
	792  -  MemoryUsage of job (MB)
	810080  -  ResidentSetSize of job (KB)
...
006 (565505.008.000) 2024-05-06 01:28:20 Image size of job updated: 856692
	807  -  MemoryUsage of job (MB)
	825452  -  ResidentSetSize of job (KB)
...
006 (565505.005.000) 2024-05-06 01:28:21 Image size of job updated: 800256
	740  -  MemoryUsage of job (MB)
	756888  -  ResidentSetSize of job (KB)
...
006 (565505.017.000) 2024-05-06 01:28:23 Image size of job updated: 878896
	854  -  MemoryUsage of job (MB)
	874256  -  ResidentSetSize of job (KB)
...
040 (565505.010.000) 2024-05-06 01:29:29 Started transferring output files
...
040 (565505.010.000) 2024-05-06 01:29:29 Finished transferring output files
...
005 (565505.010.000) 2024-05-06 01:29:29 Job terminated.
	(1) Normal termination (return value 0)
		Usr 0 00:06:10, Sys 0 00:00:12  -  Run Remote Usage
		Usr 0 00:00:00, Sys 0 00:00:00  -  Run Local Usage
		Usr 0 00:06:10, Sys 0 00:00:12  -  Total Remote Usage
		Usr 0 00:00:00, Sys 0 00:00:00  -  Total Local Usage
	3603142  -  Run Bytes Sent By Job
	964536  -  Run Bytes Received By Job
	3603142  -  Total Bytes Sent By Job
	964536  -  Total Bytes Received By Job
	Partitionable Resources :    Usage  Request Allocated 
	   Cpus                 :     0.30        1         1 
	   Disk (KB)            :  4477        1000   1921459 
	   Memory (MB)          :  1532        2048      2100 

	Job terminated of its own accord at 2024-05-05T16:29:29Z with exit-code 0.
...
006 (565505.001.000) 2024-05-06 01:33:18 Image size of job updated: 791060
	744  -  MemoryUsage of job (MB)
	761676  -  ResidentSetSize of job (KB)
...
006 (565505.008.000) 2024-05-06 01:33:20 Image size of job updated: 876040
	854  -  MemoryUsage of job (MB)
	874020  -  ResidentSetSize of job (KB)
...
006 (565505.017.000) 2024-05-06 01:33:24 Image size of job updated: 878896
	855  -  MemoryUsage of job (MB)
	874948  -  ResidentSetSize of job (KB)
...
006 (565505.008.000) 2024-05-06 01:36:25 Image size of job updated: 904748
	854  -  MemoryUsage of job (MB)
	874020  -  ResidentSetSize of job (KB)
...
040 (565505.008.000) 2024-05-06 01:36:25 Started transferring output files
...
040 (565505.008.000) 2024-05-06 01:36:25 Finished transferring output files
...
005 (565505.008.000) 2024-05-06 01:36:25 Job terminated.
	(1) Normal termination (return value 0)
		Usr 0 00:05:27, Sys 0 00:00:11  -  Run Remote Usage
		Usr 0 00:00:00, Sys 0 00:00:00  -  Run Local Usage
		Usr 0 00:05:27, Sys 0 00:00:11  -  Total Remote Usage
		Usr 0 00:00:00, Sys 0 00:00:00  -  Total Local Usage
	2998333  -  Run Bytes Sent By Job
	964536  -  Run Bytes Received By Job
	2998333  -  Total Bytes Sent By Job
	964536  -  Total Bytes Received By Job
	Partitionable Resources :    Usage  Request Allocated 
	   Cpus                 :     0.20        1         1 
	   Disk (KB)            :  3887        1000   1892077 
	   Memory (MB)          :   854        2048      2100 

	Job terminated of its own accord at 2024-05-05T16:36:25Z with exit-code 0.
...
006 (565505.005.000) 2024-05-06 01:38:21 Image size of job updated: 800256
	740  -  MemoryUsage of job (MB)
	757168  -  ResidentSetSize of job (KB)
...
006 (565505.015.000) 2024-05-06 01:38:25 Image size of job updated: 2156572
	810  -  MemoryUsage of job (MB)
	829204  -  ResidentSetSize of job (KB)
...
040 (565505.000.000) 2024-05-06 01:41:40 Started transferring output files
...
040 (565505.000.000) 2024-05-06 01:41:40 Finished transferring output files
...
005 (565505.000.000) 2024-05-06 01:41:40 Job terminated.
	(1) Normal termination (return value 0)
		Usr 0 00:07:25, Sys 0 00:00:15  -  Run Remote Usage
		Usr 0 00:00:00, Sys 0 00:00:00  -  Run Local Usage
		Usr 0 00:07:25, Sys 0 00:00:15  -  Total Remote Usage
		Usr 0 00:00:00, Sys 0 00:00:00  -  Total Local Usage
	2754147  -  Run Bytes Sent By Job
	964536  -  Run Bytes Received By Job
	2754147  -  Total Bytes Sent By Job
	964536  -  Total Bytes Received By Job
	Partitionable Resources :    Usage  Request Allocated 
	   Cpus                 :     0.15        1         1 
	   Disk (KB)            :  3648        1000   1904196 
	   Memory (MB)          :   792        2048      2100 

	Job terminated of its own accord at 2024-05-05T16:41:40Z with exit-code 0.
...
006 (565505.005.000) 2024-05-06 01:43:22 Image size of job updated: 800256
	740  -  MemoryUsage of job (MB)
	757280  -  ResidentSetSize of job (KB)
...
006 (565505.015.000) 2024-05-06 01:43:25 Image size of job updated: 2156572
	810  -  MemoryUsage of job (MB)
	829432  -  ResidentSetSize of job (KB)
...
006 (565505.001.000) 2024-05-06 01:48:20 Image size of job updated: 791060
	745  -  MemoryUsage of job (MB)
	762456  -  ResidentSetSize of job (KB)
...
006 (565505.005.000) 2024-05-06 01:48:22 Image size of job updated: 800256
	740  -  MemoryUsage of job (MB)
	757608  -  ResidentSetSize of job (KB)
...
006 (565505.015.000) 2024-05-06 01:48:26 Image size of job updated: 2156572
	811  -  MemoryUsage of job (MB)
	829612  -  ResidentSetSize of job (KB)
...
040 (565505.015.000) 2024-05-06 01:49:42 Started transferring output files
...
040 (565505.015.000) 2024-05-06 01:49:42 Finished transferring output files
...
005 (565505.015.000) 2024-05-06 01:49:42 Job terminated.
	(1) Normal termination (return value 0)
		Usr 0 00:08:45, Sys 0 00:00:18  -  Run Remote Usage
		Usr 0 00:00:00, Sys 0 00:00:00  -  Run Local Usage
		Usr 0 00:08:45, Sys 0 00:00:18  -  Total Remote Usage
		Usr 0 00:00:00, Sys 0 00:00:00  -  Total Local Usage
	3011036  -  Run Bytes Sent By Job
	964536  -  Run Bytes Received By Job
	3011036  -  Total Bytes Sent By Job
	964536  -  Total Bytes Received By Job
	Partitionable Resources :    Usage  Request Allocated 
	   Cpus                 :     0.12        1         1 
	   Disk (KB)            :  3899        1000   1904196 
	   Memory (MB)          :   811        2048      2100 

	Job terminated of its own accord at 2024-05-05T16:49:42Z with exit-code 0.
...
006 (565505.004.000) 2024-05-06 02:03:22 Image size of job updated: 810488
	769  -  MemoryUsage of job (MB)
	787068  -  ResidentSetSize of job (KB)
...
006 (565505.004.000) 2024-05-06 02:08:23 Image size of job updated: 810488
	772  -  MemoryUsage of job (MB)
	789636  -  ResidentSetSize of job (KB)
...
006 (565505.005.000) 2024-05-06 02:26:50 Image size of job updated: 801816
	740  -  MemoryUsage of job (MB)
	757608  -  ResidentSetSize of job (KB)
...
040 (565505.005.000) 2024-05-06 02:26:50 Started transferring output files
...
040 (565505.005.000) 2024-05-06 02:26:50 Finished transferring output files
...
005 (565505.005.000) 2024-05-06 02:26:50 Job terminated.
	(1) Normal termination (return value 0)
		Usr 0 00:05:28, Sys 0 00:00:20  -  Run Remote Usage
		Usr 0 00:00:00, Sys 0 00:00:00  -  Run Local Usage
		Usr 0 00:05:28, Sys 0 00:00:20  -  Total Remote Usage
		Usr 0 00:00:00, Sys 0 00:00:00  -  Total Local Usage
	3109068  -  Run Bytes Sent By Job
	964536  -  Run Bytes Received By Job
	3109068  -  Total Bytes Sent By Job
	964536  -  Total Bytes Received By Job
	Partitionable Resources :    Usage  Request Allocated 
	   Cpus                 :     0.08        1         1 
	   Disk (KB)            :  3995        1000   1903760 
	   Memory (MB)          :   740        2048      2100 

	Job terminated of its own accord at 2024-05-05T17:26:50Z with exit-code 0.
...
006 (565505.004.000) 2024-05-06 02:43:27 Image size of job updated: 822100
	772  -  MemoryUsage of job (MB)
	789636  -  ResidentSetSize of job (KB)
...
040 (565505.004.000) 2024-05-06 02:48:19 Started transferring output files
...
040 (565505.004.000) 2024-05-06 02:48:19 Finished transferring output files
...
005 (565505.004.000) 2024-05-06 02:48:19 Job terminated.
	(1) Normal termination (return value 0)
		Usr 0 00:06:08, Sys 0 00:00:22  -  Run Remote Usage
		Usr 0 00:00:00, Sys 0 00:00:00  -  Run Local Usage
		Usr 0 00:06:08, Sys 0 00:00:22  -  Total Remote Usage
		Usr 0 00:00:00, Sys 0 00:00:00  -  Total Local Usage
	2984461  -  Run Bytes Sent By Job
	964536  -  Run Bytes Received By Job
	2984461  -  Total Bytes Sent By Job
	964536  -  Total Bytes Received By Job
	Partitionable Resources :    Usage  Request Allocated 
	   Cpus                 :     0.00        1         1 
	   Disk (KB)            :  3873        1000   1899838 
	   Memory (MB)          :   772        2048      2100 

	Job terminated of its own accord at 2024-05-05T17:48:19Z with exit-code 0.
...
040 (565505.001.000) 2024-05-06 02:59:25 Started transferring output files
...
040 (565505.001.000) 2024-05-06 02:59:26 Finished transferring output files
...
005 (565505.001.000) 2024-05-06 02:59:26 Job terminated.
	(1) Normal termination (return value 0)
		Usr 0 00:06:35, Sys 0 00:00:22  -  Run Remote Usage
		Usr 0 00:00:00, Sys 0 00:00:00  -  Run Local Usage
		Usr 0 00:06:35, Sys 0 00:00:22  -  Total Remote Usage
		Usr 0 00:00:00, Sys 0 00:00:00  -  Total Local Usage
	3017578  -  Run Bytes Sent By Job
	964536  -  Run Bytes Received By Job
	3017578  -  Total Bytes Sent By Job
	964536  -  Total Bytes Received By Job
	Partitionable Resources :    Usage  Request Allocated 
	   Cpus                 :     0.08        1         1 
	   Disk (KB)            :  3906        1000   1912020 
	   Memory (MB)          :   745        2048      2100 

	Job terminated of its own accord at 2024-05-05T17:59:25Z with exit-code 0.
...
040 (565505.017.000) 2024-05-06 03:03:51 Started transferring output files
...
040 (565505.017.000) 2024-05-06 03:03:51 Finished transferring output files
...
005 (565505.017.000) 2024-05-06 03:03:51 Job terminated.
	(1) Normal termination (return value 0)
		Usr 0 00:06:16, Sys 0 00:00:21  -  Run Remote Usage
		Usr 0 00:00:00, Sys 0 00:00:00  -  Run Local Usage
		Usr 0 00:06:16, Sys 0 00:00:21  -  Total Remote Usage
		Usr 0 00:00:00, Sys 0 00:00:00  -  Total Local Usage
	3586496  -  Run Bytes Sent By Job
	964536  -  Run Bytes Received By Job
	3586496  -  Total Bytes Sent By Job
	964536  -  Total Bytes Received By Job
	Partitionable Resources :    Usage  Request Allocated 
	   Cpus                 :     0.00        1         1 
	   Disk (KB)            :  4461        1000   1912020 
	   Memory (MB)          :   855        2048      2100 

	Job terminated of its own accord at 2024-05-05T18:03:51Z with exit-code 0.
...
