DEBUG 2024-04-16 09:17:32.816 UTC: 	 CRAB Client version: v3.240110
DEBUG 2024-04-16 09:17:32.816 UTC: 	 Running on: Linux cms02.knu.ac.kr 3.10.0-1160.105.1.el7.x86_64 #1 SMP Thu Dec 7 15:39:45 UTC 2023 x86_64 x86_64 x86_64 GNU/Linux - CentOS Linux 7 (Core)
DEBUG 2024-04-16 09:17:32.816 UTC: 	 Executing command: 'resubmit'
DEBUG 2024-04-16 09:17:32.817 UTC: 	 Found CRAB cache file /u/user/sjws5411/.crab3
DEBUG 2024-04-16 09:18:39.753 UTC: 	 CRAB Client version: v3.240110
DEBUG 2024-04-16 09:18:39.754 UTC: 	 Running on: Linux cms02.knu.ac.kr 3.10.0-1160.105.1.el7.x86_64 #1 SMP Thu Dec 7 15:39:45 UTC 2023 x86_64 x86_64 x86_64 GNU/Linux - CentOS Linux 7 (Core)
DEBUG 2024-04-16 09:18:39.754 UTC: 	 Executing command: 'resubmit'
DEBUG 2024-04-16 09:18:39.755 UTC: 	 Found CRAB cache file /u/user/sjws5411/.crab3
ERROR 2024-04-16 09:18:39.756 UTC: 	 Error: crab_muRPCTnPFlatTableProducer_cfg__Muon__Run2022E is not a valid CRAB project directory.
ERROR 2024-04-16 09:18:39.757 UTC: 	 Caught ClientException exception
Traceback (most recent call last):
  File "/cvmfs/cms.cern.ch/share/cms/crab-prod/v3.240110.01/bin/crab.py", line 152, in <module>
    client()
  File "/cvmfs/cms.cern.ch/share/cms/crab-prod/v3.240110.01/bin/crab.py", line 135, in __call__
    self.cmd = sub_cmd(self.logger, args[1:])
  File "/cvmfs/cms.cern.ch/share/cms/crab-prod/v3.240110.01/lib/CRABClient/Commands/resubmit.py", line 30, in __init__
    SubCommand.__init__(self, logger, cmdargs)
  File "/cvmfs/cms.cern.ch/share/cms/crab-prod/v3.240110.01/lib/CRABClient/Commands/SubCommand.py", line 280, in __init__
    SubCommand.validateOptions(self)
  File "/cvmfs/cms.cern.ch/share/cms/crab-prod/v3.240110.01/lib/CRABClient/Commands/SubCommand.py", line 674, in validateOptions
    raise ConfigurationException(msg)
CRABClient.ClientExceptions.ConfigurationException: [91mError[0m: crab_muRPCTnPFlatTableProducer_cfg__Muon__Run2022E is not a valid CRAB project directory.
INFO 2024-04-16 09:18:39.765 UTC: 	 Log file is /u/user/sjws5411/Workspace/Efficiency/CMSSW_14_1_0_pre2/src/Workspace-RPC/240414/step1-crab/crab.log
DEBUG 2024-04-16 12:19:35.635 UTC: 	 CRAB Client version: v3.240110
DEBUG 2024-04-16 12:19:35.636 UTC: 	 Running on: Linux cms02.knu.ac.kr 3.10.0-1160.105.1.el7.x86_64 #1 SMP Thu Dec 7 15:39:45 UTC 2023 x86_64 x86_64 x86_64 GNU/Linux - CentOS Linux 7 (Core)
DEBUG 2024-04-16 12:19:35.636 UTC: 	 Executing command: 'resubmit'
DEBUG 2024-04-16 12:19:35.637 UTC: 	 Found CRAB cache file /u/user/sjws5411/.crab3
DEBUG 2024-04-17 10:14:13.841 UTC: 	 CRAB Client version: v3.240110
DEBUG 2024-04-17 10:14:13.842 UTC: 	 Running on: Linux cms02.knu.ac.kr 3.10.0-1160.105.1.el7.x86_64 #1 SMP Thu Dec 7 15:39:45 UTC 2023 x86_64 x86_64 x86_64 GNU/Linux - CentOS Linux 7 (Core)
DEBUG 2024-04-17 10:14:13.842 UTC: 	 Executing command: 'resubmit'
DEBUG 2024-04-17 10:14:13.843 UTC: 	 Found CRAB cache file /u/user/sjws5411/.crab3
DEBUG 2024-04-17 10:14:55.568 UTC: 	 CRAB Client version: v3.240110
DEBUG 2024-04-17 10:14:55.569 UTC: 	 Running on: Linux cms02.knu.ac.kr 3.10.0-1160.105.1.el7.x86_64 #1 SMP Thu Dec 7 15:39:45 UTC 2023 x86_64 x86_64 x86_64 GNU/Linux - CentOS Linux 7 (Core)
DEBUG 2024-04-17 10:14:55.569 UTC: 	 Executing command: 'resubmit'
DEBUG 2024-04-17 10:14:55.570 UTC: 	 Found CRAB cache file /u/user/sjws5411/.crab3
DEBUG 2024-04-17 10:14:58.361 UTC: 	 CRAB Client version: v3.240110
DEBUG 2024-04-17 10:14:58.361 UTC: 	 Running on: Linux cms02.knu.ac.kr 3.10.0-1160.105.1.el7.x86_64 #1 SMP Thu Dec 7 15:39:45 UTC 2023 x86_64 x86_64 x86_64 GNU/Linux - CentOS Linux 7 (Core)
DEBUG 2024-04-17 10:14:58.361 UTC: 	 Executing command: 'resubmit'
DEBUG 2024-04-17 10:14:58.361 UTC: 	 Found CRAB cache file /u/user/sjws5411/.crab3
DEBUG 2024-04-17 10:15:01.203 UTC: 	 CRAB Client version: v3.240110
DEBUG 2024-04-17 10:15:01.203 UTC: 	 Running on: Linux cms02.knu.ac.kr 3.10.0-1160.105.1.el7.x86_64 #1 SMP Thu Dec 7 15:39:45 UTC 2023 x86_64 x86_64 x86_64 GNU/Linux - CentOS Linux 7 (Core)
DEBUG 2024-04-17 10:15:01.203 UTC: 	 Executing command: 'resubmit'
DEBUG 2024-04-17 10:15:01.204 UTC: 	 Found CRAB cache file /u/user/sjws5411/.crab3
DEBUG 2024-04-17 10:15:04.043 UTC: 	 CRAB Client version: v3.240110
DEBUG 2024-04-17 10:15:04.043 UTC: 	 Running on: Linux cms02.knu.ac.kr 3.10.0-1160.105.1.el7.x86_64 #1 SMP Thu Dec 7 15:39:45 UTC 2023 x86_64 x86_64 x86_64 GNU/Linux - CentOS Linux 7 (Core)
DEBUG 2024-04-17 10:15:04.043 UTC: 	 Executing command: 'resubmit'
DEBUG 2024-04-17 10:15:04.043 UTC: 	 Found CRAB cache file /u/user/sjws5411/.crab3
DEBUG 2024-04-17 10:15:06.861 UTC: 	 CRAB Client version: v3.240110
DEBUG 2024-04-17 10:15:06.862 UTC: 	 Running on: Linux cms02.knu.ac.kr 3.10.0-1160.105.1.el7.x86_64 #1 SMP Thu Dec 7 15:39:45 UTC 2023 x86_64 x86_64 x86_64 GNU/Linux - CentOS Linux 7 (Core)
DEBUG 2024-04-17 10:15:06.862 UTC: 	 Executing command: 'resubmit'
DEBUG 2024-04-17 10:15:06.862 UTC: 	 Found CRAB cache file /u/user/sjws5411/.crab3
DEBUG 2024-04-17 10:15:09.769 UTC: 	 CRAB Client version: v3.240110
DEBUG 2024-04-17 10:15:09.770 UTC: 	 Running on: Linux cms02.knu.ac.kr 3.10.0-1160.105.1.el7.x86_64 #1 SMP Thu Dec 7 15:39:45 UTC 2023 x86_64 x86_64 x86_64 GNU/Linux - CentOS Linux 7 (Core)
DEBUG 2024-04-17 10:15:09.770 UTC: 	 Executing command: 'resubmit'
DEBUG 2024-04-17 10:15:09.770 UTC: 	 Found CRAB cache file /u/user/sjws5411/.crab3
DEBUG 2024-04-25 08:37:27.471 UTC: 	 CRAB Client version: v3.240110
DEBUG 2024-04-25 08:37:27.472 UTC: 	 Running on: Linux cms02.knu.ac.kr 3.10.0-1160.105.1.el7.x86_64 #1 SMP Thu Dec 7 15:39:45 UTC 2023 x86_64 x86_64 x86_64 GNU/Linux - CentOS Linux 7 (Core)
DEBUG 2024-04-25 08:37:27.472 UTC: 	 Executing command: 'status'
DEBUG 2024-04-25 08:37:27.472 UTC: 	 Found CRAB cache file /u/user/sjws5411/.crab3
ERROR 2024-04-25 08:37:27.510 UTC: 	 Error: /u/user/sjws5411/Workspace/Efficiency/CMSSW_14_1_0_pre2/src/Workspace-RPC/240415-submit_crab_tnp_nanoaod2/step1-crab/crab_muRPCTnPFlatTableProducer_cfg__Muon__Run2022C-27Jun2023-v1__240415-203644 is not a valid CRAB project directory.
ERROR 2024-04-25 08:37:27.511 UTC: 	 Caught ClientException exception
Traceback (most recent call last):
  File "/cvmfs/cms.cern.ch/share/cms/crab-prod/v3.240110.01/bin/crab.py", line 152, in <module>
    client()
  File "/cvmfs/cms.cern.ch/share/cms/crab-prod/v3.240110.01/bin/crab.py", line 135, in __call__
    self.cmd = sub_cmd(self.logger, args[1:])
  File "/cvmfs/cms.cern.ch/share/cms/crab-prod/v3.240110.01/lib/CRABClient/Commands/status.py", line 48, in __init__
    SubCommand.__init__(self, logger, cmdargs)
  File "/cvmfs/cms.cern.ch/share/cms/crab-prod/v3.240110.01/lib/CRABClient/Commands/SubCommand.py", line 280, in __init__
    SubCommand.validateOptions(self)
  File "/cvmfs/cms.cern.ch/share/cms/crab-prod/v3.240110.01/lib/CRABClient/Commands/SubCommand.py", line 674, in validateOptions
    raise ConfigurationException(msg)
CRABClient.ClientExceptions.ConfigurationException: [91mError[0m: /u/user/sjws5411/Workspace/Efficiency/CMSSW_14_1_0_pre2/src/Workspace-RPC/240415-submit_crab_tnp_nanoaod2/step1-crab/crab_muRPCTnPFlatTableProducer_cfg__Muon__Run2022C-27Jun2023-v1__240415-203644 is not a valid CRAB project directory.
INFO 2024-04-25 08:37:27.518 UTC: 	 Log file is /u/user/sjws5411/Workspace/Efficiency/CMSSW_14_1_0_pre2/Workspace-RPC/240414_240418-Efficiency_KPS/240414-submit_crab_tnp_nanoaod/step1-crab/crab.log
