+--------------------------------------------------------------------------------------------------------+--------+-------------+------------+----------+
| SCOPE:NAME                                                                                             | GUID   | ADLER32     | FILESIZE   | EVENTS   |
|--------------------------------------------------------------------------------------------------------+--------+-------------+------------+----------|
| cms:/store/data/Run2022B/SingleMuon/AOD/27Jun2023-v1/70000/94abbcc6-6945-4372-8546-b8c08926953d.root   | (None) | ad:17167282 | 680.279 MB |          |
| cms:/store/data/Run2022B/SingleMuon/AOD/27Jun2023-v1/70000/001902b2-6a73-4dd6-b1bf-e93affec3dde.root   | (None) | ad:1c2a0682 | 3.848 GB   |          |
| cms:/store/data/Run2022B/SingleMuon/AOD/27Jun2023-v1/70000/02596935-d7f0-4f5a-920c-1f0d051cfa96.root   | (None) | ad:4fe9c28a | 3.130 GB   |          |
| cms:/store/data/Run2022B/SingleMuon/AOD/27Jun2023-v1/70000/02a45afb-c510-45b5-8629-56dbba2e79b1.root   | (None) | ad:1b83cda4 | 3.730 GB   |          |
| cms:/store/data/Run2022B/SingleMuon/AOD/27Jun2023-v1/70000/057cdb93-7f9e-486c-85b5-63079d099f19.root   | (None) | ad:8720b2ee | 2.932 GB   |          |
| cms:/store/data/Run2022B/SingleMuon/AOD/27Jun2023-v1/70000/05a568ac-75f5-4758-a8b9-242ff5cfc638.root   | (None) | ad:a299bd29 | 4.195 GB   |          |
| cms:/store/data/Run2022B/SingleMuon/AOD/27Jun2023-v1/70000/06b6e6a5-fbbd-4a8c-b7d2-1d62f3d09bf0.root   | (None) | ad:80ba9554 | 3.143 GB   |          |
| cms:/store/data/Run2022B/SingleMuon/AOD/27Jun2023-v1/70000/0715d482-dc73-40f7-85a7-60ce57b34da1.root   | (None) | ad:dff72fb6 | 3.854 GB   |          |
| cms:/store/data/Run2022B/SingleMuon/AOD/27Jun2023-v1/70000/07318bda-ec39-410c-a815-feb030e05a9b.root   | (None) | ad:60fdf0bd | 3.910 GB   |          |
| cms:/store/data/Run2022B/SingleMuon/AOD/27Jun2023-v1/70000/073216bd-ab90-404a-a86c-d63df4af0442.root   | (None) | ad:724b716b | 3.199 GB   |          |
| cms:/store/data/Run2022B/SingleMuon/AOD/27Jun2023-v1/70000/09e4530b-001b-4052-b926-39c19618b6ad.root   | (None) | ad:755e3368 | 3.788 GB   |          |
| cms:/store/data/Run2022B/SingleMuon/AOD/27Jun2023-v1/70000/0a5bc14f-45c1-49af-ac86-995fc48b9c58.root   | (None) | ad:0e303f46 | 2.853 GB   |          |
| cms:/store/data/Run2022B/SingleMuon/AOD/27Jun2023-v1/70000/0a691cd5-3b41-4142-981f-9b5f854704a7.root   | (None) | ad:f16a8b54 | 3.938 GB   |          |
| cms:/store/data/Run2022B/SingleMuon/AOD/27Jun2023-v1/70000/0ad79627-ad75-4228-bf8a-25ace922b40f.root   | (None) | ad:8e14344e | 2.386 GB   |          |
| cms:/store/data/Run2022B/SingleMuon/AOD/27Jun2023-v1/70000/0bdf532f-a1b1-4d85-80bd-64a2a90ceec2.root   | (None) | ad:c62caef3 | 3.912 GB   |          |
| cms:/store/data/Run2022B/SingleMuon/AOD/27Jun2023-v1/70000/0c702f66-44bb-41b0-90be-8e755f696131.root   | (None) | ad:c7335d92 | 2.884 GB   |          |
| cms:/store/data/Run2022B/SingleMuon/AOD/27Jun2023-v1/70000/0d90ac9a-5aa2-4df9-bee5-b06d187eda68.root   | (None) | ad:eb203346 | 2.972 GB   |          |
| cms:/store/data/Run2022B/SingleMuon/AOD/27Jun2023-v1/70000/0e425800-2984-42be-9cee-90f9cd09f3aa.root   | (None) | ad:3e641fb9 | 3.987 GB   |          |
| cms:/store/data/Run2022B/SingleMuon/AOD/27Jun2023-v1/70000/0e9511d3-403b-4a26-a6d3-c7e3c248a9d2.root   | (None) | ad:f7c978d9 | 4.031 GB   |          |
| cms:/store/data/Run2022B/SingleMuon/AOD/27Jun2023-v1/70000/0fe3f6fc-d590-4711-b232-8a06d51ca415.root   | (None) | ad:e93dc3b6 | 4.155 GB   |          |
| cms:/store/data/Run2022B/SingleMuon/AOD/27Jun2023-v1/70000/1263d9be-ea71-4f22-a4ec-731ece3c9e3e.root   | (None) | ad:288f141a | 3.762 GB   |          |
| cms:/store/data/Run2022B/SingleMuon/AOD/27Jun2023-v1/70000/126e62bd-2ac3-45ee-8ed0-7a4d74438ade.root   | (None) | ad:3829d114 | 3.560 GB   |          |
| cms:/store/data/Run2022B/SingleMuon/AOD/27Jun2023-v1/70000/1395afcb-7413-4331-b33f-d8605d435adc.root   | (None) | ad:f2518ac1 | 3.799 GB   |          |
| cms:/store/data/Run2022B/SingleMuon/AOD/27Jun2023-v1/70000/13e873d5-d94f-4fff-a95e-d0e6d65c8250.root   | (None) | ad:61088807 | 4.236 GB   |          |
| cms:/store/data/Run2022B/SingleMuon/AOD/27Jun2023-v1/70000/15a0613f-9257-4451-ac1e-b5683034f469.root   | (None) | ad:4af8b072 | 3.849 GB   |          |
| cms:/store/data/Run2022B/SingleMuon/AOD/27Jun2023-v1/70000/15e76de4-9606-4198-be5a-8eef6f884a0e.root   | (None) | ad:e8df9b3b | 3.965 GB   |          |
| cms:/store/data/Run2022B/SingleMuon/AOD/27Jun2023-v1/70000/1779826c-d046-4a80-9b87-7c3947173460.root   | (None) | ad:a1854494 | 4.242 GB   |          |
| cms:/store/data/Run2022B/SingleMuon/AOD/27Jun2023-v1/70000/17e38b8b-d911-4e84-a8d1-3689d754215f.root   | (None) | ad:75faed07 | 4.301 GB   |          |
| cms:/store/data/Run2022B/SingleMuon/AOD/27Jun2023-v1/70000/18e3c22b-242e-4081-87cb-fd073bb7fa49.root   | (None) | ad:bbe4d0bc | 4.006 GB   |          |
| cms:/store/data/Run2022B/SingleMuon/AOD/27Jun2023-v1/70000/197e7c56-ced1-4f26-9f2f-f252b90afee2.root   | (None) | ad:0849447a | 4.053 GB   |          |
| cms:/store/data/Run2022B/SingleMuon/AOD/27Jun2023-v1/70000/1abb0d5f-591b-4e08-9be6-52e2ac22aded.root   | (None) | ad:d87d10a2 | 2.759 GB   |          |
| cms:/store/data/Run2022B/SingleMuon/AOD/27Jun2023-v1/70000/1af4fb31-0ecc-4945-927d-d34816038c51.root   | (None) | ad:8acb466f | 4.190 GB   |          |
| cms:/store/data/Run2022B/SingleMuon/AOD/27Jun2023-v1/70000/1b559fad-a169-47ba-93d5-545e1246c845.root   | (None) | ad:400a5d2d | 3.803 GB   |          |
| cms:/store/data/Run2022B/SingleMuon/AOD/27Jun2023-v1/70000/1ce65d76-d025-4b04-9361-9fdb1e719121.root   | (None) | ad:40185d8c | 3.376 GB   |          |
| cms:/store/data/Run2022B/SingleMuon/AOD/27Jun2023-v1/70000/1fe793b4-5746-4b1f-a480-9a265f4b47ab.root   | (None) | ad:05c5d407 | 3.861 GB   |          |
| cms:/store/data/Run2022B/SingleMuon/AOD/27Jun2023-v1/70000/215f62c3-cba4-4e12-aff6-8442c886ee17.root   | (None) | ad:7ed22980 | 3.655 GB   |          |
| cms:/store/data/Run2022B/SingleMuon/AOD/27Jun2023-v1/70000/21e4f8bd-02e8-4c0d-a9b6-986c8a7fbe58.root   | (None) | ad:1aa78107 | 4.280 GB   |          |
| cms:/store/data/Run2022B/SingleMuon/AOD/27Jun2023-v1/70000/228eeaa1-b7b6-4355-8db8-24809e97b930.root   | (None) | ad:cb21e804 | 4.027 GB   |          |
| cms:/store/data/Run2022B/SingleMuon/AOD/27Jun2023-v1/70000/22a1b0d3-718c-4822-a469-c401ef8c5bc9.root   | (None) | ad:142b27d6 | 4.303 GB   |          |
| cms:/store/data/Run2022B/SingleMuon/AOD/27Jun2023-v1/70000/2340d2b7-1444-46e0-8aa6-517d3c298e03.root   | (None) | ad:9e7660c4 | 3.100 GB   |          |
| cms:/store/data/Run2022B/SingleMuon/AOD/27Jun2023-v1/70000/242f8e1c-8a86-4dd9-9d28-1512d88f0339.root   | (None) | ad:4373c4f3 | 4.025 GB   |          |
| cms:/store/data/Run2022B/SingleMuon/AOD/27Jun2023-v1/70000/2489ac35-d5eb-45b5-a235-727e27dbca3a.root   | (None) | ad:4f8275d6 | 4.016 GB   |          |
| cms:/store/data/Run2022B/SingleMuon/AOD/27Jun2023-v1/70000/25169c0a-badf-43f3-8a5f-6feb96a3f62d.root   | (None) | ad:796d6672 | 3.857 GB   |          |
| cms:/store/data/Run2022B/SingleMuon/AOD/27Jun2023-v1/70000/27f66b30-86a4-4fa1-8c2b-9b9bab7c6a89.root   | (None) | ad:bc8f356f | 4.294 GB   |          |
| cms:/store/data/Run2022B/SingleMuon/AOD/27Jun2023-v1/70000/2a4ceb4d-60be-4f7b-996c-64966e9b69ca.root   | (None) | ad:0e74dcea | 4.032 GB   |          |
| cms:/store/data/Run2022B/SingleMuon/AOD/27Jun2023-v1/70000/2b012da6-d5d2-4934-8837-6a05ca445a91.root   | (None) | ad:8133e74b | 4.000 GB   |          |
| cms:/store/data/Run2022B/SingleMuon/AOD/27Jun2023-v1/70000/2b2310d7-2d14-4b61-bb58-10ab4a37f24c.root   | (None) | ad:b6b9086d | 2.845 GB   |          |
| cms:/store/data/Run2022B/SingleMuon/AOD/27Jun2023-v1/70000/2be876cf-be3d-4aef-a4cb-7890aec0351c.root   | (None) | ad:72b700d7 | 3.857 GB   |          |
| cms:/store/data/Run2022B/SingleMuon/AOD/27Jun2023-v1/70000/2eb852c9-4696-4c6d-8a14-e0a20ce5b2aa.root   | (None) | ad:b2563d53 | 3.829 GB   |          |
| cms:/store/data/Run2022B/SingleMuon/AOD/27Jun2023-v1/70000/2fa57e43-c0c9-4ce7-be69-f0b07319644a.root   | (None) | ad:6fb18e25 | 3.912 GB   |          |
| cms:/store/data/Run2022B/SingleMuon/AOD/27Jun2023-v1/70000/301e131c-65d0-475c-8257-783f866e659b.root   | (None) | ad:85f64835 | 3.765 GB   |          |
| cms:/store/data/Run2022B/SingleMuon/AOD/27Jun2023-v1/70000/30460ceb-907f-4872-bc5e-07ed2f373565.root   | (None) | ad:f08583fe | 3.768 GB   |          |
| cms:/store/data/Run2022B/SingleMuon/AOD/27Jun2023-v1/70000/317e73d0-2d20-42d5-bae2-748518d454de.root   | (None) | ad:cfd2201f | 4.183 GB   |          |
| cms:/store/data/Run2022B/SingleMuon/AOD/27Jun2023-v1/70000/33581446-fba2-476e-bf23-54ea05662166.root   | (None) | ad:a32a0b69 | 4.264 GB   |          |
| cms:/store/data/Run2022B/SingleMuon/AOD/27Jun2023-v1/70000/338486ed-451f-4ec1-8086-2823a06207d0.root   | (None) | ad:36e4dfa7 | 3.104 GB   |          |
| cms:/store/data/Run2022B/SingleMuon/AOD/27Jun2023-v1/70000/37e3d8c0-22fb-4ec0-aad7-0633455032d1.root   | (None) | ad:0f51610d | 3.086 GB   |          |
| cms:/store/data/Run2022B/SingleMuon/AOD/27Jun2023-v1/70000/39307db9-dd94-4f3c-9928-69981899856c.root   | (None) | ad:f65f62fe | 3.754 GB   |          |
| cms:/store/data/Run2022B/SingleMuon/AOD/27Jun2023-v1/70000/3959cc53-4870-496e-b210-f7e3f8fe3d52.root   | (None) | ad:cd2e3032 | 3.553 GB   |          |
| cms:/store/data/Run2022B/SingleMuon/AOD/27Jun2023-v1/70000/3a5b42e0-5c82-4169-bf11-b65dcd6d2a4c.root   | (None) | ad:d250bb54 | 3.902 GB   |          |
| cms:/store/data/Run2022B/SingleMuon/AOD/27Jun2023-v1/70000/3b6e3ffe-4feb-4835-8234-b9e5cc8f7521.root   | (None) | ad:d45c4bd5 | 3.480 GB   |          |
| cms:/store/data/Run2022B/SingleMuon/AOD/27Jun2023-v1/70000/3be57afe-d8ea-4a14-86a7-5edcfa70259c.root   | (None) | ad:280f5277 | 3.565 GB   |          |
| cms:/store/data/Run2022B/SingleMuon/AOD/27Jun2023-v1/70000/3be8c89e-e407-4158-b153-b599f4c15bec.root   | (None) | ad:2acc9768 | 4.000 GB   |          |
| cms:/store/data/Run2022B/SingleMuon/AOD/27Jun2023-v1/70000/3ce185d1-4fec-41bb-9d91-8ba867a12708.root   | (None) | ad:772df480 | 3.956 GB   |          |
| cms:/store/data/Run2022B/SingleMuon/AOD/27Jun2023-v1/70000/3d9579ba-9f0d-4f1a-b388-5b683d0fab17.root   | (None) | ad:56698129 | 3.777 GB   |          |
| cms:/store/data/Run2022B/SingleMuon/AOD/27Jun2023-v1/70000/3eac0ce2-8d56-4fff-9d1f-72f4559869d7.root   | (None) | ad:f5c80e1d | 3.713 GB   |          |
| cms:/store/data/Run2022B/SingleMuon/AOD/27Jun2023-v1/70000/3f7a5161-d16d-4bb8-825a-c3d39f3f8767.root   | (None) | ad:2ef053a4 | 3.726 GB   |          |
| cms:/store/data/Run2022B/SingleMuon/AOD/27Jun2023-v1/70000/3fe95f67-2b9c-4f1b-8fb8-334c33b08f97.root   | (None) | ad:588f5c38 | 3.197 GB   |          |
| cms:/store/data/Run2022B/SingleMuon/AOD/27Jun2023-v1/70000/425793c9-e451-4cfd-983a-f159703c4010.root   | (None) | ad:6f81c3a0 | 3.929 GB   |          |
| cms:/store/data/Run2022B/SingleMuon/AOD/27Jun2023-v1/70000/4377b31d-b6b0-4ad4-bba0-dcf54e2baa3b.root   | (None) | ad:61d28952 | 4.181 GB   |          |
| cms:/store/data/Run2022B/SingleMuon/AOD/27Jun2023-v1/70000/43ae4751-84d3-4996-b586-3cc69bd4c2c0.root   | (None) | ad:341b74a5 | 3.774 GB   |          |
| cms:/store/data/Run2022B/SingleMuon/AOD/27Jun2023-v1/70000/45312da3-293a-47ef-944e-b43fc77c1e9f.root   | (None) | ad:c0eb258a | 4.301 GB   |          |
| cms:/store/data/Run2022B/SingleMuon/AOD/27Jun2023-v1/70000/455318c6-f530-468d-8001-2774d1be470e.root   | (None) | ad:5709e512 | 3.843 GB   |          |
| cms:/store/data/Run2022B/SingleMuon/AOD/27Jun2023-v1/70000/46428144-9c02-42ff-8d69-83f884daa92b.root   | (None) | ad:165f3dfa | 3.660 GB   |          |
| cms:/store/data/Run2022B/SingleMuon/AOD/27Jun2023-v1/70000/46d15798-41f8-4137-b32e-4e7fd66a5da5.root   | (None) | ad:f4bebb11 | 4.068 GB   |          |
| cms:/store/data/Run2022B/SingleMuon/AOD/27Jun2023-v1/70000/46e3037d-1d42-4946-98c6-ea2fcdc14ba2.root   | (None) | ad:9f5154f5 | 3.604 GB   |          |
| cms:/store/data/Run2022B/SingleMuon/AOD/27Jun2023-v1/70000/46e71ee7-db6a-4d3d-9fca-695b441227e2.root   | (None) | ad:f4c339c0 | 4.065 GB   |          |
| cms:/store/data/Run2022B/SingleMuon/AOD/27Jun2023-v1/70000/472b019c-739f-48ac-a1f8-c19845d7e9a4.root   | (None) | ad:216976ac | 4.042 GB   |          |
| cms:/store/data/Run2022B/SingleMuon/AOD/27Jun2023-v1/70000/47aff2ea-778f-4451-87b5-2d067e4215d1.root   | (None) | ad:1148d1b3 | 3.985 GB   |          |
| cms:/store/data/Run2022B/SingleMuon/AOD/27Jun2023-v1/70000/47de7794-ad9b-4da6-bc59-7e7ed5ed1068.root   | (None) | ad:b94f7b15 | 3.695 GB   |          |
| cms:/store/data/Run2022B/SingleMuon/AOD/27Jun2023-v1/70000/48d1ebbc-008a-41cd-9c17-a1ef00e6377a.root   | (None) | ad:359ffa70 | 3.317 GB   |          |
| cms:/store/data/Run2022B/SingleMuon/AOD/27Jun2023-v1/70000/4951c9a4-8593-4697-8d70-bad53098b123.root   | (None) | ad:e39acc7f | 4.268 GB   |          |
| cms:/store/data/Run2022B/SingleMuon/AOD/27Jun2023-v1/70000/49dbe26b-85c6-42ff-a739-4848dc8ce40f.root   | (None) | ad:f91365fc | 4.126 GB   |          |
| cms:/store/data/Run2022B/SingleMuon/AOD/27Jun2023-v1/70000/49fe15bc-f312-4191-8919-09690e42dcd6.root   | (None) | ad:706f9ae4 | 4.285 GB   |          |
| cms:/store/data/Run2022B/SingleMuon/AOD/27Jun2023-v1/70000/4a589c82-9589-42e4-b7ff-4e2636db9d4c.root   | (None) | ad:44315dba | 3.587 GB   |          |
| cms:/store/data/Run2022B/SingleMuon/AOD/27Jun2023-v1/70000/4ac668c1-c76b-4d3b-848d-ff807e82b3fd.root   | (None) | ad:2e9f240f | 4.140 GB   |          |
| cms:/store/data/Run2022B/SingleMuon/AOD/27Jun2023-v1/70000/4bc6cd96-4dc8-4bdc-b41e-45916ae0d28d.root   | (None) | ad:ed49c3f3 | 3.051 GB   |          |
| cms:/store/data/Run2022B/SingleMuon/AOD/27Jun2023-v1/70000/4bc6d05a-e6e7-44a8-aead-994a2bd91390.root   | (None) | ad:e8e9059c | 4.146 GB   |          |
| cms:/store/data/Run2022B/SingleMuon/AOD/27Jun2023-v1/70000/4d819da4-475b-4e9a-88c4-9295915a1cd9.root   | (None) | ad:175dd705 | 4.037 GB   |          |
| cms:/store/data/Run2022B/SingleMuon/AOD/27Jun2023-v1/70000/4d9c56de-ef72-4608-9eab-9ce0750ab750.root   | (None) | ad:8d75bf76 | 3.782 GB   |          |
| cms:/store/data/Run2022B/SingleMuon/AOD/27Jun2023-v1/70000/4dbd5520-6f15-418a-94d9-726045c69882.root   | (None) | ad:d0d58862 | 3.512 GB   |          |
| cms:/store/data/Run2022B/SingleMuon/AOD/27Jun2023-v1/70000/4f5c0669-6a86-4713-8c5d-1687406e1a7e.root   | (None) | ad:afb3c511 | 3.072 GB   |          |
| cms:/store/data/Run2022B/SingleMuon/AOD/27Jun2023-v1/70000/4fa7e9dd-cdd8-4254-914b-f8135f2f1dcc.root   | (None) | ad:fcef9b2f | 3.818 GB   |          |
| cms:/store/data/Run2022B/SingleMuon/AOD/27Jun2023-v1/70000/50aff90d-ce85-4603-94aa-caa4f8c41ee0.root   | (None) | ad:4f25b63f | 3.062 GB   |          |
| cms:/store/data/Run2022B/SingleMuon/AOD/27Jun2023-v1/70000/517beb1c-a620-4eaa-a216-db9bc3ebd687.root   | (None) | ad:56625ac0 | 3.945 GB   |          |
| cms:/store/data/Run2022B/SingleMuon/AOD/27Jun2023-v1/70000/51e42365-a79b-4559-b2fd-50a74961dee6.root   | (None) | ad:ee8d10d2 | 3.993 GB   |          |
| cms:/store/data/Run2022B/SingleMuon/AOD/27Jun2023-v1/70000/530d99e9-d6b2-444e-9b0c-6c8e18366ae0.root   | (None) | ad:2d4d198d | 4.295 GB   |          |
| cms:/store/data/Run2022B/SingleMuon/AOD/27Jun2023-v1/70000/536f7389-1e62-4074-a6bd-9520982dc0bb.root   | (None) | ad:2e6831eb | 4.065 GB   |          |
| cms:/store/data/Run2022B/SingleMuon/AOD/27Jun2023-v1/70000/537cffa8-53c4-462b-bd98-abeb9c991db7.root   | (None) | ad:7170cc60 | 3.150 GB   |          |
| cms:/store/data/Run2022B/SingleMuon/AOD/27Jun2023-v1/70000/53b80b15-087a-4e9d-ad1d-2f705d107f52.root   | (None) | ad:3469f663 | 4.000 GB   |          |
| cms:/store/data/Run2022B/SingleMuon/AOD/27Jun2023-v1/70000/54ad73eb-724f-4ed6-bd71-7ad523e0c46e.root   | (None) | ad:09961990 | 3.485 GB   |          |
| cms:/store/data/Run2022B/SingleMuon/AOD/27Jun2023-v1/70000/5513f18e-e202-41ac-9827-d360d4b3ba1e.root   | (None) | ad:a273b497 | 4.177 GB   |          |
| cms:/store/data/Run2022B/SingleMuon/AOD/27Jun2023-v1/70000/554b7f27-d978-450f-a25f-db56ec2b07e7.root   | (None) | ad:9a36f4bb | 2.817 GB   |          |
| cms:/store/data/Run2022B/SingleMuon/AOD/27Jun2023-v1/70000/55c98769-316d-4c1c-b4dd-34b8fba25a29.root   | (None) | ad:e0086424 | 4.234 GB   |          |
| cms:/store/data/Run2022B/SingleMuon/AOD/27Jun2023-v1/70000/58356969-a095-44b9-9862-b649017bea0f.root   | (None) | ad:3ebc79e0 | 4.273 GB   |          |
| cms:/store/data/Run2022B/SingleMuon/AOD/27Jun2023-v1/70000/591544e5-400c-462f-b29c-6a0639a96aea.root   | (None) | ad:48cd764a | 4.170 GB   |          |
| cms:/store/data/Run2022B/SingleMuon/AOD/27Jun2023-v1/70000/595cc474-d784-4a86-bdbd-b03a11431189.root   | (None) | ad:74ce7500 | 3.852 GB   |          |
| cms:/store/data/Run2022B/SingleMuon/AOD/27Jun2023-v1/70000/5a55de91-715a-4818-8882-c590dd7e4cc6.root   | (None) | ad:0bf09962 | 2.995 GB   |          |
| cms:/store/data/Run2022B/SingleMuon/AOD/27Jun2023-v1/70000/5aa8a1e8-cf44-4b5d-9c8f-76e4f320af16.root   | (None) | ad:32684051 | 4.055 GB   |          |
| cms:/store/data/Run2022B/SingleMuon/AOD/27Jun2023-v1/70000/5abd2842-ae9a-4be4-abae-7da9ae7c7da3.root   | (None) | ad:0db57345 | 4.137 GB   |          |
| cms:/store/data/Run2022B/SingleMuon/AOD/27Jun2023-v1/70000/5b4eecc2-5b73-4918-aa26-9e8c90cce960.root   | (None) | ad:0a2957ff | 4.013 GB   |          |
| cms:/store/data/Run2022B/SingleMuon/AOD/27Jun2023-v1/70000/5b837eaa-9dd2-4624-9943-a760a21d4364.root   | (None) | ad:4fc380bb | 3.685 GB   |          |
| cms:/store/data/Run2022B/SingleMuon/AOD/27Jun2023-v1/70000/5bdfb000-ad94-49a6-b68f-9c0d53c63e8c.root   | (None) | ad:17b5ef25 | 3.138 GB   |          |
| cms:/store/data/Run2022B/SingleMuon/AOD/27Jun2023-v1/70000/5d5d915f-95ce-4052-8787-1127a3bd07fe.root   | (None) | ad:a4908cab | 3.915 GB   |          |
| cms:/store/data/Run2022B/SingleMuon/AOD/27Jun2023-v1/70000/5d6e1a85-0fcb-456c-a5e0-80551d9f0780.root   | (None) | ad:abceb840 | 4.084 GB   |          |
| cms:/store/data/Run2022B/SingleMuon/AOD/27Jun2023-v1/70000/5d7ad858-99c3-4b3a-9f15-24f66275902a.root   | (None) | ad:8952fa49 | 3.240 GB   |          |
| cms:/store/data/Run2022B/SingleMuon/AOD/27Jun2023-v1/70000/5d913a09-5f08-4ebc-8077-1be94216aaa7.root   | (None) | ad:a7f7ac03 | 4.090 GB   |          |
| cms:/store/data/Run2022B/SingleMuon/AOD/27Jun2023-v1/70000/5da0d732-7fc7-4670-9045-4777828b8706.root   | (None) | ad:a04276be | 3.936 GB   |          |
| cms:/store/data/Run2022B/SingleMuon/AOD/27Jun2023-v1/70000/5eb48541-187e-4e45-a581-e110854c25ea.root   | (None) | ad:c2dce1e6 | 3.449 GB   |          |
| cms:/store/data/Run2022B/SingleMuon/AOD/27Jun2023-v1/70000/5f5bda23-550c-4e40-a705-ed673177b93e.root   | (None) | ad:53adfe8b | 3.125 GB   |          |
| cms:/store/data/Run2022B/SingleMuon/AOD/27Jun2023-v1/70000/5fc7543b-d846-47c3-b855-8048a3d3a009.root   | (None) | ad:c3c4af10 | 4.200 GB   |          |
| cms:/store/data/Run2022B/SingleMuon/AOD/27Jun2023-v1/70000/5fddec83-47d7-48d3-869c-470f142e41f5.root   | (None) | ad:c0af8ad2 | 4.051 GB   |          |
| cms:/store/data/Run2022B/SingleMuon/AOD/27Jun2023-v1/70000/5fea8754-4305-4510-bc52-85ae7e6507e1.root   | (None) | ad:98a150cc | 4.091 GB   |          |
| cms:/store/data/Run2022B/SingleMuon/AOD/27Jun2023-v1/70000/60b698a2-f8b9-498f-8e4a-28c2beeeb8d2.root   | (None) | ad:e7d65eab | 3.881 GB   |          |
| cms:/store/data/Run2022B/SingleMuon/AOD/27Jun2023-v1/70000/610ab7b8-8e0d-4e09-8b73-503188222955.root   | (None) | ad:7b131ff7 | 3.251 GB   |          |
| cms:/store/data/Run2022B/SingleMuon/AOD/27Jun2023-v1/70000/626580df-6843-4d03-b7ca-b28402bc33c5.root   | (None) | ad:ec774d0f | 3.939 GB   |          |
| cms:/store/data/Run2022B/SingleMuon/AOD/27Jun2023-v1/70000/6452a748-a5c7-401f-9d29-09fd4dde85e4.root   | (None) | ad:e37330e7 | 3.834 GB   |          |
| cms:/store/data/Run2022B/SingleMuon/AOD/27Jun2023-v1/70000/654e3e3f-9359-4f5f-8f3f-ff0cf7a13b86.root   | (None) | ad:15f81fec | 3.776 GB   |          |
| cms:/store/data/Run2022B/SingleMuon/AOD/27Jun2023-v1/70000/670db858-050d-4d8c-8c8f-43d48e80abdd.root   | (None) | ad:77633652 | 3.056 GB   |          |
| cms:/store/data/Run2022B/SingleMuon/AOD/27Jun2023-v1/70000/68414bad-8788-4de4-9264-a16318fb7fad.root   | (None) | ad:795e60ca | 3.763 GB   |          |
| cms:/store/data/Run2022B/SingleMuon/AOD/27Jun2023-v1/70000/68b4a7ba-f5d4-48b0-883d-db43e566bf41.root   | (None) | ad:95fdddf5 | 3.992 GB   |          |
| cms:/store/data/Run2022B/SingleMuon/AOD/27Jun2023-v1/70000/69cce9c6-41f9-4ba3-8858-d115164bf4c4.root   | (None) | ad:f5bf39ad | 3.537 GB   |          |
| cms:/store/data/Run2022B/SingleMuon/AOD/27Jun2023-v1/70000/6ae9e2da-399a-43fb-aad9-6b09e2052c74.root   | (None) | ad:37a049b3 | 3.071 GB   |          |
| cms:/store/data/Run2022B/SingleMuon/AOD/27Jun2023-v1/70000/6b521370-d230-4da5-878f-240301fd2b1d.root   | (None) | ad:d040f07a | 3.678 GB   |          |
| cms:/store/data/Run2022B/SingleMuon/AOD/27Jun2023-v1/70000/6c8a6bbc-c130-49dd-a358-8c9e39c24146.root   | (None) | ad:fbe546a2 | 4.233 GB   |          |
| cms:/store/data/Run2022B/SingleMuon/AOD/27Jun2023-v1/70000/6d89ad0e-bd32-4d5c-8549-531f6ff87c8c.root   | (None) | ad:f2313ef9 | 3.706 GB   |          |
| cms:/store/data/Run2022B/SingleMuon/AOD/27Jun2023-v1/70000/6ddb0158-57cb-40dd-afe0-c506a9953b7d.root   | (None) | ad:c6f87f70 | 3.609 GB   |          |
| cms:/store/data/Run2022B/SingleMuon/AOD/27Jun2023-v1/70000/6e00f80f-188f-4612-ae0c-35a8b144699b.root   | (None) | ad:6b8e059e | 3.736 GB   |          |
| cms:/store/data/Run2022B/SingleMuon/AOD/27Jun2023-v1/70000/6e1a7168-98cf-4eb2-a691-d1f95f95f7bc.root   | (None) | ad:2d2ea32f | 3.200 GB   |          |
| cms:/store/data/Run2022B/SingleMuon/AOD/27Jun2023-v1/70000/6ea1ca01-0be9-4856-9b26-58864f1541ab.root   | (None) | ad:d3e6a1e2 | 4.131 GB   |          |
| cms:/store/data/Run2022B/SingleMuon/AOD/27Jun2023-v1/70000/6ee46645-a7bb-4bbe-9899-753d2c0d8a60.root   | (None) | ad:28a61bc5 | 3.187 GB   |          |
| cms:/store/data/Run2022B/SingleMuon/AOD/27Jun2023-v1/70000/707497f2-903d-4d3a-b221-d8e3d4b3a19d.root   | (None) | ad:fba427fa | 4.222 GB   |          |
| cms:/store/data/Run2022B/SingleMuon/AOD/27Jun2023-v1/70000/711a7ce9-84f8-442e-b351-a2b134c938a0.root   | (None) | ad:d9cba27b | 2.286 GB   |          |
| cms:/store/data/Run2022B/SingleMuon/AOD/27Jun2023-v1/70000/71c4278b-8461-419b-8990-21235ac9b49d.root   | (None) | ad:a538efb9 | 3.881 GB   |          |
| cms:/store/data/Run2022B/SingleMuon/AOD/27Jun2023-v1/70000/71e41579-9bea-433d-811f-5584366af545.root   | (None) | ad:727221aa | 3.888 GB   |          |
| cms:/store/data/Run2022B/SingleMuon/AOD/27Jun2023-v1/70000/71e7599d-aaab-44f1-9aae-043594053253.root   | (None) | ad:f9f69320 | 3.575 GB   |          |
| cms:/store/data/Run2022B/SingleMuon/AOD/27Jun2023-v1/70000/71ee9e16-7cb6-424c-a88f-7cbd33691323.root   | (None) | ad:7967ac0d | 3.682 GB   |          |
| cms:/store/data/Run2022B/SingleMuon/AOD/27Jun2023-v1/70000/72a1caca-6d18-41dc-a714-350f2c92e002.root   | (None) | ad:60e2b2c0 | 3.882 GB   |          |
| cms:/store/data/Run2022B/SingleMuon/AOD/27Jun2023-v1/70000/730f5a33-41b2-42a3-bede-8533f7ca11f7.root   | (None) | ad:34f1f6f4 | 3.812 GB   |          |
| cms:/store/data/Run2022B/SingleMuon/AOD/27Jun2023-v1/70000/7315443d-4d6c-4d70-9104-53b9d2bb9137.root   | (None) | ad:4436570d | 2.794 GB   |          |
| cms:/store/data/Run2022B/SingleMuon/AOD/27Jun2023-v1/70000/7438702e-3385-4304-b1ba-bc6b7a7ef791.root   | (None) | ad:e109396c | 3.794 GB   |          |
| cms:/store/data/Run2022B/SingleMuon/AOD/27Jun2023-v1/70000/760670ce-9a5a-4833-98d6-3fe84e2f0086.root   | (None) | ad:406d31f3 | 2.964 GB   |          |
| cms:/store/data/Run2022B/SingleMuon/AOD/27Jun2023-v1/70000/77950efb-d052-4571-a7c3-28c0d2f1c62f.root   | (None) | ad:6678da90 | 3.242 GB   |          |
| cms:/store/data/Run2022B/SingleMuon/AOD/27Jun2023-v1/70000/77b600ba-3887-4aa5-b36e-6beed9809dd1.root   | (None) | ad:5a51f631 | 3.844 GB   |          |
| cms:/store/data/Run2022B/SingleMuon/AOD/27Jun2023-v1/70000/7813c572-fbaf-4921-bdb5-eedef56a0a65.root   | (None) | ad:9a217ee1 | 3.840 GB   |          |
| cms:/store/data/Run2022B/SingleMuon/AOD/27Jun2023-v1/70000/7894903c-3d4c-4937-aed3-7bbcac074724.root   | (None) | ad:584f99a1 | 2.959 GB   |          |
| cms:/store/data/Run2022B/SingleMuon/AOD/27Jun2023-v1/70000/7ca8405b-04f1-43e0-b59e-1fdff57aade3.root   | (None) | ad:686847ac | 4.062 GB   |          |
| cms:/store/data/Run2022B/SingleMuon/AOD/27Jun2023-v1/70000/7deafff1-69d3-4930-a380-37aaaf5b1242.root   | (None) | ad:182d6d86 | 3.774 GB   |          |
| cms:/store/data/Run2022B/SingleMuon/AOD/27Jun2023-v1/70000/7e7aefd4-18e7-4b81-9933-6ea54ae4bbd8.root   | (None) | ad:7505cfb8 | 4.241 GB   |          |
| cms:/store/data/Run2022B/SingleMuon/AOD/27Jun2023-v1/70000/7ebb876e-bb81-42b5-b3fc-7fe22744fe27.root   | (None) | ad:c470d184 | 4.305 GB   |          |
| cms:/store/data/Run2022B/SingleMuon/AOD/27Jun2023-v1/70000/7f3da3cc-73c6-4f67-8ddf-a85ff3d2844e.root   | (None) | ad:a8e3f4c0 | 4.319 GB   |          |
| cms:/store/data/Run2022B/SingleMuon/AOD/27Jun2023-v1/70000/810f9203-0bcd-4d44-98ec-96e55d8c5359.root   | (None) | ad:428edab8 | 4.016 GB   |          |
| cms:/store/data/Run2022B/SingleMuon/AOD/27Jun2023-v1/70000/81c30489-70c6-4691-8073-fcfe7a5c8abc.root   | (None) | ad:50da30a4 | 4.108 GB   |          |
| cms:/store/data/Run2022B/SingleMuon/AOD/27Jun2023-v1/70000/820e5e2d-dff7-4b24-a8ed-5482f7e6b45b.root   | (None) | ad:d17b2ed9 | 4.163 GB   |          |
| cms:/store/data/Run2022B/SingleMuon/AOD/27Jun2023-v1/70000/8654896e-3f58-451b-b737-d2086f318d2f.root   | (None) | ad:0727b3d3 | 3.919 GB   |          |
| cms:/store/data/Run2022B/SingleMuon/AOD/27Jun2023-v1/70000/88a28a3e-3fba-4be7-af89-9d1c911b037f.root   | (None) | ad:3e78659e | 4.024 GB   |          |
| cms:/store/data/Run2022B/SingleMuon/AOD/27Jun2023-v1/70000/8b7ab66b-944a-4ad8-b765-41386ed8dd09.root   | (None) | ad:495181e7 | 4.082 GB   |          |
| cms:/store/data/Run2022B/SingleMuon/AOD/27Jun2023-v1/70000/8d2e5b77-e73a-442d-ab54-80a93c773b4e.root   | (None) | ad:247722c1 | 3.646 GB   |          |
| cms:/store/data/Run2022B/SingleMuon/AOD/27Jun2023-v1/70000/8d9ea888-bb64-4d00-8fac-e96e87a5c475.root   | (None) | ad:3cd8ae33 | 3.922 GB   |          |
| cms:/store/data/Run2022B/SingleMuon/AOD/27Jun2023-v1/70000/8de9f0b0-5437-46e9-9b4e-13372b743304.root   | (None) | ad:f6b0872f | 3.728 GB   |          |
| cms:/store/data/Run2022B/SingleMuon/AOD/27Jun2023-v1/70000/8ef2b345-e02a-4f9c-928d-3f3e628ccd66.root   | (None) | ad:eb78c955 | 3.778 GB   |          |
| cms:/store/data/Run2022B/SingleMuon/AOD/27Jun2023-v1/70000/8fc57dd2-e7d9-401a-b3cf-09ed3d398930.root   | (None) | ad:3ccfdc34 | 3.780 GB   |          |
| cms:/store/data/Run2022B/SingleMuon/AOD/27Jun2023-v1/70000/902cc9d6-1bc6-4872-bb76-9d9b4b412b34.root   | (None) | ad:3dd53862 | 3.583 GB   |          |
| cms:/store/data/Run2022B/SingleMuon/AOD/27Jun2023-v1/70000/905398f9-82ed-40db-abf5-501e8e976e30.root   | (None) | ad:ccf8bb60 | 4.297 GB   |          |
| cms:/store/data/Run2022B/SingleMuon/AOD/27Jun2023-v1/70000/90e7c4c2-c532-4800-8f64-15cc15195fe0.root   | (None) | ad:4aab6032 | 4.023 GB   |          |
| cms:/store/data/Run2022B/SingleMuon/AOD/27Jun2023-v1/70000/913e6744-170e-4c6e-8a63-6c47a269e581.root   | (None) | ad:8cbf81c6 | 4.180 GB   |          |
| cms:/store/data/Run2022B/SingleMuon/AOD/27Jun2023-v1/70000/91bd39a7-1065-4fbf-9550-13b4dd892e99.root   | (None) | ad:d53026eb | 3.791 GB   |          |
| cms:/store/data/Run2022B/SingleMuon/AOD/27Jun2023-v1/70000/92299bd2-5150-4b54-b9ee-2614e9c36e29.root   | (None) | ad:8d9ee6e4 | 4.256 GB   |          |
| cms:/store/data/Run2022B/SingleMuon/AOD/27Jun2023-v1/70000/928bee37-a7c7-468a-8c82-7bcbac4c4329.root   | (None) | ad:f451e5de | 4.236 GB   |          |
| cms:/store/data/Run2022B/SingleMuon/AOD/27Jun2023-v1/70000/92d3ef12-f2a6-4b71-8125-16e998371192.root   | (None) | ad:61afa264 | 4.237 GB   |          |
| cms:/store/data/Run2022B/SingleMuon/AOD/27Jun2023-v1/70000/94984fac-0167-4d56-93e1-37bb79ce4570.root   | (None) | ad:e0f14105 | 3.999 GB   |          |
| cms:/store/data/Run2022B/SingleMuon/AOD/27Jun2023-v1/70000/94c810de-a3d1-421c-9215-40e14ef2848f.root   | (None) | ad:57250844 | 3.865 GB   |          |
| cms:/store/data/Run2022B/SingleMuon/AOD/27Jun2023-v1/70000/95f171e4-be13-4f19-bac9-297e94d5493c.root   | (None) | ad:606d7ed7 | 3.547 GB   |          |
| cms:/store/data/Run2022B/SingleMuon/AOD/27Jun2023-v1/70000/9623be9b-c760-4e48-96af-8e0e9c93e8fb.root   | (None) | ad:aca45bda | 4.291 GB   |          |
| cms:/store/data/Run2022B/SingleMuon/AOD/27Jun2023-v1/70000/98eb2e89-4a97-4e91-bc89-59763a3889ed.root   | (None) | ad:4daa3937 | 3.659 GB   |          |
| cms:/store/data/Run2022B/SingleMuon/AOD/27Jun2023-v1/70000/9947e06e-cb91-405a-83fa-b0137af00862.root   | (None) | ad:99eb5d34 | 4.319 GB   |          |
| cms:/store/data/Run2022B/SingleMuon/AOD/27Jun2023-v1/70000/99a25524-5902-4fee-a5f6-9b67686b9e8a.root   | (None) | ad:93900de0 | 3.840 GB   |          |
| cms:/store/data/Run2022B/SingleMuon/AOD/27Jun2023-v1/70000/9a51c77a-f287-41a6-a414-ab19a2ba5004.root   | (None) | ad:ae22eff5 | 4.055 GB   |          |
| cms:/store/data/Run2022B/SingleMuon/AOD/27Jun2023-v1/70000/9c0c2c7f-7b8e-4338-960f-d3f17573fee9.root   | (None) | ad:0b64b10e | 4.220 GB   |          |
| cms:/store/data/Run2022B/SingleMuon/AOD/27Jun2023-v1/70000/9c886b64-28b2-42c4-82f6-b5de8644e5c1.root   | (None) | ad:9dd563f7 | 4.028 GB   |          |
| cms:/store/data/Run2022B/SingleMuon/AOD/27Jun2023-v1/70000/9cae6324-1f92-4286-ab11-8d5e43601cc3.root   | (None) | ad:e6d7781a | 4.017 GB   |          |
| cms:/store/data/Run2022B/SingleMuon/AOD/27Jun2023-v1/70000/9e7beaf0-c78e-41a1-88a4-e7dca3bd719f.root   | (None) | ad:9e14cf35 | 3.165 GB   |          |
| cms:/store/data/Run2022B/SingleMuon/AOD/27Jun2023-v1/70000/9ecfe824-fbda-411d-96d7-87ffffe9ecb7.root   | (None) | ad:4fdbb563 | 4.086 GB   |          |
| cms:/store/data/Run2022B/SingleMuon/AOD/27Jun2023-v1/70000/9fb2a576-2390-4bdc-befb-c24944462e7f.root   | (None) | ad:276c90c8 | 3.524 GB   |          |
| cms:/store/data/Run2022B/SingleMuon/AOD/27Jun2023-v1/70000/9fdf09d4-cecb-4b70-899c-14d663db36fc.root   | (None) | ad:751f76f3 | 3.512 GB   |          |
| cms:/store/data/Run2022B/SingleMuon/AOD/27Jun2023-v1/70000/a17e2415-95e3-48f0-bec0-87d18faa5c1e.root   | (None) | ad:f3d343ef | 4.069 GB   |          |
| cms:/store/data/Run2022B/SingleMuon/AOD/27Jun2023-v1/70000/a1c6ffd4-d784-43be-881d-58ac43263110.root   | (None) | ad:1573804c | 4.236 GB   |          |
| cms:/store/data/Run2022B/SingleMuon/AOD/27Jun2023-v1/70000/a21a04f5-a8d1-4f30-b1f7-32d7b14f86b6.root   | (None) | ad:6226b3af | 3.968 GB   |          |
| cms:/store/data/Run2022B/SingleMuon/AOD/27Jun2023-v1/70000/a26a9878-de1a-4eef-8452-728c26ffab2a.root   | (None) | ad:3e751c09 | 3.881 GB   |          |
| cms:/store/data/Run2022B/SingleMuon/AOD/27Jun2023-v1/70000/a2db6616-0e83-4313-864f-420f177fdfd9.root   | (None) | ad:36cbc740 | 3.991 GB   |          |
| cms:/store/data/Run2022B/SingleMuon/AOD/27Jun2023-v1/70000/a2f96d31-cbc0-4c99-b9ad-543f96b0aacb.root   | (None) | ad:d20b417a | 4.208 GB   |          |
| cms:/store/data/Run2022B/SingleMuon/AOD/27Jun2023-v1/70000/a3031326-f0a6-4eca-8632-b556a5491f53.root   | (None) | ad:1f95364d | 4.048 GB   |          |
| cms:/store/data/Run2022B/SingleMuon/AOD/27Jun2023-v1/70000/a6598c84-0d8a-4d74-8976-cc180c95cda3.root   | (None) | ad:ba8dff8b | 3.980 GB   |          |
| cms:/store/data/Run2022B/SingleMuon/AOD/27Jun2023-v1/70000/a67fcfb0-e007-41fa-ad72-4e53ae88ea2b.root   | (None) | ad:e8895df2 | 3.480 GB   |          |
| cms:/store/data/Run2022B/SingleMuon/AOD/27Jun2023-v1/70000/a9d17d6d-ff09-416e-b6bf-c8a95a01c6f7.root   | (None) | ad:3044be91 | 3.656 GB   |          |
| cms:/store/data/Run2022B/SingleMuon/AOD/27Jun2023-v1/70000/ab55be40-6899-49f1-9714-9477f14231ae.root   | (None) | ad:d5163046 | 3.684 GB   |          |
| cms:/store/data/Run2022B/SingleMuon/AOD/27Jun2023-v1/70000/ab8023a2-0198-40da-afc8-1f9801671c09.root   | (None) | ad:257d3083 | 3.333 GB   |          |
| cms:/store/data/Run2022B/SingleMuon/AOD/27Jun2023-v1/70000/acf3393b-d9b3-4037-ba7c-a573985d19ac.root   | (None) | ad:c757f183 | 4.209 GB   |          |
| cms:/store/data/Run2022B/SingleMuon/AOD/27Jun2023-v1/70000/acf6c2b4-d867-4d65-8d23-dcb93130c5eb.root   | (None) | ad:16f4d3c9 | 3.844 GB   |          |
| cms:/store/data/Run2022B/SingleMuon/AOD/27Jun2023-v1/70000/ad321a14-17c1-44c7-8df9-d926cde354eb.root   | (None) | ad:2f8631d6 | 3.995 GB   |          |
| cms:/store/data/Run2022B/SingleMuon/AOD/27Jun2023-v1/70000/ae0816e0-8a4d-45c5-9871-e04c9ee27468.root   | (None) | ad:985e44cb | 2.160 GB   |          |
| cms:/store/data/Run2022B/SingleMuon/AOD/27Jun2023-v1/70000/af02156d-1b27-4a81-adb5-4607033d6733.root   | (None) | ad:fb13ccc4 | 2.805 GB   |          |
| cms:/store/data/Run2022B/SingleMuon/AOD/27Jun2023-v1/70000/b14a560f-c3ae-4dbe-b01c-703e8456db1a.root   | (None) | ad:591782a6 | 3.839 GB   |          |
| cms:/store/data/Run2022B/SingleMuon/AOD/27Jun2023-v1/70000/b1c509fc-0613-47b9-8e0c-5278bcdd0f9f.root   | (None) | ad:1b1adf21 | 3.607 GB   |          |
| cms:/store/data/Run2022B/SingleMuon/AOD/27Jun2023-v1/70000/b215e1a9-b034-4052-babf-6a2adeb0e29c.root   | (None) | ad:f491bc66 | 3.726 GB   |          |
| cms:/store/data/Run2022B/SingleMuon/AOD/27Jun2023-v1/70000/b2b9c398-583e-432b-97d7-18eb737c4732.root   | (None) | ad:027c1757 | 3.552 GB   |          |
| cms:/store/data/Run2022B/SingleMuon/AOD/27Jun2023-v1/70000/b3e95dbf-fe05-483f-b056-bddad6549c63.root   | (None) | ad:fcfc1960 | 3.259 GB   |          |
| cms:/store/data/Run2022B/SingleMuon/AOD/27Jun2023-v1/70000/b3edaddd-8573-4232-a7cc-11b6bb1dfda1.root   | (None) | ad:b2890e59 | 3.862 GB   |          |
| cms:/store/data/Run2022B/SingleMuon/AOD/27Jun2023-v1/70000/b52c19be-3fc7-4bcb-955a-1a0710d898b1.root   | (None) | ad:0808f633 | 3.632 GB   |          |
| cms:/store/data/Run2022B/SingleMuon/AOD/27Jun2023-v1/70000/b54463a4-0b53-4a7a-9a26-ba8d78b069bd.root   | (None) | ad:4925d3fe | 4.195 GB   |          |
| cms:/store/data/Run2022B/SingleMuon/AOD/27Jun2023-v1/70000/b5ea20b6-8f0d-4567-b6dd-db99e11839aa.root   | (None) | ad:50ccf452 | 3.714 GB   |          |
| cms:/store/data/Run2022B/SingleMuon/AOD/27Jun2023-v1/70000/b65d3f83-52da-426e-a694-fb61eef0a7aa.root   | (None) | ad:c2ccdce8 | 3.784 GB   |          |
| cms:/store/data/Run2022B/SingleMuon/AOD/27Jun2023-v1/70000/b68bc916-28a6-4f57-917b-9f93f6f1f43f.root   | (None) | ad:e8879c99 | 4.241 GB   |          |
| cms:/store/data/Run2022B/SingleMuon/AOD/27Jun2023-v1/70000/b6f79ad3-0e66-41f6-943e-254bd87b568d.root   | (None) | ad:b225bc46 | 3.803 GB   |          |
| cms:/store/data/Run2022B/SingleMuon/AOD/27Jun2023-v1/70000/b7cf2df0-3d2b-4235-839a-980eb51069e6.root   | (None) | ad:c98b353c | 3.731 GB   |          |
| cms:/store/data/Run2022B/SingleMuon/AOD/27Jun2023-v1/70000/b858c039-729f-489f-b421-8ceb88e87f48.root   | (None) | ad:04391720 | 3.230 GB   |          |
| cms:/store/data/Run2022B/SingleMuon/AOD/27Jun2023-v1/70000/b89076ab-15ce-4b76-8b4f-6f838724c08f.root   | (None) | ad:c5d4eede | 3.522 GB   |          |
| cms:/store/data/Run2022B/SingleMuon/AOD/27Jun2023-v1/70000/b8ee7665-e582-47eb-ae13-208d27ebef81.root   | (None) | ad:772bd71c | 4.240 GB   |          |
| cms:/store/data/Run2022B/SingleMuon/AOD/27Jun2023-v1/70000/bb0a20d9-81cd-4a5a-bfd0-e441ed029100.root   | (None) | ad:71c9c2c0 | 4.013 GB   |          |
| cms:/store/data/Run2022B/SingleMuon/AOD/27Jun2023-v1/70000/bb5d726d-01f6-4dd2-8041-3ef91174177b.root   | (None) | ad:5d790396 | 3.572 GB   |          |
| cms:/store/data/Run2022B/SingleMuon/AOD/27Jun2023-v1/70000/bb722198-7ba6-42f7-a13c-8e3c739dec41.root   | (None) | ad:d8219f2e | 3.150 GB   |          |
| cms:/store/data/Run2022B/SingleMuon/AOD/27Jun2023-v1/70000/bbb89086-a986-4edb-9197-803b7ba1c65e.root   | (None) | ad:59b48417 | 4.017 GB   |          |
| cms:/store/data/Run2022B/SingleMuon/AOD/27Jun2023-v1/70000/bdd644b1-f139-47fd-9766-09fa7b0240eb.root   | (None) | ad:39d2eec1 | 4.108 GB   |          |
| cms:/store/data/Run2022B/SingleMuon/AOD/27Jun2023-v1/70000/be290bf9-4f77-4d5b-ade8-376426939f37.root   | (None) | ad:b6558daf | 4.098 GB   |          |
| cms:/store/data/Run2022B/SingleMuon/AOD/27Jun2023-v1/70000/be5b23d4-efe2-4c18-a655-fe4272ab5deb.root   | (None) | ad:3a0fb858 | 3.551 GB   |          |
| cms:/store/data/Run2022B/SingleMuon/AOD/27Jun2023-v1/70000/be8a14b6-4127-47e5-aa92-8302a27a5084.root   | (None) | ad:c54547b9 | 3.591 GB   |          |
| cms:/store/data/Run2022B/SingleMuon/AOD/27Jun2023-v1/70000/bef7ac06-7503-466d-bb47-c677c2a67e5a.root   | (None) | ad:0dce2b8c | 4.284 GB   |          |
| cms:/store/data/Run2022B/SingleMuon/AOD/27Jun2023-v1/70000/bf796367-47e0-4bd3-a512-410ea24f183f.root   | (None) | ad:85d5aee6 | 3.940 GB   |          |
| cms:/store/data/Run2022B/SingleMuon/AOD/27Jun2023-v1/70000/c3437532-0404-4b35-ac05-1813df7f32bc.root   | (None) | ad:ecccf61a | 3.869 GB   |          |
| cms:/store/data/Run2022B/SingleMuon/AOD/27Jun2023-v1/70000/c5056bf5-91e5-4bd8-b6c5-5a67a761c1ea.root   | (None) | ad:4e3544f1 | 4.183 GB   |          |
| cms:/store/data/Run2022B/SingleMuon/AOD/27Jun2023-v1/70000/c65bc0fe-7717-45c1-b8fe-a35f9cae3a4a.root   | (None) | ad:b58d58f8 | 4.034 GB   |          |
| cms:/store/data/Run2022B/SingleMuon/AOD/27Jun2023-v1/70000/c66ac31a-1ed0-4988-9048-92e3c6c94d80.root   | (None) | ad:e527db4e | 2.820 GB   |          |
| cms:/store/data/Run2022B/SingleMuon/AOD/27Jun2023-v1/70000/c7f2b350-0096-41e0-97d0-3f47de7cb710.root   | (None) | ad:904e881b | 3.759 GB   |          |
| cms:/store/data/Run2022B/SingleMuon/AOD/27Jun2023-v1/70000/c88ebc35-8314-47e3-9429-bece8d800213.root   | (None) | ad:6b974ff1 | 3.310 GB   |          |
| cms:/store/data/Run2022B/SingleMuon/AOD/27Jun2023-v1/70000/c9c2414e-f894-48b9-8e23-58f7d94a805a.root   | (None) | ad:0ac35b66 | 4.045 GB   |          |
| cms:/store/data/Run2022B/SingleMuon/AOD/27Jun2023-v1/70000/c9c3f6a7-4a21-43d9-b710-2c5a7f50065d.root   | (None) | ad:54bf3694 | 4.090 GB   |          |
| cms:/store/data/Run2022B/SingleMuon/AOD/27Jun2023-v1/70000/ca5419c3-d5bd-4b05-a40e-0c832e8f6d3a.root   | (None) | ad:410bfc0b | 3.610 GB   |          |
| cms:/store/data/Run2022B/SingleMuon/AOD/27Jun2023-v1/70000/caa4f8ad-4ca9-491d-84dc-73a0ecef86f4.root   | (None) | ad:1688bdd0 | 3.758 GB   |          |
| cms:/store/data/Run2022B/SingleMuon/AOD/27Jun2023-v1/70000/cb72072e-a47f-4e2f-9487-415cffafaed6.root   | (None) | ad:6ffeb752 | 3.829 GB   |          |
| cms:/store/data/Run2022B/SingleMuon/AOD/27Jun2023-v1/70000/cde544a0-508a-49ca-891b-07fcdb21e19d.root   | (None) | ad:f20301dd | 3.116 GB   |          |
| cms:/store/data/Run2022B/SingleMuon/AOD/27Jun2023-v1/70000/d24cf986-b6a8-4423-a77a-d2686cc01b69.root   | (None) | ad:68e10a54 | 3.855 GB   |          |
| cms:/store/data/Run2022B/SingleMuon/AOD/27Jun2023-v1/70000/d2cf95a2-03d9-4736-b7f9-d510478dc16b.root   | (None) | ad:737ad535 | 2.909 GB   |          |
| cms:/store/data/Run2022B/SingleMuon/AOD/27Jun2023-v1/70000/d4228b13-6d03-4bb2-90be-3f2f5909b7bf.root   | (None) | ad:d3f38878 | 4.021 GB   |          |
| cms:/store/data/Run2022B/SingleMuon/AOD/27Jun2023-v1/70000/d593359a-89a5-4700-8ee3-2d77a240c77f.root   | (None) | ad:66e9d46a | 3.712 GB   |          |
| cms:/store/data/Run2022B/SingleMuon/AOD/27Jun2023-v1/70000/d6b38edd-2289-4cd7-81f7-135f9ff0f874.root   | (None) | ad:686ef51b | 4.041 GB   |          |
| cms:/store/data/Run2022B/SingleMuon/AOD/27Jun2023-v1/70000/d765e627-419f-401e-b73a-7374f58bd914.root   | (None) | ad:4c6a7fee | 4.266 GB   |          |
| cms:/store/data/Run2022B/SingleMuon/AOD/27Jun2023-v1/70000/d86fbcf1-ac59-4ac4-92c8-06f3ec59cf0d.root   | (None) | ad:f448a22a | 3.660 GB   |          |
| cms:/store/data/Run2022B/SingleMuon/AOD/27Jun2023-v1/70000/d8bf8741-479b-43b7-99a8-97eec54d6741.root   | (None) | ad:ffdca811 | 3.930 GB   |          |
| cms:/store/data/Run2022B/SingleMuon/AOD/27Jun2023-v1/70000/d8cc23e3-080e-4195-93f9-5e8fa862ee18.root   | (None) | ad:7d48235a | 4.070 GB   |          |
| cms:/store/data/Run2022B/SingleMuon/AOD/27Jun2023-v1/70000/d9d4a1a9-d047-4f31-aa8d-1c7b8894c5f5.root   | (None) | ad:8322cfac | 4.050 GB   |          |
| cms:/store/data/Run2022B/SingleMuon/AOD/27Jun2023-v1/70000/dc3d877a-ca25-4ab1-a1a4-84c99a9713d5.root   | (None) | ad:78171a83 | 3.160 GB   |          |
| cms:/store/data/Run2022B/SingleMuon/AOD/27Jun2023-v1/70000/dd29576f-471f-4480-951c-766be01bb58f.root   | (None) | ad:c51e6926 | 3.851 GB   |          |
| cms:/store/data/Run2022B/SingleMuon/AOD/27Jun2023-v1/70000/ddd553a2-5510-4aa8-8190-9390950f2e52.root   | (None) | ad:5b5f8b2f | 4.070 GB   |          |
| cms:/store/data/Run2022B/SingleMuon/AOD/27Jun2023-v1/70000/dfcfb88a-3381-4684-9728-d8b4b9f07f2d.root   | (None) | ad:801868b5 | 4.281 GB   |          |
| cms:/store/data/Run2022B/SingleMuon/AOD/27Jun2023-v1/70000/e013ca3c-557a-4dc5-a10c-a8bcc731207c.root   | (None) | ad:bf01251c | 3.696 GB   |          |
| cms:/store/data/Run2022B/SingleMuon/AOD/27Jun2023-v1/70000/e0481bd4-92c6-4ad5-8d8f-4ed98942c232.root   | (None) | ad:30198738 | 3.787 GB   |          |
| cms:/store/data/Run2022B/SingleMuon/AOD/27Jun2023-v1/70000/e0c64b92-b9c1-4954-92cc-1771dffbcaae.root   | (None) | ad:62f16545 | 3.746 GB   |          |
| cms:/store/data/Run2022B/SingleMuon/AOD/27Jun2023-v1/70000/e137de9d-97e7-463d-8cea-abfc031c1515.root   | (None) | ad:4ff715d6 | 3.910 GB   |          |
| cms:/store/data/Run2022B/SingleMuon/AOD/27Jun2023-v1/70000/e35d4628-d3df-4e9a-b6ca-9bee5cd79a68.root   | (None) | ad:9dc84d61 | 3.738 GB   |          |
| cms:/store/data/Run2022B/SingleMuon/AOD/27Jun2023-v1/70000/e421cafb-e4b0-4c10-b8a4-5ed8e28a21eb.root   | (None) | ad:456eb966 | 3.146 GB   |          |
| cms:/store/data/Run2022B/SingleMuon/AOD/27Jun2023-v1/70000/e4971890-dfec-4402-8b38-689da304c9e4.root   | (None) | ad:ffb2cc5e | 4.270 GB   |          |
| cms:/store/data/Run2022B/SingleMuon/AOD/27Jun2023-v1/70000/e4a49327-8a64-4265-9968-df709adf14d4.root   | (None) | ad:d8f77ce6 | 3.849 GB   |          |
| cms:/store/data/Run2022B/SingleMuon/AOD/27Jun2023-v1/70000/e4e2652e-528e-4c72-87e6-57bd3aefbafb.root   | (None) | ad:2a0e610b | 3.843 GB   |          |
| cms:/store/data/Run2022B/SingleMuon/AOD/27Jun2023-v1/70000/e5a45521-7408-4750-b664-b6691bca5e4e.root   | (None) | ad:dd9e4d51 | 3.005 GB   |          |
| cms:/store/data/Run2022B/SingleMuon/AOD/27Jun2023-v1/70000/e7000627-ab99-4900-b97f-c6e7fef52310.root   | (None) | ad:905ec512 | 3.016 GB   |          |
| cms:/store/data/Run2022B/SingleMuon/AOD/27Jun2023-v1/70000/e77e7b82-61ce-4a7d-bf10-f5a834f0318c.root   | (None) | ad:5d3c9648 | 2.965 GB   |          |
| cms:/store/data/Run2022B/SingleMuon/AOD/27Jun2023-v1/70000/e791f369-8ec8-4eb0-ad97-918cc07fc05f.root   | (None) | ad:af871ccb | 4.023 GB   |          |
| cms:/store/data/Run2022B/SingleMuon/AOD/27Jun2023-v1/70000/e858c90b-8771-4ec0-ade5-7ced6a61db45.root   | (None) | ad:b7f24258 | 3.699 GB   |          |
| cms:/store/data/Run2022B/SingleMuon/AOD/27Jun2023-v1/70000/e8b6c431-7e5f-427d-844e-4d7107f8660d.root   | (None) | ad:ae91b50f | 3.278 GB   |          |
| cms:/store/data/Run2022B/SingleMuon/AOD/27Jun2023-v1/70000/ea63c913-e43b-4ddf-a122-651d6a076628.root   | (None) | ad:6f429602 | 4.090 GB   |          |
| cms:/store/data/Run2022B/SingleMuon/AOD/27Jun2023-v1/70000/eabfac65-73bc-4a3c-8af2-36c22d9dd6a8.root   | (None) | ad:c21ef52c | 4.262 GB   |          |
| cms:/store/data/Run2022B/SingleMuon/AOD/27Jun2023-v1/70000/eae96781-ee84-4dcb-a958-d3077c19d09a.root   | (None) | ad:09c70af9 | 3.228 GB   |          |
| cms:/store/data/Run2022B/SingleMuon/AOD/27Jun2023-v1/70000/ebbfa05b-d6bd-49eb-8c5d-a62f66897847.root   | (None) | ad:68751287 | 3.882 GB   |          |
| cms:/store/data/Run2022B/SingleMuon/AOD/27Jun2023-v1/70000/ec653bf6-400a-4364-855b-0455eb89445d.root   | (None) | ad:dbe7109a | 4.145 GB   |          |
| cms:/store/data/Run2022B/SingleMuon/AOD/27Jun2023-v1/70000/ec98fdb9-7d41-4c2f-94c9-6a72c2bc1709.root   | (None) | ad:2c552ebd | 3.131 GB   |          |
| cms:/store/data/Run2022B/SingleMuon/AOD/27Jun2023-v1/70000/ed54c89f-80a2-436c-b809-1f33e55a2bee.root   | (None) | ad:10edcf3b | 4.179 GB   |          |
| cms:/store/data/Run2022B/SingleMuon/AOD/27Jun2023-v1/70000/ee5a98d3-e864-4686-978a-7f52f0a0a1e5.root   | (None) | ad:85cc8fa3 | 3.841 GB   |          |
| cms:/store/data/Run2022B/SingleMuon/AOD/27Jun2023-v1/70000/ef2830ea-9d94-45cd-833d-87ca802cb2cd.root   | (None) | ad:37146328 | 3.252 GB   |          |
| cms:/store/data/Run2022B/SingleMuon/AOD/27Jun2023-v1/70000/ef82bfe0-060f-4f60-842b-66232a78bf0e.root   | (None) | ad:556f5955 | 3.773 GB   |          |
| cms:/store/data/Run2022B/SingleMuon/AOD/27Jun2023-v1/70000/f1a19491-f1cb-43d7-81e3-a4c3fce0571e.root   | (None) | ad:3a927994 | 3.825 GB   |          |
| cms:/store/data/Run2022B/SingleMuon/AOD/27Jun2023-v1/70000/f21266aa-2595-4519-9f36-11be4b029919.root   | (None) | ad:b6419f26 | 4.092 GB   |          |
| cms:/store/data/Run2022B/SingleMuon/AOD/27Jun2023-v1/70000/f21b2d38-cab4-462f-9af4-ef5a192d84f9.root   | (None) | ad:b8c9cdb0 | 2.983 GB   |          |
| cms:/store/data/Run2022B/SingleMuon/AOD/27Jun2023-v1/70000/f5df3f96-066e-4616-8eb9-08c7a6892fe4.root   | (None) | ad:b465e263 | 3.692 GB   |          |
| cms:/store/data/Run2022B/SingleMuon/AOD/27Jun2023-v1/70000/f665bd6c-3f42-4474-8917-75438c1a8421.root   | (None) | ad:7b3e1930 | 3.570 GB   |          |
| cms:/store/data/Run2022B/SingleMuon/AOD/27Jun2023-v1/70000/f737c7ea-738b-4a51-b013-fa08477015d8.root   | (None) | ad:387cda29 | 3.801 GB   |          |
| cms:/store/data/Run2022B/SingleMuon/AOD/27Jun2023-v1/70000/f73a150f-5199-4a0b-89af-844415262a52.root   | (None) | ad:0d9720ba | 4.093 GB   |          |
| cms:/store/data/Run2022B/SingleMuon/AOD/27Jun2023-v1/70000/f73fb930-5d86-4412-bcaa-c6cff8a996b6.root   | (None) | ad:7fd2102c | 3.116 GB   |          |
| cms:/store/data/Run2022B/SingleMuon/AOD/27Jun2023-v1/70000/f75bbfa5-3220-46ce-9c78-a873e3a06977.root   | (None) | ad:d98bc66c | 3.771 GB   |          |
| cms:/store/data/Run2022B/SingleMuon/AOD/27Jun2023-v1/70000/f91175f2-453d-4ac6-bd52-6016707ad112.root   | (None) | ad:23a2169d | 3.089 GB   |          |
| cms:/store/data/Run2022B/SingleMuon/AOD/27Jun2023-v1/70000/fa03eba3-4dc4-41f3-ad6a-1eba8396e9c6.root   | (None) | ad:d1258e0a | 4.004 GB   |          |
| cms:/store/data/Run2022B/SingleMuon/AOD/27Jun2023-v1/70000/fa8a2ae7-0492-43d8-9fae-1f358c7456e0.root   | (None) | ad:63b48d07 | 2.877 GB   |          |
| cms:/store/data/Run2022B/SingleMuon/AOD/27Jun2023-v1/70000/fc1fe117-315a-4339-a5fd-b9bc763d4d24.root   | (None) | ad:a49d3a08 | 2.941 GB   |          |
| cms:/store/data/Run2022B/SingleMuon/AOD/27Jun2023-v1/70000/fe7d25d2-0920-48fe-a848-acb412f6a2b4.root   | (None) | ad:bd2c46e4 | 3.358 GB   |          |
| cms:/store/data/Run2022B/SingleMuon/AOD/27Jun2023-v1/70000/fea0b3c5-61dc-416b-bf85-a20da1b4fe0d.root   | (None) | ad:662fc859 | 4.003 GB   |          |
| cms:/store/data/Run2022B/SingleMuon/AOD/27Jun2023-v1/70000/ff3cc1bd-0f70-4298-aabe-fb12abb467ef.root   | (None) | ad:ccd030c5 | 4.078 GB   |          |
| cms:/store/data/Run2022B/SingleMuon/AOD/27Jun2023-v1/70000/ffb27b04-6b24-4217-b8a5-a6998e7b2cdd.root   | (None) | ad:8948a54e | 3.516 GB   |          |
| cms:/store/data/Run2022B/SingleMuon/AOD/27Jun2023-v1/710000/757f9c02-6d6b-4850-84fa-edb2eaea2d57.root  | (None) | ad:035cfae0 | 2.171 GB   |          |
| cms:/store/data/Run2022B/SingleMuon/AOD/27Jun2023-v1/70000/6ebda649-46c8-431a-8876-7e62bca97cee.root   | (None) | ad:fe0a3c2f | 961.008 MB |          |
| cms:/store/data/Run2022B/SingleMuon/AOD/27Jun2023-v1/2820000/16d5a8f3-b778-4379-a3af-330a27fd1888.root | (None) | ad:413f5a13 | 9.406 GB   |          |
| cms:/store/data/Run2022B/SingleMuon/AOD/27Jun2023-v1/2820000/ade6e74a-553a-40ca-911c-793df6ce0554.root | (None) | ad:f2e1787a | 8.141 GB   |          |
| cms:/store/data/Run2022B/SingleMuon/AOD/27Jun2023-v1/2820000/af722f2d-9527-4b32-a0f3-075c1042689b.root | (None) | ad:42a47f81 | 9.026 GB   |          |
| cms:/store/data/Run2022B/SingleMuon/AOD/27Jun2023-v1/2820000/c7f3fbb6-7347-4899-b9ea-b0290b7da8d4.root | (None) | ad:8f7c62fe | 235.607 MB |          |
| cms:/store/data/Run2022B/SingleMuon/AOD/27Jun2023-v1/70000/03acbc49-b35c-4263-a9a3-c0f1b7b9241a.root   | (None) | ad:aa7b2c74 | 3.881 GB   |          |
| cms:/store/data/Run2022B/SingleMuon/AOD/27Jun2023-v1/70000/05e5b9d7-466a-4918-8b90-33b10de3abd5.root   | (None) | ad:53daa0ff | 3.840 GB   |          |
| cms:/store/data/Run2022B/SingleMuon/AOD/27Jun2023-v1/70000/06b3bf57-c221-43e0-8434-9d6be3f69063.root   | (None) | ad:d45a5a2f | 4.190 GB   |          |
| cms:/store/data/Run2022B/SingleMuon/AOD/27Jun2023-v1/70000/086e4db2-e3df-4a80-b3ad-04b50ca27752.root   | (None) | ad:97c719b1 | 3.361 GB   |          |
| cms:/store/data/Run2022B/SingleMuon/AOD/27Jun2023-v1/70000/0b54062e-a999-4729-b54c-455a513a408d.root   | (None) | ad:e39585f4 | 3.595 GB   |          |
| cms:/store/data/Run2022B/SingleMuon/AOD/27Jun2023-v1/70000/0eac3700-ae49-41a6-8eff-38aa3f220cb5.root   | (None) | ad:5c06a480 | 4.079 GB   |          |
| cms:/store/data/Run2022B/SingleMuon/AOD/27Jun2023-v1/70000/0f184b8f-50e6-4305-964c-9fecf9a8d944.root   | (None) | ad:643f8a5d | 3.880 GB   |          |
| cms:/store/data/Run2022B/SingleMuon/AOD/27Jun2023-v1/70000/111ae616-576c-4f53-b085-fc75b8c95c5e.root   | (None) | ad:6bee06c9 | 3.168 GB   |          |
| cms:/store/data/Run2022B/SingleMuon/AOD/27Jun2023-v1/70000/11cbd241-6437-48c0-9041-4a5bb003754b.root   | (None) | ad:56ccddd5 | 3.899 GB   |          |
| cms:/store/data/Run2022B/SingleMuon/AOD/27Jun2023-v1/70000/14bafa72-9694-44f2-8601-e7b77805e00b.root   | (None) | ad:477c9ab9 | 4.080 GB   |          |
| cms:/store/data/Run2022B/SingleMuon/AOD/27Jun2023-v1/70000/1cbb9c0e-ec2a-473a-808f-1410278df8cf.root   | (None) | ad:9ca28a45 | 3.647 GB   |          |
| cms:/store/data/Run2022B/SingleMuon/AOD/27Jun2023-v1/70000/1dfd0140-bfc5-4046-9c3f-51231e652b84.root   | (None) | ad:49c7fb58 | 3.899 GB   |          |
| cms:/store/data/Run2022B/SingleMuon/AOD/27Jun2023-v1/70000/29dabd76-6159-425b-ae5a-987ea486fc97.root   | (None) | ad:f76112cb | 2.863 GB   |          |
| cms:/store/data/Run2022B/SingleMuon/AOD/27Jun2023-v1/70000/2ab3c9e5-7b26-4339-b222-12285c827b6c.root   | (None) | ad:b10ae875 | 4.069 GB   |          |
| cms:/store/data/Run2022B/SingleMuon/AOD/27Jun2023-v1/70000/2eee1909-0a88-41c5-80bc-ac60aa7f2144.root   | (None) | ad:3e06c80f | 3.317 GB   |          |
| cms:/store/data/Run2022B/SingleMuon/AOD/27Jun2023-v1/70000/374d1fd6-1c22-4477-9de3-28c2885c2c8e.root   | (None) | ad:2906c2af | 3.434 GB   |          |
| cms:/store/data/Run2022B/SingleMuon/AOD/27Jun2023-v1/70000/382af971-1807-45f2-a349-92370542ab6f.root   | (None) | ad:f8b31db0 | 3.182 GB   |          |
| cms:/store/data/Run2022B/SingleMuon/AOD/27Jun2023-v1/70000/40399335-9d6b-4474-8c56-04efb375fd8b.root   | (None) | ad:9b8db91f | 4.180 GB   |          |
| cms:/store/data/Run2022B/SingleMuon/AOD/27Jun2023-v1/70000/430f4737-c116-445b-b65c-51719127d3a7.root   | (None) | ad:8def63c0 | 3.929 GB   |          |
| cms:/store/data/Run2022B/SingleMuon/AOD/27Jun2023-v1/70000/43b8e031-f435-4b89-838e-ced2a7667481.root   | (None) | ad:9cb82ad1 | 3.762 GB   |          |
| cms:/store/data/Run2022B/SingleMuon/AOD/27Jun2023-v1/70000/44969467-81c6-4408-ab9f-032a1c62df75.root   | (None) | ad:d68d31ef | 4.170 GB   |          |
| cms:/store/data/Run2022B/SingleMuon/AOD/27Jun2023-v1/70000/46b5a160-6621-4712-ae7c-dc2a81668d0c.root   | (None) | ad:cc6ae795 | 4.228 GB   |          |
| cms:/store/data/Run2022B/SingleMuon/AOD/27Jun2023-v1/70000/47f21ef6-f4b9-47de-a887-77f715ae940e.root   | (None) | ad:089a9129 | 4.002 GB   |          |
| cms:/store/data/Run2022B/SingleMuon/AOD/27Jun2023-v1/70000/4857a2e7-df0d-4b22-8413-e65eb5c4ca07.root   | (None) | ad:4138f399 | 3.866 GB   |          |
| cms:/store/data/Run2022B/SingleMuon/AOD/27Jun2023-v1/70000/50c77152-b27a-494d-805d-efd2cbb1b8e8.root   | (None) | ad:2b0f669b | 3.597 GB   |          |
| cms:/store/data/Run2022B/SingleMuon/AOD/27Jun2023-v1/70000/542d7137-1e5e-4e95-a02f-1a161f728667.root   | (None) | ad:60e2290a | 3.963 GB   |          |
| cms:/store/data/Run2022B/SingleMuon/AOD/27Jun2023-v1/70000/5820866c-01a1-4485-a8ee-54645981dc64.root   | (None) | ad:35a257b6 | 4.306 GB   |          |
| cms:/store/data/Run2022B/SingleMuon/AOD/27Jun2023-v1/70000/6c125a66-9909-4fcb-a488-e522c09eee64.root   | (None) | ad:36d30682 | 3.075 GB   |          |
| cms:/store/data/Run2022B/SingleMuon/AOD/27Jun2023-v1/70000/74d303e9-0f92-45f7-a81b-0ce7ead9f0bb.root   | (None) | ad:45fd5227 | 4.062 GB   |          |
| cms:/store/data/Run2022B/SingleMuon/AOD/27Jun2023-v1/70000/7d165886-50af-4975-a0d0-c58eda6457c3.root   | (None) | ad:f0bf9550 | 3.954 GB   |          |
| cms:/store/data/Run2022B/SingleMuon/AOD/27Jun2023-v1/70000/80d53674-14f4-4ab7-a7c5-53b31015d5cc.root   | (None) | ad:9e7fbb4a | 3.522 GB   |          |
| cms:/store/data/Run2022B/SingleMuon/AOD/27Jun2023-v1/70000/85fd2504-db7b-4985-b2c4-7df09a5042e2.root   | (None) | ad:375bf0cb | 3.236 GB   |          |
| cms:/store/data/Run2022B/SingleMuon/AOD/27Jun2023-v1/70000/863b5a54-0353-4518-adb4-2d575fc4ad08.root   | (None) | ad:c237ab7b | 3.192 GB   |          |
| cms:/store/data/Run2022B/SingleMuon/AOD/27Jun2023-v1/70000/86c8a402-3529-42c2-ac14-c3b76a6217b2.root   | (None) | ad:6934dce3 | 3.927 GB   |          |
| cms:/store/data/Run2022B/SingleMuon/AOD/27Jun2023-v1/70000/86c8bfd4-304b-4c4d-9d9f-6e43dbd4844f.root   | (None) | ad:d538c543 | 3.790 GB   |          |
| cms:/store/data/Run2022B/SingleMuon/AOD/27Jun2023-v1/70000/88a4db0b-7d37-4dfb-9922-6bb91c7e5484.root   | (None) | ad:a3be771c | 4.202 GB   |          |
| cms:/store/data/Run2022B/SingleMuon/AOD/27Jun2023-v1/70000/8d221885-6537-4dae-af9c-28e9538eff45.root   | (None) | ad:b71184f8 | 4.157 GB   |          |
| cms:/store/data/Run2022B/SingleMuon/AOD/27Jun2023-v1/70000/948fa91c-c709-4b39-b82a-2af50f9fbac6.root   | (None) | ad:5ee831cc | 3.258 GB   |          |
| cms:/store/data/Run2022B/SingleMuon/AOD/27Jun2023-v1/70000/9604dcb5-59b6-4934-9f0e-deb0fc34b8c0.root   | (None) | ad:a494a6ed | 4.304 GB   |          |
| cms:/store/data/Run2022B/SingleMuon/AOD/27Jun2023-v1/70000/9aa048a5-8bac-4707-9a0d-41c76b9d84d2.root   | (None) | ad:840f135f | 3.469 GB   |          |
| cms:/store/data/Run2022B/SingleMuon/AOD/27Jun2023-v1/70000/9c6db97c-d4ef-445d-b1b3-18d32bcd179b.root   | (None) | ad:0932c928 | 3.968 GB   |          |
| cms:/store/data/Run2022B/SingleMuon/AOD/27Jun2023-v1/70000/9cb8b43c-72a9-40bf-a1a4-ffb0527550bc.root   | (None) | ad:b97671a8 | 3.732 GB   |          |
| cms:/store/data/Run2022B/SingleMuon/AOD/27Jun2023-v1/70000/a38a225c-47da-471d-b723-68de7efe71dc.root   | (None) | ad:cdfc4810 | 3.901 GB   |          |
| cms:/store/data/Run2022B/SingleMuon/AOD/27Jun2023-v1/70000/a7a4e69a-a072-4711-ac5e-c17d538c7f32.root   | (None) | ad:e40872ce | 4.109 GB   |          |
| cms:/store/data/Run2022B/SingleMuon/AOD/27Jun2023-v1/70000/a834d8f6-6470-4f3d-9981-4d7336e0521f.root   | (None) | ad:b32f5038 | 3.742 GB   |          |
| cms:/store/data/Run2022B/SingleMuon/AOD/27Jun2023-v1/70000/a8c6582d-4f74-4696-af03-9f954a9ed3cb.root   | (None) | ad:2929dc69 | 3.821 GB   |          |
| cms:/store/data/Run2022B/SingleMuon/AOD/27Jun2023-v1/70000/ad1d6ad2-04d3-4b50-9d20-2dfa79671736.root   | (None) | ad:3739fabc | 3.672 GB   |          |
| cms:/store/data/Run2022B/SingleMuon/AOD/27Jun2023-v1/70000/ad55107b-db5e-4231-8623-6ed085264e6d.root   | (None) | ad:5f7c43a7 | 4.040 GB   |          |
| cms:/store/data/Run2022B/SingleMuon/AOD/27Jun2023-v1/70000/b05d007b-56bc-461f-90fe-fc6144ecbd9f.root   | (None) | ad:f2f6ac01 | 4.056 GB   |          |
| cms:/store/data/Run2022B/SingleMuon/AOD/27Jun2023-v1/70000/b1c219eb-a6d1-4dd9-901c-501c53f96521.root   | (None) | ad:9e0e4f78 | 3.855 GB   |          |
| cms:/store/data/Run2022B/SingleMuon/AOD/27Jun2023-v1/70000/b68dfdf2-e87a-4c71-be69-2b7f1970ef3f.root   | (None) | ad:625a82f7 | 3.889 GB   |          |
| cms:/store/data/Run2022B/SingleMuon/AOD/27Jun2023-v1/70000/b6fb5adc-a73d-4a13-8d75-742c9aecd8da.root   | (None) | ad:6b82c8b3 | 3.800 GB   |          |
| cms:/store/data/Run2022B/SingleMuon/AOD/27Jun2023-v1/70000/b8187f91-4e89-4090-8030-ca9fd5db4522.root   | (None) | ad:f0539a88 | 3.793 GB   |          |
| cms:/store/data/Run2022B/SingleMuon/AOD/27Jun2023-v1/70000/ba9fb63a-4892-4bbd-a49b-dbf00669e3c1.root   | (None) | ad:597f7ab3 | 3.769 GB   |          |
| cms:/store/data/Run2022B/SingleMuon/AOD/27Jun2023-v1/70000/bd93adfa-7749-4214-874c-35a9fa71302d.root   | (None) | ad:8e6c11b9 | 3.387 GB   |          |
| cms:/store/data/Run2022B/SingleMuon/AOD/27Jun2023-v1/70000/bdd1d2d4-28a3-4f57-969a-7599fa4a9d01.root   | (None) | ad:a91d52c5 | 3.414 GB   |          |
| cms:/store/data/Run2022B/SingleMuon/AOD/27Jun2023-v1/70000/c4264f2e-6716-4985-ae37-8325ce2f4f3a.root   | (None) | ad:379f3a3d | 3.884 GB   |          |
| cms:/store/data/Run2022B/SingleMuon/AOD/27Jun2023-v1/70000/c67f5e7b-c4eb-41dc-932c-e247044d247c.root   | (None) | ad:7f6e90fd | 3.962 GB   |          |
| cms:/store/data/Run2022B/SingleMuon/AOD/27Jun2023-v1/70000/cada7583-2773-4760-97ca-c34dac55a496.root   | (None) | ad:dd95e274 | 4.269 GB   |          |
| cms:/store/data/Run2022B/SingleMuon/AOD/27Jun2023-v1/70000/d0c3a468-2ee2-48ad-a514-0e13d1d2e981.root   | (None) | ad:dc1bd10a | 3.072 GB   |          |
| cms:/store/data/Run2022B/SingleMuon/AOD/27Jun2023-v1/70000/d107bd02-e9ce-48af-9ae2-55f138687279.root   | (None) | ad:a4970eee | 3.042 GB   |          |
| cms:/store/data/Run2022B/SingleMuon/AOD/27Jun2023-v1/70000/d13c9b0f-7eec-457c-af31-bb25c2cdd273.root   | (None) | ad:2ee4a1fb | 3.759 GB   |          |
| cms:/store/data/Run2022B/SingleMuon/AOD/27Jun2023-v1/70000/d5e9fc83-0d27-45e2-80c0-355eb2b4e877.root   | (None) | ad:64c3e0b3 | 4.313 GB   |          |
| cms:/store/data/Run2022B/SingleMuon/AOD/27Jun2023-v1/70000/d61ab333-08b9-4538-ab74-68eaa65bc560.root   | (None) | ad:5fc247e6 | 3.849 GB   |          |
| cms:/store/data/Run2022B/SingleMuon/AOD/27Jun2023-v1/70000/dd6c77f3-e8d3-4766-a5f6-8ca5f04d041f.root   | (None) | ad:8a60a757 | 3.574 GB   |          |
| cms:/store/data/Run2022B/SingleMuon/AOD/27Jun2023-v1/70000/df338889-9ada-409b-ba65-2cfce00ce1fa.root   | (None) | ad:4a01d1e7 | 3.753 GB   |          |
| cms:/store/data/Run2022B/SingleMuon/AOD/27Jun2023-v1/70000/e0c9e097-cf23-4cd2-a9af-0261ec57b1a3.root   | (None) | ad:bdd25b50 | 4.032 GB   |          |
| cms:/store/data/Run2022B/SingleMuon/AOD/27Jun2023-v1/70000/e119790d-3dfe-4a11-bacc-7fff1981f567.root   | (None) | ad:45fd3994 | 3.841 GB   |          |
| cms:/store/data/Run2022B/SingleMuon/AOD/27Jun2023-v1/70000/e3174a83-873f-4fbe-b203-d970be4544eb.root   | (None) | ad:13fc4089 | 4.178 GB   |          |
| cms:/store/data/Run2022B/SingleMuon/AOD/27Jun2023-v1/70000/e61f5a80-caf8-4d7f-9090-53415002dca0.root   | (None) | ad:f22b186e | 2.887 GB   |          |
| cms:/store/data/Run2022B/SingleMuon/AOD/27Jun2023-v1/70000/e69a9419-d5a8-4251-ba52-cd707c9b0598.root   | (None) | ad:3e61b138 | 3.081 GB   |          |
| cms:/store/data/Run2022B/SingleMuon/AOD/27Jun2023-v1/70000/ea61d187-7bc9-4318-9e11-05eac5e9b68f.root   | (None) | ad:fd73b7c3 | 3.829 GB   |          |
| cms:/store/data/Run2022B/SingleMuon/AOD/27Jun2023-v1/70000/ea8b2b61-c47a-4e21-acfd-d7573022a68d.root   | (None) | ad:ed4ebc95 | 3.938 GB   |          |
| cms:/store/data/Run2022B/SingleMuon/AOD/27Jun2023-v1/70000/edc1a5a7-e806-4f50-b7d4-34e11d1fce18.root   | (None) | ad:b41b14dc | 3.608 GB   |          |
| cms:/store/data/Run2022B/SingleMuon/AOD/27Jun2023-v1/70000/f2409c8f-1d58-4705-8b81-51a11e310fa2.root   | (None) | ad:00af9f9e | 3.140 GB   |          |
| cms:/store/data/Run2022B/SingleMuon/AOD/27Jun2023-v1/70000/f334f5b4-3995-4b23-a65a-0ff3113cc9e5.root   | (None) | ad:8690329c | 4.100 GB   |          |
| cms:/store/data/Run2022B/SingleMuon/AOD/27Jun2023-v1/70000/f50e310d-ee9b-484b-aff8-0fddf549d5a5.root   | (None) | ad:0e37f3aa | 3.865 GB   |          |
| cms:/store/data/Run2022B/SingleMuon/AOD/27Jun2023-v1/70000/f5121374-9ce1-435d-b191-079efdc7d6ad.root   | (None) | ad:a7438d04 | 3.944 GB   |          |
| cms:/store/data/Run2022B/SingleMuon/AOD/27Jun2023-v1/70000/f76b99d6-ab04-4fe7-9cef-77a98b99ab3e.root   | (None) | ad:e381ecca | 3.108 GB   |          |
| cms:/store/data/Run2022B/SingleMuon/AOD/27Jun2023-v1/70000/f7f8826f-576d-4e21-aab7-84bd0bedb4b6.root   | (None) | ad:61782667 | 4.303 GB   |          |
| cms:/store/data/Run2022B/SingleMuon/AOD/27Jun2023-v1/70000/fe1c385f-fd40-484d-847c-d18b689a846e.root   | (None) | ad:99b14693 | 4.199 GB   |          |
| cms:/store/data/Run2022B/SingleMuon/AOD/27Jun2023-v1/70000/fea39ce5-6058-49b4-a246-e4c7db602228.root   | (None) | ad:eaf52152 | 3.825 GB   |          |
| cms:/store/data/Run2022B/SingleMuon/AOD/27Jun2023-v1/70000/ff691886-6012-4d0e-b828-78000441652a.root   | (None) | ad:e77f1232 | 3.069 GB   |          |
| cms:/store/data/Run2022B/SingleMuon/AOD/27Jun2023-v1/2820000/0c5b2da9-0cfe-4206-9035-62be9ee268d9.root | (None) | ad:08b717d6 | 7.171 GB   |          |
| cms:/store/data/Run2022B/SingleMuon/AOD/27Jun2023-v1/2820000/684a242a-adc1-4d99-95f4-518e1c24d4f6.root | (None) | ad:5cd57087 | 3.375 MB   |          |
| cms:/store/data/Run2022B/SingleMuon/AOD/27Jun2023-v1/2820000/92293570-106e-4c78-8029-c3853b8f2537.root | (None) | ad:2c19694d | 139.828 MB |          |
| cms:/store/data/Run2022B/SingleMuon/AOD/27Jun2023-v1/2820000/457c3791-0987-44bc-bf4a-d247cb9f0187.root | (None) | ad:580cd5c7 | 278.933 MB |          |
+--------------------------------------------------------------------------------------------------------+--------+-------------+------------+----------+
Total files : 398
Total size : 1.491 TB
